mktextfm Arial
mktextfm Arial
mktextfm Arial
mktextfm Arial/BI
mktextfm Arial
mktextfm Arial/B
mktextfm Arial
mktextfm Arial/I
mktextfm Arial
mktextfm Arial
mktextfm Arial
mktextfm Arial
mktextfm Arial
mktextfm Arial/BI
mktextfm Arial
mktextfm Arial/B
mktextfm Arial
mktextfm Arial/I
mktextfm Arial
mktextfm Arial
mktextfm helvet
mktextfm helvet
mktextfm helvet
mktextfm helvet/BI
mktextfm helvet
mktextfm helvet/B
mktextfm helvet
mktextfm helvet/I
mktextfm helvet
mktextfm helvet
mktextfm helvet
mktextfm helvet
mktextfm helvet
mktextfm helvet/BI
mktextfm helvet
mktextfm helvet/B
mktextfm helvet
mktextfm helvet/I
mktextfm helvet
mktextfm helvet
