This is pdfTeX, Version 3.141592653-2.6-1.40.24 (TeX Live 2022/Arch Linux) (preloaded format=pdflatex 2022.5.3)  26 MAY 2022 00:55
entering extended mode
 restricted \write18 enabled.
 file:line:error style messages enabled.
 %&-line parsing enabled.
**aux_model.tex
(./aux_model.tex
LaTeX2e <2021-11-15> patch level 1
L3 programming layer <2022-04-10> (/usr/share/texmf-dist/tex/latex/beamer/beamer.cls
Document Class: beamer 2022/02/08 v3.66 A class for typesetting presentations
(/usr/share/texmf-dist/tex/latex/beamer/beamerbasemodes.sty (/usr/share/texmf-dist/tex/latex/etoolbox/etoolbox.sty
Package: etoolbox 2020/10/05 v2.5k e-TeX tools for LaTeX (JAW)
\etb@tempcnta=\count185
)
\beamer@tempbox=\box50
\beamer@tempcount=\count186
\c@beamerpauses=\count187
 (/usr/share/texmf-dist/tex/latex/beamer/beamerbasedecode.sty
\beamer@slideinframe=\count188
\beamer@minimum=\count189
\beamer@decode@box=\box51
)
\beamer@commentbox=\box52
\beamer@modecount=\count190
) (/usr/share/texmf-dist/tex/generic/iftex/iftex.sty
Package: iftex 2022/02/03 v1.0f TeX engine tests
)
\headdp=\dimen138
\footheight=\dimen139
\sidebarheight=\dimen140
\beamer@tempdim=\dimen141
\beamer@finalheight=\dimen142
\beamer@animht=\dimen143
\beamer@animdp=\dimen144
\beamer@animwd=\dimen145
\beamer@leftmargin=\dimen146
\beamer@rightmargin=\dimen147
\beamer@leftsidebar=\dimen148
\beamer@rightsidebar=\dimen149
\beamer@boxsize=\dimen150
\beamer@vboxoffset=\dimen151
\beamer@descdefault=\dimen152
\beamer@descriptionwidth=\dimen153
\beamer@lastskip=\skip47
\beamer@areabox=\box53
\beamer@animcurrent=\box54
\beamer@animshowbox=\box55
\beamer@sectionbox=\box56
\beamer@logobox=\box57
\beamer@linebox=\box58
\beamer@sectioncount=\count191
\beamer@subsubsectionmax=\count192
\beamer@subsectionmax=\count193
\beamer@sectionmax=\count194
\beamer@totalheads=\count195
\beamer@headcounter=\count196
\beamer@partstartpage=\count197
\beamer@sectionstartpage=\count198
\beamer@subsectionstartpage=\count199
\beamer@animationtempa=\count266
\beamer@animationtempb=\count267
\beamer@xpos=\count268
\beamer@ypos=\count269
\beamer@ypos@offset=\count270
\beamer@showpartnumber=\count271
\beamer@currentsubsection=\count272
\beamer@coveringdepth=\count273
\beamer@sectionadjust=\count274
\beamer@toclastsection=\count275
\beamer@tocsectionnumber=\count276
 (/usr/share/texmf-dist/tex/latex/beamer/beamerbaseoptions.sty (/usr/share/texmf-dist/tex/latex/graphics/keyval.sty
Package: keyval 2014/10/28 v1.15 key=value parser (DPC)
\KV@toks@=\toks16
))
\beamer@paperwidth=\skip48
\beamer@paperheight=\skip49
 (/usr/share/texmf-dist/tex/latex/geometry/geometry.sty
Package: geometry 2020/01/02 v5.9 Page Geometry
 (/usr/share/texmf-dist/tex/generic/iftex/ifvtex.sty
Package: ifvtex 2019/10/25 v1.7 ifvtex legacy package. Use iftex instead.
)
\Gm@cnth=\count277
\Gm@cntv=\count278
\c@Gm@tempcnt=\count279
\Gm@bindingoffset=\dimen154
\Gm@wd@mp=\dimen155
\Gm@odd@mp=\dimen156
\Gm@even@mp=\dimen157
\Gm@layoutwidth=\dimen158
\Gm@layoutheight=\dimen159
\Gm@layouthoffset=\dimen160
\Gm@layoutvoffset=\dimen161
\Gm@dimlist=\toks17
) (/usr/share/texmf-dist/tex/latex/pgf/math/pgfmath.sty (/usr/share/texmf-dist/tex/latex/pgf/utilities/pgfrcs.sty (/usr/share/texmf-dist/tex/generic/pgf/utilities/pgfutil-common.tex
\pgfutil@everybye=\toks18
\pgfutil@tempdima=\dimen162
\pgfutil@tempdimb=\dimen163
 (/usr/share/texmf-dist/tex/generic/pgf/utilities/pgfutil-common-lists.tex)) (/usr/share/texmf-dist/tex/generic/pgf/utilities/pgfutil-latex.def
\pgfutil@abb=\box59
) (/usr/share/texmf-dist/tex/generic/pgf/utilities/pgfrcs.code.tex (/usr/share/texmf-dist/tex/generic/pgf/pgf.revision.tex)
Package: pgfrcs 2021/05/15 v3.1.9a (3.1.9a)
)) (/usr/share/texmf-dist/tex/latex/pgf/utilities/pgfkeys.sty (/usr/share/texmf-dist/tex/generic/pgf/utilities/pgfkeys.code.tex
\pgfkeys@pathtoks=\toks19
\pgfkeys@temptoks=\toks20
 (/usr/share/texmf-dist/tex/generic/pgf/utilities/pgfkeysfiltered.code.tex
\pgfkeys@tmptoks=\toks21
))) (/usr/share/texmf-dist/tex/generic/pgf/math/pgfmath.code.tex (/usr/share/texmf-dist/tex/generic/pgf/math/pgfmathcalc.code.tex (/usr/share/texmf-dist/tex/generic/pgf/math/pgfmathutil.code.tex
\pgf@x=\dimen164
\pgf@xa=\dimen165
\pgf@xb=\dimen166
\pgf@xc=\dimen167
\pgf@y=\dimen168
\pgf@ya=\dimen169
\pgf@yb=\dimen170
\pgf@yc=\dimen171
\c@pgf@counta=\count280
\c@pgf@countb=\count281
\c@pgf@countc=\count282
\c@pgf@countd=\count283
) (/usr/share/texmf-dist/tex/generic/pgf/math/pgfmathparser.code.tex
\pgfmath@dimen=\dimen172
\pgfmath@count=\count284
\pgfmath@box=\box60
\pgfmath@toks=\toks22
\pgfmath@stack@operand=\toks23
\pgfmath@stack@operation=\toks24
) (/usr/share/texmf-dist/tex/generic/pgf/math/pgfmathfunctions.code.tex (/usr/share/texmf-dist/tex/generic/pgf/math/pgfmathfunctions.basic.code.tex) (/usr/share/texmf-dist/tex/generic/pgf/math/pgfmathfunctions.trigonometric.code.tex) (/usr/share/texmf-dist/tex/generic/pgf/math/pgfmathfunctions.random.code.tex) (/usr/share/texmf-dist/tex/generic/pgf/math/pgfmathfunctions.comparison.code.tex) (/usr/share/texmf-dist/tex/generic/pgf/math/pgfmathfunctions.base.code.tex) (/usr/share/texmf-dist/tex/generic/pgf/math/pgfmathfunctions.round.code.tex) (/usr/share/texmf-dist/tex/generic/pgf/math/pgfmathfunctions.misc.code.tex)
(/usr/share/texmf-dist/tex/generic/pgf/math/pgfmathfunctions.integerarithmetics.code.tex))) (/usr/share/texmf-dist/tex/generic/pgf/math/pgfmathfloat.code.tex
\c@pgfmathroundto@lastzeros=\count285
))) (/usr/share/texmf-dist/tex/latex/base/size11.clo
File: size11.clo 2021/10/04 v1.4n Standard LaTeX file (size option)
) (/usr/share/texmf-dist/tex/latex/pgf/basiclayer/pgfcore.sty (/usr/share/texmf-dist/tex/latex/graphics/graphicx.sty
Package: graphicx 2021/09/16 v1.2d Enhanced LaTeX Graphics (DPC,SPQR)
 (/usr/share/texmf-dist/tex/latex/graphics/graphics.sty
Package: graphics 2021/03/04 v1.4d Standard LaTeX Graphics (DPC,SPQR)
 (/usr/share/texmf-dist/tex/latex/graphics/trig.sty
Package: trig 2021/08/11 v1.11 sin cos tan (DPC)
) (/usr/share/texmf-dist/tex/latex/graphics-cfg/graphics.cfg
File: graphics.cfg 2016/06/04 v1.11 sample graphics configuration
)
Package graphics Info: Driver file: pdftex.def on input line 107.
 (/usr/share/texmf-dist/tex/latex/graphics-def/pdftex.def
File: pdftex.def 2020/10/05 v1.2a Graphics/color driver for pdftex
))
\Gin@req@height=\dimen173
\Gin@req@width=\dimen174
) (/usr/share/texmf-dist/tex/latex/pgf/systemlayer/pgfsys.sty (/usr/share/texmf-dist/tex/generic/pgf/systemlayer/pgfsys.code.tex
Package: pgfsys 2021/05/15 v3.1.9a (3.1.9a)
 (/usr/share/texmf-dist/tex/generic/pgf/utilities/pgfkeys.code.tex)
\pgf@x=\dimen175
\pgf@y=\dimen176
\pgf@xa=\dimen177
\pgf@ya=\dimen178
\pgf@xb=\dimen179
\pgf@yb=\dimen180
\pgf@xc=\dimen181
\pgf@yc=\dimen182
\pgf@xd=\dimen183
\pgf@yd=\dimen184
\w@pgf@writea=\write3
\r@pgf@reada=\read2
\c@pgf@counta=\count286
\c@pgf@countb=\count287
\c@pgf@countc=\count288
\c@pgf@countd=\count289
\t@pgf@toka=\toks25
\t@pgf@tokb=\toks26
\t@pgf@tokc=\toks27
\pgf@sys@id@count=\count290
 (/usr/share/texmf-dist/tex/generic/pgf/systemlayer/pgf.cfg
File: pgf.cfg 2021/05/15 v3.1.9a (3.1.9a)
)
Driver file for pgf: pgfsys-pdftex.def
 (/usr/share/texmf-dist/tex/generic/pgf/systemlayer/pgfsys-pdftex.def
File: pgfsys-pdftex.def 2021/05/15 v3.1.9a (3.1.9a)
 (/usr/share/texmf-dist/tex/generic/pgf/systemlayer/pgfsys-common-pdf.def
File: pgfsys-common-pdf.def 2021/05/15 v3.1.9a (3.1.9a)
))) (/usr/share/texmf-dist/tex/generic/pgf/systemlayer/pgfsyssoftpath.code.tex
File: pgfsyssoftpath.code.tex 2021/05/15 v3.1.9a (3.1.9a)
\pgfsyssoftpath@smallbuffer@items=\count291
\pgfsyssoftpath@bigbuffer@items=\count292
) (/usr/share/texmf-dist/tex/generic/pgf/systemlayer/pgfsysprotocol.code.tex
File: pgfsysprotocol.code.tex 2021/05/15 v3.1.9a (3.1.9a)
)) (/usr/share/texmf-dist/tex/latex/xcolor/xcolor.sty
Package: xcolor 2021/10/31 v2.13 LaTeX color extensions (UK)
 (/usr/share/texmf-dist/tex/latex/graphics-cfg/color.cfg
File: color.cfg 2016/01/02 v1.6 sample color configuration
)
Package xcolor Info: Driver file: pdftex.def on input line 227.
Package xcolor Info: Model `cmy' substituted by `cmy0' on input line 1352.
Package xcolor Info: Model `hsb' substituted by `rgb' on input line 1356.
Package xcolor Info: Model `RGB' extended on input line 1368.
Package xcolor Info: Model `HTML' substituted by `rgb' on input line 1370.
Package xcolor Info: Model `Hsb' substituted by `hsb' on input line 1371.
Package xcolor Info: Model `tHsb' substituted by `hsb' on input line 1372.
Package xcolor Info: Model `HSB' substituted by `hsb' on input line 1373.
Package xcolor Info: Model `Gray' substituted by `gray' on input line 1374.
Package xcolor Info: Model `wave' substituted by `hsb' on input line 1375.
) (/usr/share/texmf-dist/tex/generic/pgf/basiclayer/pgfcore.code.tex
Package: pgfcore 2021/05/15 v3.1.9a (3.1.9a)
 (/usr/share/texmf-dist/tex/generic/pgf/math/pgfmath.code.tex) (/usr/share/texmf-dist/tex/generic/pgf/math/pgfint.code.tex) (/usr/share/texmf-dist/tex/generic/pgf/basiclayer/pgfcorepoints.code.tex
File: pgfcorepoints.code.tex 2021/05/15 v3.1.9a (3.1.9a)
\pgf@picminx=\dimen185
\pgf@picmaxx=\dimen186
\pgf@picminy=\dimen187
\pgf@picmaxy=\dimen188
\pgf@pathminx=\dimen189
\pgf@pathmaxx=\dimen190
\pgf@pathminy=\dimen191
\pgf@pathmaxy=\dimen192
\pgf@xx=\dimen193
\pgf@xy=\dimen194
\pgf@yx=\dimen195
\pgf@yy=\dimen196
\pgf@zx=\dimen197
\pgf@zy=\dimen198
) (/usr/share/texmf-dist/tex/generic/pgf/basiclayer/pgfcorepathconstruct.code.tex
File: pgfcorepathconstruct.code.tex 2021/05/15 v3.1.9a (3.1.9a)
\pgf@path@lastx=\dimen199
\pgf@path@lasty=\dimen256
) (/usr/share/texmf-dist/tex/generic/pgf/basiclayer/pgfcorepathusage.code.tex
File: pgfcorepathusage.code.tex 2021/05/15 v3.1.9a (3.1.9a)
\pgf@shorten@end@additional=\dimen257
\pgf@shorten@start@additional=\dimen258
) (/usr/share/texmf-dist/tex/generic/pgf/basiclayer/pgfcorescopes.code.tex
File: pgfcorescopes.code.tex 2021/05/15 v3.1.9a (3.1.9a)
\pgfpic=\box61
\pgf@hbox=\box62
\pgf@layerbox@main=\box63
\pgf@picture@serial@count=\count293
) (/usr/share/texmf-dist/tex/generic/pgf/basiclayer/pgfcoregraphicstate.code.tex
File: pgfcoregraphicstate.code.tex 2021/05/15 v3.1.9a (3.1.9a)
\pgflinewidth=\dimen259
) (/usr/share/texmf-dist/tex/generic/pgf/basiclayer/pgfcoretransformations.code.tex
File: pgfcoretransformations.code.tex 2021/05/15 v3.1.9a (3.1.9a)
\pgf@pt@x=\dimen260
\pgf@pt@y=\dimen261
\pgf@pt@temp=\dimen262
) (/usr/share/texmf-dist/tex/generic/pgf/basiclayer/pgfcorequick.code.tex
File: pgfcorequick.code.tex 2021/05/15 v3.1.9a (3.1.9a)
)
(/usr/share/texmf-dist/tex/generic/pgf/basiclayer/pgfcoreobjects.code.tex
File: pgfcoreobjects.code.tex 2021/05/15 v3.1.9a (3.1.9a)
) (/usr/share/texmf-dist/tex/generic/pgf/basiclayer/pgfcorepathprocessing.code.tex
File: pgfcorepathprocessing.code.tex 2021/05/15 v3.1.9a (3.1.9a)
) (/usr/share/texmf-dist/tex/generic/pgf/basiclayer/pgfcorearrows.code.tex
File: pgfcorearrows.code.tex 2021/05/15 v3.1.9a (3.1.9a)
\pgfarrowsep=\dimen263
) (/usr/share/texmf-dist/tex/generic/pgf/basiclayer/pgfcoreshade.code.tex
File: pgfcoreshade.code.tex 2021/05/15 v3.1.9a (3.1.9a)
\pgf@max=\dimen264
\pgf@sys@shading@range@num=\count294
\pgf@shadingcount=\count295
) (/usr/share/texmf-dist/tex/generic/pgf/basiclayer/pgfcoreimage.code.tex
File: pgfcoreimage.code.tex 2021/05/15 v3.1.9a (3.1.9a)
 (/usr/share/texmf-dist/tex/generic/pgf/basiclayer/pgfcoreexternal.code.tex
File: pgfcoreexternal.code.tex 2021/05/15 v3.1.9a (3.1.9a)
\pgfexternal@startupbox=\box64
)) (/usr/share/texmf-dist/tex/generic/pgf/basiclayer/pgfcorelayers.code.tex
File: pgfcorelayers.code.tex 2021/05/15 v3.1.9a (3.1.9a)
) (/usr/share/texmf-dist/tex/generic/pgf/basiclayer/pgfcoretransparency.code.tex
File: pgfcoretransparency.code.tex 2021/05/15 v3.1.9a (3.1.9a)
) (/usr/share/texmf-dist/tex/generic/pgf/basiclayer/pgfcorepatterns.code.tex
File: pgfcorepatterns.code.tex 2021/05/15 v3.1.9a (3.1.9a)
) (/usr/share/texmf-dist/tex/generic/pgf/basiclayer/pgfcorerdf.code.tex
File: pgfcorerdf.code.tex 2021/05/15 v3.1.9a (3.1.9a)
))) (/usr/share/texmf-dist/tex/latex/pgf/utilities/xxcolor.sty
Package: xxcolor 2003/10/24 ver 0.1
\XC@nummixins=\count296
\XC@countmixins=\count297
) (/usr/share/texmf-dist/tex/latex/base/atbegshi-ltx.sty
Package: atbegshi-ltx 2021/01/10 v1.0c Emulation of the original atbegshi
package with kernel methods
) (/usr/share/texmf-dist/tex/latex/hyperref/hyperref.sty
Package: hyperref 2022-02-21 v7.00n Hypertext links for LaTeX
 (/usr/share/texmf-dist/tex/generic/ltxcmds/ltxcmds.sty
Package: ltxcmds 2020-05-10 v1.25 LaTeX kernel commands for general use (HO)
) (/usr/share/texmf-dist/tex/generic/pdftexcmds/pdftexcmds.sty
Package: pdftexcmds 2020-06-27 v0.33 Utility functions of pdfTeX for LuaTeX (HO)
 (/usr/share/texmf-dist/tex/generic/infwarerr/infwarerr.sty
Package: infwarerr 2019/12/03 v1.5 Providing info/warning/error messages (HO)
)
Package pdftexcmds Info: \pdf@primitive is available.
Package pdftexcmds Info: \pdf@ifprimitive is available.
Package pdftexcmds Info: \pdfdraftmode found.
) (/usr/share/texmf-dist/tex/generic/kvsetkeys/kvsetkeys.sty
Package: kvsetkeys 2019/12/15 v1.18 Key value parser (HO)
) (/usr/share/texmf-dist/tex/generic/kvdefinekeys/kvdefinekeys.sty
Package: kvdefinekeys 2019-12-19 v1.6 Define keys (HO)
) (/usr/share/texmf-dist/tex/generic/pdfescape/pdfescape.sty
Package: pdfescape 2019/12/09 v1.15 Implements pdfTeX's escape features (HO)
) (/usr/share/texmf-dist/tex/latex/hycolor/hycolor.sty
Package: hycolor 2020-01-27 v1.10 Color options for hyperref/bookmark (HO)
) (/usr/share/texmf-dist/tex/latex/letltxmacro/letltxmacro.sty
Package: letltxmacro 2019/12/03 v1.6 Let assignment for LaTeX macros (HO)
) (/usr/share/texmf-dist/tex/latex/auxhook/auxhook.sty
Package: auxhook 2019-12-17 v1.6 Hooks for auxiliary files (HO)
) (/usr/share/texmf-dist/tex/latex/kvoptions/kvoptions.sty
Package: kvoptions 2020-10-07 v3.14 Key value format for package options (HO)
)
\@linkdim=\dimen265
\Hy@linkcounter=\count298
\Hy@pagecounter=\count299
 (/usr/share/texmf-dist/tex/latex/hyperref/pd1enc.def
File: pd1enc.def 2022-02-21 v7.00n Hyperref: PDFDocEncoding definition (HO)
Now handling font encoding PD1 ...
... no UTF-8 mapping file for font encoding PD1
) (/usr/share/texmf-dist/tex/generic/intcalc/intcalc.sty
Package: intcalc 2019/12/15 v1.3 Expandable calculations with integers (HO)
) (/usr/share/texmf-dist/tex/generic/etexcmds/etexcmds.sty
Package: etexcmds 2019/12/15 v1.7 Avoid name clashes with e-TeX commands (HO)
)
\Hy@SavedSpaceFactor=\count300
 (/usr/share/texmf-dist/tex/latex/hyperref/puenc.def
File: puenc.def 2022-02-21 v7.00n Hyperref: PDF Unicode definition (HO)
Now handling font encoding PU ...
... no UTF-8 mapping file for font encoding PU
)
Package hyperref Info: Option `bookmarks' set `true' on input line 4018.
Package hyperref Info: Option `bookmarksopen' set `true' on input line 4018.
Package hyperref Info: Option `implicit' set `false' on input line 4018.
Package hyperref Info: Hyper figures OFF on input line 4137.
Package hyperref Info: Link nesting OFF on input line 4142.
Package hyperref Info: Hyper index ON on input line 4145.
Package hyperref Info: Plain pages OFF on input line 4152.
Package hyperref Info: Backreferencing OFF on input line 4157.
Package hyperref Info: Implicit mode OFF; no redefinition of LaTeX internals.
Package hyperref Info: Bookmarks ON on input line 4390.
\c@Hy@tempcnt=\count301
 (/usr/share/texmf-dist/tex/latex/url/url.sty
\Urlmuskip=\muskip16
Package: url 2013/09/16  ver 3.4  Verb mode for urls, etc.
)
LaTeX Info: Redefining \url on input line 4749.
\XeTeXLinkMargin=\dimen266
 (/usr/share/texmf-dist/tex/generic/bitset/bitset.sty
Package: bitset 2019/12/09 v1.3 Handle bit-vector datatype (HO)
 (/usr/share/texmf-dist/tex/generic/bigintcalc/bigintcalc.sty
Package: bigintcalc 2019/12/15 v1.5 Expandable calculations on big integers (HO)
))
\Fld@menulength=\count302
\Field@Width=\dimen267
\Fld@charsize=\dimen268
Package hyperref Info: Hyper figures OFF on input line 6027.
Package hyperref Info: Link nesting OFF on input line 6032.
Package hyperref Info: Hyper index ON on input line 6035.
Package hyperref Info: backreferencing OFF on input line 6042.
Package hyperref Info: Link coloring OFF on input line 6047.
Package hyperref Info: Link coloring with OCG OFF on input line 6052.
Package hyperref Info: PDF/A mode OFF on input line 6057.
LaTeX Info: Redefining \ref on input line 6097.
LaTeX Info: Redefining \pageref on input line 6101.
\Hy@abspage=\count303


Package hyperref Message: Stopped early.

)
Package hyperref Info: Driver (autodetected): hpdftex.
 (/usr/share/texmf-dist/tex/latex/hyperref/hpdftex.def
File: hpdftex.def 2022-02-21 v7.00n Hyperref driver for pdfTeX
 (/usr/share/texmf-dist/tex/latex/base/atveryend-ltx.sty
Package: atveryend-ltx 2020/08/19 v1.0a Emulation of the original atveryend package
with kernel methods
)
\Fld@listcount=\count304
\c@bookmark@seq@number=\count305
 (/usr/share/texmf-dist/tex/latex/rerunfilecheck/rerunfilecheck.sty
Package: rerunfilecheck 2019/12/05 v1.9 Rerun checks for auxiliary files (HO)
 (/usr/share/texmf-dist/tex/generic/uniquecounter/uniquecounter.sty
Package: uniquecounter 2019/12/15 v1.4 Provide unlimited unique counter (HO)
)
Package uniquecounter Info: New unique counter `rerunfilecheck' on input line 286.
)) (/usr/share/texmf-dist/tex/latex/beamer/beamerbaserequires.sty (/usr/share/texmf-dist/tex/latex/beamer/beamerbasecompatibility.sty) (/usr/share/texmf-dist/tex/latex/beamer/beamerbasefont.sty (/usr/share/texmf-dist/tex/latex/amsfonts/amssymb.sty
Package: amssymb 2013/01/14 v3.01 AMS font symbols
 (/usr/share/texmf-dist/tex/latex/amsfonts/amsfonts.sty
Package: amsfonts 2013/01/14 v3.01 Basic AMSFonts support
\@emptytoks=\toks28
\symAMSa=\mathgroup4
\symAMSb=\mathgroup5
LaTeX Font Info:    Redeclaring math symbol \hbar on input line 98.
LaTeX Font Info:    Overwriting math alphabet `\mathfrak' in version `bold'
(Font)                  U/euf/m/n --> U/euf/b/n on input line 106.
))) (/usr/share/texmf-dist/tex/latex/beamer/beamerbasetranslator.sty (/usr/share/texmf-dist/tex/latex/translator/translator.sty
Package: translator 2021-05-31 v1.12d Easy translation of strings in LaTeX
)) (/usr/share/texmf-dist/tex/latex/beamer/beamerbasemisc.sty) (/usr/share/texmf-dist/tex/latex/beamer/beamerbasetwoscreens.sty) (/usr/share/texmf-dist/tex/latex/beamer/beamerbaseoverlay.sty
\beamer@argscount=\count306
\beamer@lastskipcover=\skip50
\beamer@trivlistdepth=\count307
) (/usr/share/texmf-dist/tex/latex/beamer/beamerbasetitle.sty) (/usr/share/texmf-dist/tex/latex/beamer/beamerbasesection.sty
\c@lecture=\count308
\c@part=\count309
\c@section=\count310
\c@subsection=\count311
\c@subsubsection=\count312
) (/usr/share/texmf-dist/tex/latex/beamer/beamerbaseframe.sty
\beamer@framebox=\box65
\beamer@frametitlebox=\box66
\beamer@zoombox=\box67
\beamer@zoomcount=\count313
\beamer@zoomframecount=\count314
\beamer@frametextheight=\dimen269
\c@subsectionslide=\count315
\beamer@frametopskip=\skip51
\beamer@framebottomskip=\skip52
\beamer@frametopskipautobreak=\skip53
\beamer@framebottomskipautobreak=\skip54
\beamer@envbody=\toks29
\framewidth=\dimen270
\c@framenumber=\count316
) (/usr/share/texmf-dist/tex/latex/beamer/beamerbaseverbatim.sty
\beamer@verbatimfileout=\write4
) (/usr/share/texmf-dist/tex/latex/beamer/beamerbaseframesize.sty
\beamer@splitbox=\box68
\beamer@autobreakcount=\count317
\beamer@autobreaklastheight=\dimen271
\beamer@frametitletoks=\toks30
\beamer@framesubtitletoks=\toks31
) (/usr/share/texmf-dist/tex/latex/beamer/beamerbaseframecomponents.sty
\beamer@footins=\box69
) (/usr/share/texmf-dist/tex/latex/beamer/beamerbasecolor.sty) (/usr/share/texmf-dist/tex/latex/beamer/beamerbasenotes.sty
\beamer@frameboxcopy=\box70
) (/usr/share/texmf-dist/tex/latex/beamer/beamerbasetoc.sty) (/usr/share/texmf-dist/tex/latex/beamer/beamerbasetemplates.sty
\beamer@sbttoks=\toks32
 (/usr/share/texmf-dist/tex/latex/beamer/beamerbaseauxtemplates.sty (/usr/share/texmf-dist/tex/latex/beamer/beamerbaseboxes.sty
\bmb@box=\box71
\bmb@colorbox=\box72
\bmb@boxwidth=\dimen272
\bmb@boxheight=\dimen273
\bmb@prevheight=\dimen274
\bmb@temp=\dimen275
\bmb@dima=\dimen276
\bmb@dimb=\dimen277
\bmb@prevheight=\dimen278
)
\beamer@blockheadheight=\dimen279
)) (/usr/share/texmf-dist/tex/latex/beamer/beamerbaselocalstructure.sty (/usr/share/texmf-dist/tex/latex/tools/enumerate.sty
Package: enumerate 2015/07/23 v3.00 enumerate extensions (DPC)
\@enLab=\toks33
)
\beamer@bibiconwidth=\skip55
\c@figure=\count318
\c@table=\count319
\abovecaptionskip=\skip56
\belowcaptionskip=\skip57
) (/usr/share/texmf-dist/tex/latex/beamer/beamerbasenavigation.sty
\beamer@section@min@dim=\dimen280
) (/usr/share/texmf-dist/tex/latex/beamer/beamerbasetheorems.sty (/usr/share/texmf-dist/tex/latex/amsmath/amsmath.sty
Package: amsmath 2021/10/15 v2.17l AMS math features
\@mathmargin=\skip58

For additional information on amsmath, use the `?' option.
(/usr/share/texmf-dist/tex/latex/amsmath/amstext.sty
Package: amstext 2021/08/26 v2.01 AMS text
 (/usr/share/texmf-dist/tex/latex/amsmath/amsgen.sty
File: amsgen.sty 1999/11/30 v2.0 generic functions
\@emptytoks=\toks34
\ex@=\dimen281
)) (/usr/share/texmf-dist/tex/latex/amsmath/amsbsy.sty
Package: amsbsy 1999/11/29 v1.2d Bold Symbols
\pmbraise@=\dimen282
) (/usr/share/texmf-dist/tex/latex/amsmath/amsopn.sty
Package: amsopn 2021/08/26 v2.02 operator names
)
\inf@bad=\count320
LaTeX Info: Redefining \frac on input line 234.
\uproot@=\count321
\leftroot@=\count322
LaTeX Info: Redefining \overline on input line 399.
\classnum@=\count323
\DOTSCASE@=\count324
LaTeX Info: Redefining \ldots on input line 496.
LaTeX Info: Redefining \dots on input line 499.
LaTeX Info: Redefining \cdots on input line 620.
\Mathstrutbox@=\box73
\strutbox@=\box74
\big@size=\dimen283
LaTeX Font Info:    Redeclaring font encoding OML on input line 743.
LaTeX Font Info:    Redeclaring font encoding OMS on input line 744.
\macc@depth=\count325
\c@MaxMatrixCols=\count326
\dotsspace@=\muskip17
\c@parentequation=\count327
\dspbrk@lvl=\count328
\tag@help=\toks35
\row@=\count329
\column@=\count330
\maxfields@=\count331
\andhelp@=\toks36
\eqnshift@=\dimen284
\alignsep@=\dimen285
\tagshift@=\dimen286
\tagwidth@=\dimen287
\totwidth@=\dimen288
\lineht@=\dimen289
\@envbody=\toks37
\multlinegap=\skip59
\multlinetaggap=\skip60
\mathdisplay@stack=\toks38
LaTeX Info: Redefining \[ on input line 2938.
LaTeX Info: Redefining \] on input line 2939.
) (/usr/share/texmf-dist/tex/latex/amscls/amsthm.sty
Package: amsthm 2020/05/29 v2.20.6
\thm@style=\toks39
\thm@bodyfont=\toks40
\thm@headfont=\toks41
\thm@notefont=\toks42
\thm@headpunct=\toks43
\thm@preskip=\skip61
\thm@postskip=\skip62
\thm@headsep=\skip63
\dth@everypar=\toks44
)
\c@theorem=\count332
) (/usr/share/texmf-dist/tex/latex/beamer/beamerbasethemes.sty)) (/usr/share/texmf-dist/tex/latex/beamer/beamerthemedefault.sty (/usr/share/texmf-dist/tex/latex/beamer/beamerfontthemedefault.sty) (/usr/share/texmf-dist/tex/latex/beamer/beamercolorthemedefault.sty) (/usr/share/texmf-dist/tex/latex/beamer/beamerinnerthemedefault.sty
\beamer@dima=\dimen290
\beamer@dimb=\dimen291
) (/usr/share/texmf-dist/tex/latex/beamer/beamerouterthemedefault.sty))) (/usr/share/texmf-dist/tex/latex/braket/braket.sty) (/usr/share/texmf-dist/tex/latex/textpos/textpos.sty
Package: textpos 2020/09/26 v1.10

Package: textpos 2020/09/26 1.10, absolute positioning of text on the page
Package textpos Info: choosing support for LaTeX3 on input line 61.
\TP@textbox=\box75
\TP@holdbox=\box76
\TPHorizModule=\dimen292
\TPVertModule=\dimen293
\TP@margin=\dimen294
\TP@absmargin=\dimen295
Grid set 16 x 16 = 28.45274pt x 16.00467pt
\TPboxrulesize=\dimen296
\TP@ox=\dimen297
\TP@oy=\dimen298
\TP@tbargs=\toks45
TextBlockOrigin set to 0pt x 0pt
) (/usr/share/texmf-dist/tex/latex/beamertheme-metropolis/beamerthememetropolis.sty
Package: beamerthememetropolis 2017/01/23 v1.2 Metropolis Beamer theme
 (/usr/share/texmf-dist/tex/latex/pgfopts/pgfopts.sty
Package: pgfopts 2014/07/10 v2.1a LaTeX package options with pgfkeys
\pgfopts@list@add@a@toks=\toks46
\pgfopts@list@add@b@toks=\toks47
) (/usr/share/texmf-dist/tex/latex/beamertheme-metropolis/beamerinnerthememetropolis.sty
Package: beamerinnerthememetropolis 2017/01/23 Metropolis inner theme
 (/usr/share/texmf-dist/tex/latex/tools/calc.sty
Package: calc 2017/05/25 v4.3 Infix arithmetic (KKT,FJ)
\calc@Acount=\count333
\calc@Bcount=\count334
\calc@Adimen=\dimen299
\calc@Bdimen=\dimen300
\calc@Askip=\skip64
\calc@Bskip=\skip65
LaTeX Info: Redefining \setlength on input line 80.
LaTeX Info: Redefining \addtolength on input line 81.
\calc@Ccount=\count335
\calc@Cskip=\skip66
) (/usr/share/texmf-dist/tex/latex/pgf/frontendlayer/tikz.sty (/usr/share/texmf-dist/tex/latex/pgf/basiclayer/pgf.sty
Package: pgf 2021/05/15 v3.1.9a (3.1.9a)
 (/usr/share/texmf-dist/tex/generic/pgf/modules/pgfmoduleshapes.code.tex
File: pgfmoduleshapes.code.tex 2021/05/15 v3.1.9a (3.1.9a)
\pgfnodeparttextbox=\box77
) (/usr/share/texmf-dist/tex/generic/pgf/modules/pgfmoduleplot.code.tex
File: pgfmoduleplot.code.tex 2021/05/15 v3.1.9a (3.1.9a)
) (/usr/share/texmf-dist/tex/latex/pgf/compatibility/pgfcomp-version-0-65.sty
Package: pgfcomp-version-0-65 2021/05/15 v3.1.9a (3.1.9a)
\pgf@nodesepstart=\dimen301
\pgf@nodesepend=\dimen302
) (/usr/share/texmf-dist/tex/latex/pgf/compatibility/pgfcomp-version-1-18.sty
Package: pgfcomp-version-1-18 2021/05/15 v3.1.9a (3.1.9a)
)) (/usr/share/texmf-dist/tex/latex/pgf/utilities/pgffor.sty (/usr/share/texmf-dist/tex/generic/pgf/utilities/pgffor.code.tex
Package: pgffor 2021/05/15 v3.1.9a (3.1.9a)
 (/usr/share/texmf-dist/tex/generic/pgf/math/pgfmath.code.tex)
\pgffor@iter=\dimen303
\pgffor@skip=\dimen304
\pgffor@stack=\toks48
\pgffor@toks=\toks49
)) (/usr/share/texmf-dist/tex/generic/pgf/frontendlayer/tikz/tikz.code.tex
Package: tikz 2021/05/15 v3.1.9a (3.1.9a)
 (/usr/share/texmf-dist/tex/generic/pgf/libraries/pgflibraryplothandlers.code.tex
File: pgflibraryplothandlers.code.tex 2021/05/15 v3.1.9a (3.1.9a)
\pgf@plot@mark@count=\count336
\pgfplotmarksize=\dimen305
)
\tikz@lastx=\dimen306
\tikz@lasty=\dimen307
\tikz@lastxsaved=\dimen308
\tikz@lastysaved=\dimen309
\tikz@lastmovetox=\dimen310
\tikz@lastmovetoy=\dimen311
\tikzleveldistance=\dimen312
\tikzsiblingdistance=\dimen313
\tikz@figbox=\box78
\tikz@figbox@bg=\box79
\tikz@tempbox=\box80
\tikz@tempbox@bg=\box81
\tikztreelevel=\count337
\tikznumberofchildren=\count338
\tikznumberofcurrentchild=\count339
\tikz@fig@count=\count340
 (/usr/share/texmf-dist/tex/generic/pgf/modules/pgfmodulematrix.code.tex
File: pgfmodulematrix.code.tex 2021/05/15 v3.1.9a (3.1.9a)
\pgfmatrixcurrentrow=\count341
\pgfmatrixcurrentcolumn=\count342
\pgf@matrix@numberofcolumns=\count343
)
\tikz@expandcount=\count344
 (/usr/share/texmf-dist/tex/generic/pgf/frontendlayer/tikz/libraries/tikzlibrarytopaths.code.tex
File: tikzlibrarytopaths.code.tex 2021/05/15 v3.1.9a (3.1.9a)
)))
\metropolis@titleseparator@linewidth=\skip67
\metropolis@progressonsectionpage=\skip68
\metropolis@progressonsectionpage@linewidth=\skip69
\metropolis@blocksep=\skip70
\metropolis@blockadjust=\skip71
\metropolis@parskip=\skip72
) (/usr/share/texmf-dist/tex/latex/beamertheme-metropolis/beamerouterthememetropolis.sty
Package: beamerouterthememetropolis 2017/01/23 Metropolis outer theme
\metropolis@frametitle@padding=\skip73
\metropolis@progressinheadfoot=\skip74
\metropolis@progressinheadfoot@linewidth=\skip75
) (/usr/share/texmf-dist/tex/latex/beamertheme-metropolis/beamercolorthememetropolis.sty
Package: beamercolorthememetropolis 2017/01/23 Metropolis color theme
) (/usr/share/texmf-dist/tex/latex/beamertheme-metropolis/beamerfontthememetropolis.sty
Package: beamerfontthememetropolis 2017/01/23 Metropolis font theme
 (/usr/share/texmf-dist/tex/generic/iftex/ifxetex.sty
Package: ifxetex 2019/10/25 v0.7 ifxetex legacy package. Use iftex instead.
) (/usr/share/texmf-dist/tex/generic/iftex/ifluatex.sty
Package: ifluatex 2019/10/25 v1.5 ifluatex legacy package. Use iftex instead.
)

Package beamerthememetropolis Warning: You need to compile with XeLaTeX or LuaLaTeX to use the Fira fonts on input line 95.

)) (/usr/share/texmf-dist/tex/latex/biblatex/biblatex.sty
Package: biblatex 2022/02/02 v3.17 programmable bibliographies (PK/MW)
 (/usr/share/texmf-dist/tex/latex/logreq/logreq.sty
Package: logreq 2010/08/04 v1.0 xml request logger
\lrq@indent=\count345
 (/usr/share/texmf-dist/tex/latex/logreq/logreq.def
File: logreq.def 2010/08/04 v1.0 logreq spec v1.0
)) (/usr/share/texmf-dist/tex/latex/base/ifthen.sty
Package: ifthen 2020/11/24 v1.1c Standard LaTeX ifthen package (DPC)
)
\c@tabx@nest=\count346
\c@listtotal=\count347
\c@listcount=\count348
\c@liststart=\count349
\c@liststop=\count350
\c@citecount=\count351
\c@citetotal=\count352
\c@multicitecount=\count353
\c@multicitetotal=\count354
\c@instcount=\count355
\c@maxnames=\count356
\c@minnames=\count357
\c@maxitems=\count358
\c@minitems=\count359
\c@citecounter=\count360
\c@maxcitecounter=\count361
\c@savedcitecounter=\count362
\c@uniquelist=\count363
\c@uniquename=\count364
\c@refsection=\count365
\c@refsegment=\count366
\c@maxextratitle=\count367
\c@maxextratitleyear=\count368
\c@maxextraname=\count369
\c@maxextradate=\count370
\c@maxextraalpha=\count371
\c@abbrvpenalty=\count372
\c@highnamepenalty=\count373
\c@lownamepenalty=\count374
\c@maxparens=\count375
\c@parenlevel=\count376
\blx@tempcnta=\count377
\blx@tempcntb=\count378
\blx@tempcntc=\count379
\c@blx@maxsection=\count380
\c@blx@maxsegment@0=\count381
\blx@notetype=\count382
\blx@parenlevel@text=\count383
\blx@parenlevel@foot=\count384
\c@blx@sectionciteorder@0=\count385
\blx@entrysetcounter=\count386
\blx@biblioinstance=\count387
\labelnumberwidth=\skip76
\labelalphawidth=\skip77
\biblabelsep=\skip78
\bibitemsep=\skip79
\bibnamesep=\skip80
\bibinitsep=\skip81
\bibparsep=\skip82
\bibhang=\skip83
\blx@bcfin=\read3
\blx@bcfout=\write5
\blx@langwohyphens=\language87
\c@mincomprange=\count388
\c@maxcomprange=\count389
\c@mincompwidth=\count390
Package biblatex Info: Trying to load biblatex default data model...
Package biblatex Info: ... file 'blx-dm.def' found.
 (/usr/share/texmf-dist/tex/latex/biblatex/blx-dm.def
File: blx-dm.def 2022/02/02 v3.17 biblatex localization (PK/MW)
)
Package biblatex Info: Trying to load biblatex style data model...
Package biblatex Info: ... file 'authoryear.dbx' not found.
Package biblatex Info: Trying to load biblatex custom data model...
Package biblatex Info: ... file 'biblatex-dm.cfg' not found.
\c@afterword=\count391
\c@savedafterword=\count392
\c@annotator=\count393
\c@savedannotator=\count394
\c@author=\count395
\c@savedauthor=\count396
\c@bookauthor=\count397
\c@savedbookauthor=\count398
\c@commentator=\count399
\c@savedcommentator=\count400
\c@editor=\count401
\c@savededitor=\count402
\c@editora=\count403
\c@savededitora=\count404
\c@editorb=\count405
\c@savededitorb=\count406
\c@editorc=\count407
\c@savededitorc=\count408
\c@foreword=\count409
\c@savedforeword=\count410
\c@holder=\count411
\c@savedholder=\count412
\c@introduction=\count413
\c@savedintroduction=\count414
\c@namea=\count415
\c@savednamea=\count416
\c@nameb=\count417
\c@savednameb=\count418
\c@namec=\count419
\c@savednamec=\count420
\c@translator=\count421
\c@savedtranslator=\count422
\c@shortauthor=\count423
\c@savedshortauthor=\count424
\c@shorteditor=\count425
\c@savedshorteditor=\count426
\c@labelname=\count427
\c@savedlabelname=\count428
\c@institution=\count429
\c@savedinstitution=\count430
\c@lista=\count431
\c@savedlista=\count432
\c@listb=\count433
\c@savedlistb=\count434
\c@listc=\count435
\c@savedlistc=\count436
\c@listd=\count437
\c@savedlistd=\count438
\c@liste=\count439
\c@savedliste=\count440
\c@listf=\count441
\c@savedlistf=\count442
\c@location=\count443
\c@savedlocation=\count444
\c@organization=\count445
\c@savedorganization=\count446
\c@origlocation=\count447
\c@savedoriglocation=\count448
\c@origpublisher=\count449
\c@savedorigpublisher=\count450
\c@publisher=\count451
\c@savedpublisher=\count452
\c@language=\count453
\c@savedlanguage=\count454
\c@origlanguage=\count455
\c@savedoriglanguage=\count456
\c@pageref=\count457
\c@savedpageref=\count458
\shorthandwidth=\skip84
\shortjournalwidth=\skip85
\shortserieswidth=\skip86
\shorttitlewidth=\skip87
\shortauthorwidth=\skip88
\shorteditorwidth=\skip89
\locallabelnumberwidth=\skip90
\locallabelalphawidth=\skip91
\localshorthandwidth=\skip92
\localshortjournalwidth=\skip93
\localshortserieswidth=\skip94
\localshorttitlewidth=\skip95
\localshortauthorwidth=\skip96
\localshorteditorwidth=\skip97
Package biblatex Info: Trying to load compatibility code...
Package biblatex Info: ... file 'blx-compat.def' found.
 (/usr/share/texmf-dist/tex/latex/biblatex/blx-compat.def
File: blx-compat.def 2022/02/02 v3.17 biblatex compatibility (PK/MW)
)
Package biblatex Info: Trying to load BibTeX backend compatibility...
Package biblatex Info: ... file 'blx-bibtex.def' found.
 (/usr/share/texmf-dist/tex/latex/biblatex/blx-bibtex.def
File: blx-bibtex.def 2022/02/02 v3.17 biblatex compatibility (PK/MW)


Package biblatex Warning: Using fall-back BibTeX(8) backend:
(biblatex)                functionality may be reduced/unavailable.

)
Package biblatex Info: Trying to load generic definitions...
Package biblatex Info: ... file 'biblatex.def' found.
 (/usr/share/texmf-dist/tex/latex/biblatex/biblatex.def
File: biblatex.def 2022/02/02 v3.17 biblatex compatibility (PK/MW)
\c@textcitecount=\count459
\c@textcitetotal=\count460
\c@textcitemaxnames=\count461
\c@biburlbigbreakpenalty=\count462
\c@biburlbreakpenalty=\count463
\c@biburlnumpenalty=\count464
\c@biburlucpenalty=\count465
\c@biburllcpenalty=\count466
\biburlbigskip=\muskip18
\biburlnumskip=\muskip19
\biburlucskip=\muskip20
\biburllcskip=\muskip21
\c@smartand=\count467
)
Package biblatex Info: Trying to load bibliography style 'authoryear'...
Package biblatex Info: ... file 'authoryear.bbx' found.
 (/usr/share/texmf-dist/tex/latex/biblatex/bbx/authoryear.bbx
File: authoryear.bbx 2022/02/02 v3.17 biblatex bibliography style (PK/MW)
Package biblatex Info: Trying to load bibliography style 'standard'...
Package biblatex Info: ... file 'standard.bbx' found.
 (/usr/share/texmf-dist/tex/latex/biblatex/bbx/standard.bbx
File: standard.bbx 2022/02/02 v3.17 biblatex bibliography style (PK/MW)
\c@bbx:relatedcount=\count468
\c@bbx:relatedtotal=\count469
))
Package biblatex Info: Trying to load citation style 'authoryear'...
Package biblatex Info: ... file 'authoryear.cbx' found.
 (/usr/share/texmf-dist/tex/latex/biblatex/cbx/authoryear.cbx
File: authoryear.cbx 2022/02/02 v3.17 biblatex citation style (PK/MW)
Package biblatex Info: Redefining '\cite'.
Package biblatex Info: Redefining '\parencite'.
Package biblatex Info: Redefining '\footcite'.
Package biblatex Info: Redefining '\footcitetext'.
Package biblatex Info: Redefining '\smartcite'.
Package biblatex Info: Redefining '\textcite'.
Package biblatex Info: Redefining '\textcites'.
)
Package biblatex Info: Trying to load configuration file...
Package biblatex Info: ... file 'biblatex.cfg' found.
 (/usr/share/texmf-dist/tex/latex/biblatex/biblatex.cfg
File: biblatex.cfg 
)
Package biblatex Info: Input encoding 'utf8' detected.
Package biblatex Info: Document encoding is UTF8 ....
 (/usr/share/texmf-dist/tex/latex/l3kernel/expl3.sty
Package: expl3 2022-04-10 L3 programming layer (loader) 
 (/usr/share/texmf-dist/tex/latex/l3backend/l3backend-pdftex.def
File: l3backend-pdftex.def 2022-04-14 L3 backend support: PDF output (pdfTeX)
\l__color_backend_stack_int=\count470
\l__pdf_internal_box=\box82
))
Package biblatex Info: ... and expl3
(biblatex)             2022-04-10 L3 programming layer (loader) 
(biblatex)             is new enough (at least 2020/04/06),
(biblatex)             setting 'casechanger=expl3'.
 (/usr/share/texmf-dist/tex/latex/biblatex/blx-case-expl3.sty (/usr/share/texmf-dist/tex/latex/l3packages/xparse/xparse.sty
Package: xparse 2022-01-12 L3 Experimental document command parser
)
Package: blx-case-expl3 2022/02/02 v3.17 expl3 case changing code for biblatex
))
\@quotelevel=\count471
\@quotereset=\count472
 (./aux_model.aux)
\openout1 = `aux_model.aux'.

LaTeX Font Info:    Checking defaults for OML/cmm/m/it on input line 54.
LaTeX Font Info:    ... okay on input line 54.
LaTeX Font Info:    Checking defaults for OMS/cmsy/m/n on input line 54.
LaTeX Font Info:    ... okay on input line 54.
LaTeX Font Info:    Checking defaults for OT1/cmr/m/n on input line 54.
LaTeX Font Info:    ... okay on input line 54.
LaTeX Font Info:    Checking defaults for T1/cmr/m/n on input line 54.
LaTeX Font Info:    ... okay on input line 54.
LaTeX Font Info:    Checking defaults for TS1/cmr/m/n on input line 54.
LaTeX Font Info:    ... okay on input line 54.
LaTeX Font Info:    Checking defaults for OMX/cmex/m/n on input line 54.
LaTeX Font Info:    ... okay on input line 54.
LaTeX Font Info:    Checking defaults for U/cmr/m/n on input line 54.
LaTeX Font Info:    ... okay on input line 54.
LaTeX Font Info:    Checking defaults for PD1/pdf/m/n on input line 54.
LaTeX Font Info:    ... okay on input line 54.
LaTeX Font Info:    Checking defaults for PU/pdf/m/n on input line 54.
LaTeX Font Info:    ... okay on input line 54.

*geometry* driver: auto-detecting
*geometry* detected driver: pdftex
*geometry* verbose mode - [ preamble ] result:
* driver: pdftex
* paper: custom
* layout: <same size as paper>
* layoutoffset:(h,v)=(0.0pt,0.0pt)
* modes: includehead includefoot 
* h-part:(L,W,R)=(14.22636pt, 426.79135pt, 14.22636pt)
* v-part:(T,H,B)=(0.0pt, 256.0748pt, 0.0pt)
* \paperwidth=455.24408pt
* \paperheight=256.0748pt
* \textwidth=426.79135pt
* \textheight=227.62207pt
* \oddsidemargin=-58.04362pt
* \evensidemargin=-58.04362pt
* \topmargin=-72.26999pt
* \headheight=14.22636pt
* \headsep=0.0pt
* \topskip=11.0pt
* \footskip=14.22636pt
* \marginparwidth=4.0pt
* \marginparsep=10.0pt
* \columnsep=10.0pt
* \skip\footins=10.0pt plus 4.0pt minus 2.0pt
* \hoffset=0.0pt
* \voffset=0.0pt
* \mag=1000
* \@twocolumnfalse
* \@twosidefalse
* \@mparswitchfalse
* \@reversemarginfalse
* (1in=72.27pt=25.4mm, 1cm=28.453pt)

(/usr/share/texmf-dist/tex/context/base/mkii/supp-pdf.mkii
[Loading MPS to PDF converter (version 2006.09.02).]
\scratchcounter=\count473
\scratchdimen=\dimen314
\scratchbox=\box83
\nofMPsegments=\count474
\nofMParguments=\count475
\everyMPshowfont=\toks50
\MPscratchCnt=\count476
\MPscratchDim=\dimen315
\MPnumerator=\count477
\makeMPintoPDFobject=\count478
\everyMPtoPDFconversion=\toks51
) (/usr/share/texmf-dist/tex/latex/epstopdf-pkg/epstopdf-base.sty
Package: epstopdf-base 2020-01-24 v2.11 Base part for package epstopdf
Package epstopdf-base Info: Redefining graphics rule for `.eps' on input line 485.
 (/usr/share/texmf-dist/tex/latex/latexconfig/epstopdf-sys.cfg
File: epstopdf-sys.cfg 2010/07/13 v1.3 Configuration of (r)epstopdf for TeX Live
))
Package hyperref Info: Link coloring OFF on input line 54.
 (/usr/share/texmf-dist/tex/latex/hyperref/nameref.sty
Package: nameref 2021-04-02 v2.47 Cross-referencing by name of section
 (/usr/share/texmf-dist/tex/latex/refcount/refcount.sty
Package: refcount 2019/12/15 v3.6 Data extraction from label references (HO)
) (/usr/share/texmf-dist/tex/generic/gettitlestring/gettitlestring.sty
Package: gettitlestring 2019/12/15 v1.6 Cleanup title references (HO)
)
\c@section@level=\count479
)
LaTeX Info: Redefining \ref on input line 54.
LaTeX Info: Redefining \pageref on input line 54.
LaTeX Info: Redefining \nameref on input line 54.
 (./aux_model.out) (./aux_model.out)
\@outlinefile=\write6
\openout6 = `aux_model.out'.

LaTeX Font Info:    Overwriting symbol font `operators' in version `normal'
(Font)                  OT1/cmr/m/n --> OT1/cmss/m/n on input line 54.
LaTeX Font Info:    Overwriting symbol font `operators' in version `bold'
(Font)                  OT1/cmr/bx/n --> OT1/cmss/b/n on input line 54.
\symnumbers=\mathgroup6
\sympureletters=\mathgroup7
LaTeX Font Info:    Overwriting math alphabet `\mathrm' in version `normal'
(Font)                  OT1/cmss/m/n --> OT1/cmr/m/n on input line 54.
LaTeX Font Info:    Redeclaring math alphabet \mathbf on input line 54.
LaTeX Font Info:    Overwriting math alphabet `\mathbf' in version `normal'
(Font)                  OT1/cmr/bx/n --> OT1/cmss/b/n on input line 54.
LaTeX Font Info:    Overwriting math alphabet `\mathbf' in version `bold'
(Font)                  OT1/cmr/bx/n --> OT1/cmss/b/n on input line 54.
LaTeX Font Info:    Redeclaring math alphabet \mathsf on input line 54.
LaTeX Font Info:    Overwriting math alphabet `\mathsf' in version `normal'
(Font)                  OT1/cmss/m/n --> OT1/cmss/m/n on input line 54.
LaTeX Font Info:    Overwriting math alphabet `\mathsf' in version `bold'
(Font)                  OT1/cmss/bx/n --> OT1/cmss/m/n on input line 54.
LaTeX Font Info:    Redeclaring math alphabet \mathit on input line 54.
LaTeX Font Info:    Overwriting math alphabet `\mathit' in version `normal'
(Font)                  OT1/cmr/m/it --> OT1/cmss/m/it on input line 54.
LaTeX Font Info:    Overwriting math alphabet `\mathit' in version `bold'
(Font)                  OT1/cmr/bx/it --> OT1/cmss/m/it on input line 54.
LaTeX Font Info:    Redeclaring math alphabet \mathtt on input line 54.
LaTeX Font Info:    Overwriting math alphabet `\mathtt' in version `normal'
(Font)                  OT1/cmtt/m/n --> OT1/cmtt/m/n on input line 54.
LaTeX Font Info:    Overwriting math alphabet `\mathtt' in version `bold'
(Font)                  OT1/cmtt/m/n --> OT1/cmtt/m/n on input line 54.
LaTeX Font Info:    Overwriting symbol font `numbers' in version `bold'
(Font)                  OT1/cmss/m/n --> OT1/cmss/b/n on input line 54.
LaTeX Font Info:    Overwriting symbol font `pureletters' in version `bold'
(Font)                  OT1/cmss/m/it --> OT1/cmss/b/it on input line 54.
LaTeX Font Info:    Overwriting math alphabet `\mathrm' in version `bold'
(Font)                  OT1/cmss/b/n --> OT1/cmr/b/n on input line 54.
LaTeX Font Info:    Overwriting math alphabet `\mathbf' in version `bold'
(Font)                  OT1/cmss/b/n --> OT1/cmss/b/n on input line 54.
LaTeX Font Info:    Overwriting math alphabet `\mathsf' in version `bold'
(Font)                  OT1/cmss/m/n --> OT1/cmss/b/n on input line 54.
LaTeX Font Info:    Overwriting math alphabet `\mathit' in version `bold'
(Font)                  OT1/cmss/m/it --> OT1/cmss/b/it on input line 54.
LaTeX Font Info:    Overwriting math alphabet `\mathtt' in version `bold'
(Font)                  OT1/cmtt/m/n --> OT1/cmtt/b/n on input line 54.
 (/usr/share/texmf-dist/tex/latex/translator/translator-basic-dictionary-English.dict
Dictionary: translator-basic-dictionary, Language: English 
) (/usr/share/texmf-dist/tex/latex/translator/translator-bibliography-dictionary-English.dict
Dictionary: translator-bibliography-dictionary, Language: English 
) (/usr/share/texmf-dist/tex/latex/translator/translator-environment-dictionary-English.dict
Dictionary: translator-environment-dictionary, Language: English 
) (/usr/share/texmf-dist/tex/latex/translator/translator-months-dictionary-English.dict
Dictionary: translator-months-dictionary, Language: English 
) (/usr/share/texmf-dist/tex/latex/translator/translator-numbers-dictionary-English.dict
Dictionary: translator-numbers-dictionary, Language: English 
) (/usr/share/texmf-dist/tex/latex/translator/translator-theorem-dictionary-English.dict
Dictionary: translator-theorem-dictionary, Language: English 
)
Package biblatex Info: Trying to load language 'english'...
Package biblatex Info: ... file 'english.lbx' found.
 (/usr/share/texmf-dist/tex/latex/biblatex/lbx/english.lbx
File: english.lbx 2022/02/02 v3.17 biblatex localization (PK/MW)
)
Package biblatex Info: Input encoding 'utf8' detected.
Package biblatex Info: Automatic encoding selection.
(biblatex)             Assuming data encoding 'utf8'.
Package biblatex Info: Input encoding 'utf8' detected.
Package biblatex Info: Data encoding 'utf8' specified.
(biblatex)             No need to reencode data.
\openout5 = `aux_model-blx.bib'.

Package biblatex Info: Trying to load bibliographic data...
Package biblatex Info: ... file 'aux_model.bbl' found.
 (./aux_model.bbl

Package biblatex Warning: BibTeX reported the following issues
(biblatex)                with 'anderson_impurity_1961':
(biblatex)                - Invalid format of field 'month'.


Package biblatex Warning: BibTeX reported the following issues
(biblatex)                with 'Schrieffer_Wolff':
(biblatex)                - Invalid format of field 'month'.

)
Package biblatex Info: Reference section=0 on input line 54.
Package biblatex Info: Reference segment=0 on input line 54.
 (./aux_model.nav)
<figures/epqm_logo_mod.jpeg, id=49, 165.61874pt x 165.61874pt>
File: figures/epqm_logo_mod.jpeg Graphic file (type jpg)
<use figures/epqm_logo_mod.jpeg>
Package pdftex.def Info: figures/epqm_logo_mod.jpeg  used on input line 69.
(pdftex.def)             Requested size: 59.7496pt x 59.74905pt.
<figures/dps_logo.jpeg, id=51, 401.5pt x 401.5pt>
File: figures/dps_logo.jpeg Graphic file (type jpg)
<use figures/dps_logo.jpeg>
Package pdftex.def Info: figures/dps_logo.jpeg  used on input line 69.
(pdftex.def)             Requested size: 59.7496pt x 59.74454pt.

Overfull \vbox (20.63992pt too high) detected at line 69
 []

[1

{/var/lib/texmf/fonts/map/pdftex/updmap/pdftex.map} <./figures/epqm_logo_mod.jpeg> <./figures/dps_logo.jpeg>] [2

]
LaTeX Font Info:    Trying to load font information for TS1+cmss on input line 79.
 (/usr/share/texmf-dist/tex/latex/base/ts1cmss.fd
File: ts1cmss.fd 2019/12/16 v2.5j Standard LaTeX font definitions
) [3

] [4

] [5

] [6

] [7

]

LaTeX Warning: Hyper reference `aux-method' on page 8 undefined on input line 91.


LaTeX Warning: Hyper reference `mit' on page 8 undefined on input line 91.

[8

] [9

]
LaTeX Font Info:    Trying to load font information for U+msa on input line 116.
 (/usr/share/texmf-dist/tex/latex/amsfonts/umsa.fd
File: umsa.fd 2013/01/14 v3.01 AMS symbols A
)
LaTeX Font Info:    Trying to load font information for U+msb on input line 116.
 (/usr/share/texmf-dist/tex/latex/amsfonts/umsb.fd
File: umsb.fd 2013/01/14 v3.01 AMS symbols B
)
<figures/gen_siam.pdf, id=112, 642.81567pt x 265.65771pt>
File: figures/gen_siam.pdf Graphic file (type pdf)
<use figures/gen_siam.pdf>
Package pdftex.def Info: figures/gen_siam.pdf  used on input line 116.
(pdftex.def)             Requested size: 202.72523pt x 83.77989pt.

Overfull \hbox (11.7629pt too wide) in paragraph at lines 116--116
[]|  [] 
 []

[10

 <./figures/gen_siam.pdf>] [11

]
<figures/urg_schematic.pdf, id=139, 124.438pt x 262.98471pt>
File: figures/urg_schematic.pdf Graphic file (type pdf)
<use figures/urg_schematic.pdf>
Package pdftex.def Info: figures/urg_schematic.pdf  used on input line 244.
(pdftex.def)             Requested size: 44.81105pt x 94.7025pt.
 [12

 <./figures/urg_schematic.pdf>]
File: figures/urg_schematic.pdf Graphic file (type pdf)
<use figures/urg_schematic.pdf>
Package pdftex.def Info: figures/urg_schematic.pdf  used on input line 244.
(pdftex.def)             Requested size: 44.81105pt x 94.7025pt.
 [13

]
File: figures/urg_schematic.pdf Graphic file (type pdf)
<use figures/urg_schematic.pdf>
Package pdftex.def Info: figures/urg_schematic.pdf  used on input line 244.
(pdftex.def)             Requested size: 44.81105pt x 94.7025pt.
 [14

]
<figures/uv_ir_scheme.pdf, id=168, 686.48897pt x 686.48897pt>
File: figures/uv_ir_scheme.pdf Graphic file (type pdf)
<use figures/uv_ir_scheme.pdf>
Package pdftex.def Info: figures/uv_ir_scheme.pdf  used on input line 244.
(pdftex.def)             Requested size: 153.64148pt x 153.6363pt.
 [15

 <./figures/uv_ir_scheme.pdf>]
Overfull \hbox (36.1771pt too wide) detected at line 244
[] [][]\OMS/cmsy/m/n/10.95 ! []
 []

<figures/urg_ham.pdf, id=179, 638.09737pt x 473.68864pt>
File: figures/urg_ham.pdf Graphic file (type pdf)
<use figures/urg_ham.pdf>
Package pdftex.def Info: figures/urg_ham.pdf  used on input line 244.
(pdftex.def)             Requested size: 192.0548pt x 142.57027pt.
[16

 <./figures/urg_ham.pdf>]
Overfull \hbox (19.44106pt too wide) detected at line 244
\OT1/cmss/m/it/10.95 U[] \OT1/cmss/m/n/10.95 = [] [] \OML/cmm/m/it/10.95 ;  [] [] [] \OT1/cmss/m/n/10.95 = 1
 []


Package amsmath Warning: Foreign command \atop;
(amsmath)                \frac or \genfrac should be used instead
(amsmath)                 on input line 244.

<figures/urg_rot.pdf, id=190, 746.58543pt x 746.58537pt>
File: figures/urg_rot.pdf Graphic file (type pdf)
<use figures/urg_rot.pdf>
Package pdftex.def Info: figures/urg_rot.pdf  used on input line 244.
(pdftex.def)             Requested size: 170.71718pt x 170.70853pt.
[17

 <./figures/urg_rot.pdf>]
<figures/urg_next.pdf, id=200, 718.92056pt x 703.8643pt>
File: figures/urg_next.pdf Graphic file (type pdf)
<use figures/urg_next.pdf>
Package pdftex.def Info: figures/urg_next.pdf  used on input line 244.
(pdftex.def)             Requested size: 192.0548pt x 188.02676pt.
 [18

 <./figures/urg_next.pdf>]
<figures/urg_ham_full.pdf, id=210, 664.46204pt x 664.46204pt>
File: figures/urg_ham_full.pdf Graphic file (type pdf)
<use figures/urg_ham_full.pdf>
Package pdftex.def Info: figures/urg_ham_full.pdf  used on input line 244.
(pdftex.def)             Requested size: 160.89932pt x 160.89359pt.
 [19

 <./figures/urg_ham_full.pdf>] [20

] [21

] [22

] [23

]

Package hyperref Warning: Token not allowed in a PDF string (Unicode):
(hyperref)                removing `math shift' on input line 267.


Package hyperref Warning: Token not allowed in a PDF string (Unicode):
(hyperref)                removing `subscript' on input line 267.

[24

]
LaTeX Font Info:    Font shape `OT1/cmss/b/n' in size <10.95> not available
(Font)              Font shape `OT1/cmss/bx/n' tried instead on input line 309.
LaTeX Font Info:    Font shape `OT1/cmss/b/n' in size <8> not available
(Font)              Font shape `OT1/cmss/bx/n' tried instead on input line 309.
LaTeX Font Info:    Font shape `OT1/cmss/b/n' in size <6> not available
(Font)              Font shape `OT1/cmss/bx/n' tried instead on input line 309.
LaTeX Font Info:    Font shape `OT1/cmss/b/n' in size <12> not available
(Font)              Font shape `OT1/cmss/bx/n' tried instead on input line 309.
<figures/U_irr,U>0,V.pdf, id=247, 739.80646pt x 515.34323pt>
File: figures/U_irr,U>0,V.pdf Graphic file (type pdf)
<use figures/U_irr,U>0,V.pdf>
Package pdftex.def Info: figures/U_irr,U>0,V.pdf  used on input line 309.
(pdftex.def)             Requested size: 209.1301pt x 145.6791pt.
<figures/U_irr,U>0,J.pdf, id=248, 717.88826pt x 515.34323pt>
File: figures/U_irr,U>0,J.pdf Graphic file (type pdf)
<use figures/U_irr,U>0,J.pdf>
Package pdftex.def Info: figures/U_irr,U>0,J.pdf  used on input line 309.
(pdftex.def)             Requested size: 209.1301pt x 150.12196pt.

Overfull \vbox (26.36073pt too high) detected at line 309
 []

[25

 <./figures/U_irr,U>0,V.pdf> <./figures/U_irr,U>0,J.pdf>]
<figures/U_irr,U>0,U.pdf, id=290, 678.78159pt x 515.34323pt>
File: figures/U_irr,U>0,U.pdf Graphic file (type pdf)
<use figures/U_irr,U>0,U.pdf>
Package pdftex.def Info: figures/U_irr,U>0,U.pdf  used on input line 309.
(pdftex.def)             Requested size: 209.1301pt x 158.7718pt.
<figures/U_rel,U>0,U.pdf, id=291, 717.88826pt x 515.34323pt>
File: figures/U_rel,U>0,U.pdf Graphic file (type pdf)
<use figures/U_rel,U>0,U.pdf>
Package pdftex.def Info: figures/U_rel,U>0,U.pdf  used on input line 309.
(pdftex.def)             Requested size: 209.1301pt x 150.12196pt.

Overfull \vbox (11.1537pt too high) detected at line 309
 []

[26

 <./figures/U_irr,U>0,U.pdf> <./figures/U_rel,U>0,U.pdf>]
Overfull \hbox (14.65115pt too wide) detected at line 322
\OT1/cmss/m/it/10.95 H[] \OT1/cmss/m/n/10.95 = [] \OML/cmm/m/it/10.95 ^^O[][] [] \OT1/cmss/m/n/10.95 + [] [][]  [] + \OT1/cmss/m/it/10.95 J[][] \OMS/cmsy/m/n/10.95 ^^A []
 []

<figures/kondo_fp_1D.pdf, id=321, 853.11949pt x 237.22192pt>
File: figures/kondo_fp_1D.pdf Graphic file (type pdf)
<use figures/kondo_fp_1D.pdf>
Package pdftex.def Info: figures/kondo_fp_1D.pdf  used on input line 322.
(pdftex.def)             Requested size: 213.39568pt x 59.3379pt.
[27

 <./figures/kondo_fp_1D.pdf>]
<./figures/gen_siam_spec_func.pdf, id=332, 1132.88872pt x 883.83679pt>
File: ./figures/gen_siam_spec_func.pdf Graphic file (type pdf)
<use ./figures/gen_siam_spec_func.pdf>
Package pdftex.def Info: ./figures/gen_siam_spec_func.pdf  used on input line 331.
(pdftex.def)             Requested size: 256.07741pt x 199.77176pt.

Overfull \vbox (4.42513pt too high) detected at line 331
 []

[28

 <./figures/gen_siam_spec_func.pdf>]

Package hyperref Warning: Token not allowed in a PDF string (Unicode):
(hyperref)                removing `math shift' on input line 333.


Package hyperref Warning: Token not allowed in a PDF string (Unicode):
(hyperref)                removing `subscript' on input line 333.


Package hyperref Warning: Token not allowed in a PDF string (Unicode):
(hyperref)                removing `\not' on input line 333.

LaTeX Font Info:    Font shape `OT1/cmss/b/n' in size <14.4> not available
(Font)              Font shape `OT1/cmss/bx/n' tried instead on input line 333.
LaTeX Font Info:    Font shape `OT1/cmss/b/n' in size <10> not available
(Font)              Font shape `OT1/cmss/bx/n' tried instead on input line 333.
LaTeX Font Info:    Font shape `OT1/cmss/b/n' in size <7> not available
(Font)              Font shape `OT1/cmss/bx/n' tried instead on input line 333.
[29

]
Overfull \hbox (6.75752pt too wide) detected at line 356
\OT1/cmss/m/n/10.95 ^^A\OT1/cmss/m/it/10.95 V \OT1/cmss/m/n/10.95 = \OMS/cmsy/m/n/10.95 ^^@[] [] [][]! []
 []

[30

]
Overfull \hbox (6.75752pt too wide) detected at line 356
\OT1/cmss/m/n/10.95 ^^A\OT1/cmss/m/it/10.95 V \OT1/cmss/m/n/10.95 = \OMS/cmsy/m/n/10.95 ^^@[] [] [][]! []
 []

[31

]
Overfull \hbox (6.75752pt too wide) detected at line 356
\OT1/cmss/m/n/10.95 ^^A\OT1/cmss/m/it/10.95 V \OT1/cmss/m/n/10.95 = \OMS/cmsy/m/n/10.95 ^^@[] [] [][]! []
 []

[32

]
Overfull \hbox (6.75752pt too wide) detected at line 356
\OT1/cmss/m/n/10.95 ^^A\OT1/cmss/m/it/10.95 V \OT1/cmss/m/n/10.95 = \OMS/cmsy/m/n/10.95 ^^@[] [] [][]! []
 []

[33

]
<./figures/phase-map-MIT.pdf, id=377, 1195.58473pt x 875.61461pt>
File: ./figures/phase-map-MIT.pdf Graphic file (type pdf)
<use ./figures/phase-map-MIT.pdf>
Package pdftex.def Info: ./figures/phase-map-MIT.pdf  used on input line 397.
(pdftex.def)             Requested size: 213.39568pt x 156.28111pt.
<./figures/zeromode.pdf, id=378, 348.42671pt x 181.92184pt>
File: ./figures/zeromode.pdf Graphic file (type pdf)
<use ./figures/zeromode.pdf>
Package pdftex.def Info: ./figures/zeromode.pdf  used on input line 397.
(pdftex.def)             Requested size: 128.0387pt x 66.85199pt.

Overfull \vbox (1.01738pt too high) detected at line 397
 []

[34

 <./figures/phase-map-MIT.pdf> <./figures/zeromode.pdf

pdfTeX warning: pdflatex (file ./figures/zeromode.pdf): PDF inclusion: multiple pdfs with page group included in a single page
>]
File: ./figures/phase-map-MIT.pdf Graphic file (type pdf)
<use ./figures/phase-map-MIT.pdf>
Package pdftex.def Info: ./figures/phase-map-MIT.pdf  used on input line 397.
(pdftex.def)             Requested size: 213.39568pt x 156.28111pt.
File: ./figures/zeromode.pdf Graphic file (type pdf)
<use ./figures/zeromode.pdf>
Package pdftex.def Info: ./figures/zeromode.pdf  used on input line 397.
(pdftex.def)             Requested size: 128.0387pt x 66.85199pt.

Overfull \vbox (11.66048pt too high) detected at line 397
 []

[35

]
File: ./figures/phase-map-MIT.pdf Graphic file (type pdf)
<use ./figures/phase-map-MIT.pdf>
Package pdftex.def Info: ./figures/phase-map-MIT.pdf  used on input line 397.
(pdftex.def)             Requested size: 213.39568pt x 156.28111pt.
File: ./figures/zeromode.pdf Graphic file (type pdf)
<use ./figures/zeromode.pdf>
Package pdftex.def Info: ./figures/zeromode.pdf  used on input line 397.
(pdftex.def)             Requested size: 128.0387pt x 66.85199pt.

Overfull \vbox (9.58516pt too high) detected at line 397
 []

[36

]
File: ./figures/phase-map-MIT.pdf Graphic file (type pdf)
<use ./figures/phase-map-MIT.pdf>
Package pdftex.def Info: ./figures/phase-map-MIT.pdf  used on input line 397.
(pdftex.def)             Requested size: 213.39568pt x 156.28111pt.
File: ./figures/zeromode.pdf Graphic file (type pdf)
<use ./figures/zeromode.pdf>
Package pdftex.def Info: ./figures/zeromode.pdf  used on input line 397.
(pdftex.def)             Requested size: 128.0387pt x 66.85199pt.

Overfull \vbox (1.01738pt too high) detected at line 397
 []

[37

]
File: ./figures/phase-map-MIT.pdf Graphic file (type pdf)
<use ./figures/phase-map-MIT.pdf>
Package pdftex.def Info: ./figures/phase-map-MIT.pdf  used on input line 397.
(pdftex.def)             Requested size: 213.39568pt x 156.28111pt.
File: ./figures/zeromode.pdf Graphic file (type pdf)
<use ./figures/zeromode.pdf>
Package pdftex.def Info: ./figures/zeromode.pdf  used on input line 397.
(pdftex.def)             Requested size: 128.0387pt x 66.85199pt.

Overfull \vbox (1.01738pt too high) detected at line 397
 []

[38

] [39

]
<./figures/overlaps_gs-J=0.100.pdf, id=634, 1373.13pt x 722.7pt>
File: ./figures/overlaps_gs-J=0.100.pdf Graphic file (type pdf)
<use ./figures/overlaps_gs-J=0.100.pdf>
Package pdftex.def Info: ./figures/overlaps_gs-J=0.100.pdf  used on input line 420.
(pdftex.def)             Requested size: 426.79135pt x 224.61914pt.

Overfull \vbox (25.52075pt too high) detected at line 420
 []

[40

 <./figures/overlaps_gs-J=0.100.pdf>]
<./figures/overlaps_gs-J=10.000.pdf, id=663, 1373.13pt x 722.7pt>
File: ./figures/overlaps_gs-J=10.000.pdf Graphic file (type pdf)
<use ./figures/overlaps_gs-J=10.000.pdf>
Package pdftex.def Info: ./figures/overlaps_gs-J=10.000.pdf  used on input line 420.
(pdftex.def)             Requested size: 426.79135pt x 224.61914pt.

Overfull \vbox (9.88083pt too high) detected at line 420
 []

[41

 <./figures/overlaps_gs-J=10.000.pdf>]
<./figures/overlaps_gs-J=50.000.pdf, id=689, 1373.13pt x 722.7pt>
File: ./figures/overlaps_gs-J=50.000.pdf Graphic file (type pdf)
<use ./figures/overlaps_gs-J=50.000.pdf>
Package pdftex.def Info: ./figures/overlaps_gs-J=50.000.pdf  used on input line 420.
(pdftex.def)             Requested size: 426.79135pt x 224.61914pt.

Overfull \vbox (9.88083pt too high) detected at line 420
 []

[42

 <./figures/overlaps_gs-J=50.000.pdf>]
<./figures/corrs_gs-J=0.100.pdf, id=715, 1373.13pt x 722.7pt>
File: ./figures/corrs_gs-J=0.100.pdf Graphic file (type pdf)
<use ./figures/corrs_gs-J=0.100.pdf>
Package pdftex.def Info: ./figures/corrs_gs-J=0.100.pdf  used on input line 440.
(pdftex.def)             Requested size: 426.79135pt x 224.61914pt.

Overfull \vbox (25.52075pt too high) detected at line 440
 []

[43

 <./figures/corrs_gs-J=0.100.pdf>]
<./figures/corrs_gs-J=10.000.pdf, id=741, 1373.13pt x 722.7pt>
File: ./figures/corrs_gs-J=10.000.pdf Graphic file (type pdf)
<use ./figures/corrs_gs-J=10.000.pdf>
Package pdftex.def Info: ./figures/corrs_gs-J=10.000.pdf  used on input line 440.
(pdftex.def)             Requested size: 426.79135pt x 224.61914pt.

Overfull \vbox (9.88083pt too high) detected at line 440
 []

[44

 <./figures/corrs_gs-J=10.000.pdf>]
<./figures/corrs_gs-J=50.000.pdf, id=767, 1373.13pt x 722.7pt>
File: ./figures/corrs_gs-J=50.000.pdf Graphic file (type pdf)
<use ./figures/corrs_gs-J=50.000.pdf>
Package pdftex.def Info: ./figures/corrs_gs-J=50.000.pdf  used on input line 440.
(pdftex.def)             Requested size: 426.79135pt x 224.61914pt.

Overfull \vbox (9.88083pt too high) detected at line 440
 []

[45

 <./figures/corrs_gs-J=50.000.pdf>]
<./figures/gap-t=1.000,J=10.000,0.000,40,V=3J,Ubath=-U_by_10,N=4,U=1.000,1000.000,40.pdf, id=792, 672.19037pt x 656.69186pt>
File: ./figures/gap-t=1.000,J=10.000,0.000,40,V=3J,Ubath=-U_by_10,N=4,U=1.000,1000.000,40.pdf Graphic file (type pdf)
<use ./figures/gap-t=1.000,J=10.000,0.000,40,V=3J,Ubath=-U_by_10,N=4,U=1.000,1000.000,40.pdf>
Package pdftex.def Info: ./figures/gap-t=1.000,J=10.000,0.000,40,V=3J,Ubath=-U_by_10,N=4,U=1.000,1000.000,40.pdf  used on input line 446.
(pdftex.def)             Requested size: 209.1301pt x 204.30385pt.
<./figures/lfl-t=1.000,J=10.000,0.000,40,V=3J,Ubath=-U_by_10,N=4,U=1.000,1000.000,40.pdf, id=793, 714.29384pt x 656.69186pt>
File: ./figures/lfl-t=1.000,J=10.000,0.000,40,V=3J,Ubath=-U_by_10,N=4,U=1.000,1000.000,40.pdf Graphic file (type pdf)
<use ./figures/lfl-t=1.000,J=10.000,0.000,40,V=3J,Ubath=-U_by_10,N=4,U=1.000,1000.000,40.pdf>
Package pdftex.def Info: ./figures/lfl-t=1.000,J=10.000,0.000,40,V=3J,Ubath=-U_by_10,N=4,U=1.000,1000.000,40.pdf  used on input line 446.
(pdftex.def)             Requested size: 209.1301pt x 192.25946pt.

Overfull \vbox (5.71312pt too high) detected at line 446
 []

[46

 <./figures/gap-t=1.000,J=10.000,0.000,40,V=3J,Ubath=-U_by_10,N=4,U=1.000,1000.000,40.pdf> <./figures/lfl-t=1.000,J=10.000,0.000,40,V=3J,Ubath=-U_by_10,N=4,U=1.000,1000.000,40.pdf

pdfTeX warning: pdflatex (file ./figures/lfl-t=1.000,J=10.000,0.000,40,V=3J,Ubath=-U_by_10,N=4,U=1.000,1000.000,40.pdf): PDF inclusion: multiple pdfs with page group included in a single page
>]
<./figures/corr-k-t=1.000,J=10.000,0.000,40,V=3J,Ubath=-U_by_10,N=4,U=1.000,1000.000,40.pdf, id=822, 683.06989pt x 656.69186pt>
File: ./figures/corr-k-t=1.000,J=10.000,0.000,40,V=3J,Ubath=-U_by_10,N=4,U=1.000,1000.000,40.pdf Graphic file (type pdf)
<use ./figures/corr-k-t=1.000,J=10.000,0.000,40,V=3J,Ubath=-U_by_10,N=4,U=1.000,1000.000,40.pdf>
Package pdftex.def Info: ./figures/corr-k-t=1.000,J=10.000,0.000,40,V=3J,Ubath=-U_by_10,N=4,U=1.000,1000.000,40.pdf  used on input line 453.
(pdftex.def)             Requested size: 209.1301pt x 201.04726pt.
<./figures/mi-dk-t=1.000,J=10.000,0.000,40,V=3J,Ubath=-U_by_10,N=4,U=1.000,1000.000,40.pdf, id=823, 683.06989pt x 656.69186pt>
File: ./figures/mi-dk-t=1.000,J=10.000,0.000,40,V=3J,Ubath=-U_by_10,N=4,U=1.000,1000.000,40.pdf Graphic file (type pdf)
<use ./figures/mi-dk-t=1.000,J=10.000,0.000,40,V=3J,Ubath=-U_by_10,N=4,U=1.000,1000.000,40.pdf>
Package pdftex.def Info: ./figures/mi-dk-t=1.000,J=10.000,0.000,40,V=3J,Ubath=-U_by_10,N=4,U=1.000,1000.000,40.pdf  used on input line 453.
(pdftex.def)             Requested size: 209.1301pt x 201.04726pt.

Overfull \vbox (2.45653pt too high) detected at line 453
 []

[47

 <./figures/corr-k-t=1.000,J=10.000,0.000,40,V=3J,Ubath=-U_by_10,N=4,U=1.000,1000.000,40.pdf> <./figures/mi-dk-t=1.000,J=10.000,0.000,40,V=3J,Ubath=-U_by_10,N=4,U=1.000,1000.000,40.pdf

pdfTeX warning: pdflatex (file ./figures/mi-dk-t=1.000,J=10.000,0.000,40,V=3J,Ubath=-U_by_10,N=4,U=1.000,1000.000,40.pdf): PDF inclusion: multiple pdfs with page group included in a single page
>]
<./figures/mi-01-t=1.000,J=10.000,0.000,40,V=3J,Ubath=-U_by_10,N=4,U=1.000,1000.000,40.pdf, id=852, 683.06989pt x 656.69186pt>
File: ./figures/mi-01-t=1.000,J=10.000,0.000,40,V=3J,Ubath=-U_by_10,N=4,U=1.000,1000.000,40.pdf Graphic file (type pdf)
<use ./figures/mi-01-t=1.000,J=10.000,0.000,40,V=3J,Ubath=-U_by_10,N=4,U=1.000,1000.000,40.pdf>
Package pdftex.def Info: ./figures/mi-01-t=1.000,J=10.000,0.000,40,V=3J,Ubath=-U_by_10,N=4,U=1.000,1000.000,40.pdf  used on input line 459.
(pdftex.def)             Requested size: 209.1301pt x 201.04726pt.
<./figures/mi-d0-t=1.000,J=10.000,0.000,40,V=3J,Ubath=-U_by_10,N=4,U=1.000,1000.000,40.pdf, id=853, 653.84566pt x 656.69186pt>
File: ./figures/mi-d0-t=1.000,J=10.000,0.000,40,V=3J,Ubath=-U_by_10,N=4,U=1.000,1000.000,40.pdf Graphic file (type pdf)
<use ./figures/mi-d0-t=1.000,J=10.000,0.000,40,V=3J,Ubath=-U_by_10,N=4,U=1.000,1000.000,40.pdf>
Package pdftex.def Info: ./figures/mi-d0-t=1.000,J=10.000,0.000,40,V=3J,Ubath=-U_by_10,N=4,U=1.000,1000.000,40.pdf  used on input line 459.
(pdftex.def)             Requested size: 209.1301pt x 210.03546pt.

Overfull \vbox (11.44473pt too high) detected at line 459
 []

[48

 <./figures/mi-01-t=1.000,J=10.000,0.000,40,V=3J,Ubath=-U_by_10,N=4,U=1.000,1000.000,40.pdf> <./figures/mi-d0-t=1.000,J=10.000,0.000,40,V=3J,Ubath=-U_by_10,N=4,U=1.000,1000.000,40.pdf

pdfTeX warning: pdflatex (file ./figures/mi-d0-t=1.000,J=10.000,0.000,40,V=3J,Ubath=-U_by_10,N=4,U=1.000,1000.000,40.pdf): PDF inclusion: multiple pdfs with page group included in a single page
>]
<./figures/EE-d-t=1.000,J=10.000,0.000,40,V=3J,Ubath=-U_by_10,N=4,U=1.000,1000.000,40.pdf, id=889, 683.06989pt x 656.69186pt>
File: ./figures/EE-d-t=1.000,J=10.000,0.000,40,V=3J,Ubath=-U_by_10,N=4,U=1.000,1000.000,40.pdf Graphic file (type pdf)
<use ./figures/EE-d-t=1.000,J=10.000,0.000,40,V=3J,Ubath=-U_by_10,N=4,U=1.000,1000.000,40.pdf>
Package pdftex.def Info: ./figures/EE-d-t=1.000,J=10.000,0.000,40,V=3J,Ubath=-U_by_10,N=4,U=1.000,1000.000,40.pdf  used on input line 467.
(pdftex.def)             Requested size: 136.57635pt x 131.29596pt.
<./figures/corr-d0-t=1.000,J=10.000,0.000,40,V=3J,Ubath=-U_by_10,N=4,U=1.000,1000.000,40.pdf, id=890, 725.04568pt x 656.69186pt>
File: ./figures/corr-d0-t=1.000,J=10.000,0.000,40,V=3J,Ubath=-U_by_10,N=4,U=1.000,1000.000,40.pdf Graphic file (type pdf)
<use ./figures/corr-d0-t=1.000,J=10.000,0.000,40,V=3J,Ubath=-U_by_10,N=4,U=1.000,1000.000,40.pdf>
Package pdftex.def Info: ./figures/corr-d0-t=1.000,J=10.000,0.000,40,V=3J,Ubath=-U_by_10,N=4,U=1.000,1000.000,40.pdf  used on input line 467.
(pdftex.def)             Requested size: 136.57635pt x 123.70058pt.
<./figures/r-vec-corr-01-t=1.000,J=10.000,0.000,40,V=3J,Ubath=-U_by_10,N=4,U=1.000,1000.000,40.pdf, id=891, 761.73512pt x 656.69186pt>
File: ./figures/r-vec-corr-01-t=1.000,J=10.000,0.000,40,V=3J,Ubath=-U_by_10,N=4,U=1.000,1000.000,40.pdf Graphic file (type pdf)
<use ./figures/r-vec-corr-01-t=1.000,J=10.000,0.000,40,V=3J,Ubath=-U_by_10,N=4,U=1.000,1000.000,40.pdf>
Package pdftex.def Info: ./figures/r-vec-corr-01-t=1.000,J=10.000,0.000,40,V=3J,Ubath=-U_by_10,N=4,U=1.000,1000.000,40.pdf  used on input line 467.
(pdftex.def)             Requested size: 136.57635pt x 117.7385pt.
 [49

 <./figures/EE-d-t=1.000,J=10.000,0.000,40,V=3J,Ubath=-U_by_10,N=4,U=1.000,1000.000,40.pdf> <./figures/corr-d0-t=1.000,J=10.000,0.000,40,V=3J,Ubath=-U_by_10,N=4,U=1.000,1000.000,40.pdf

pdfTeX warning: pdflatex (file ./figures/corr-d0-t=1.000,J=10.000,0.000,40,V=3J,Ubath=-U_by_10,N=4,U=1.000,1000.000,40.pdf): PDF inclusion: multiple pdfs with page group included in a single page
> <./figures/r-vec-corr-01-t=1.000,J=10.000,0.000,40,V=3J,Ubath=-U_by_10,N=4,U=1.000,1000.000,40.pdf

pdfTeX warning: pdflatex (file ./figures/r-vec-corr-01-t=1.000,J=10.000,0.000,40,V=3J,Ubath=-U_by_10,N=4,U=1.000,1000.000,40.pdf): PDF inclusion: multiple pdfs with page group included in a single page
>]
<./figures/r1p-t=1.000,J=10.000,0.000,40,V=3J,Ubath=-U_by_10,N=4,U=1.000,1000.000,40.pdf, id=938, 699.35925pt x 656.69186pt>
File: ./figures/r1p-t=1.000,J=10.000,0.000,40,V=3J,Ubath=-U_by_10,N=4,U=1.000,1000.000,40.pdf Graphic file (type pdf)
<use ./figures/r1p-t=1.000,J=10.000,0.000,40,V=3J,Ubath=-U_by_10,N=4,U=1.000,1000.000,40.pdf>
Package pdftex.def Info: ./figures/r1p-t=1.000,J=10.000,0.000,40,V=3J,Ubath=-U_by_10,N=4,U=1.000,1000.000,40.pdf  used on input line 474.
(pdftex.def)             Requested size: 209.1301pt x 196.36778pt.
<./figures/r-od-t=1.000,J=10.000,0.000,40,V=3J,Ubath=-U_by_10,N=4,U=1.000,1000.000,40.pdf, id=939, 717.70398pt x 656.69186pt>
File: ./figures/r-od-t=1.000,J=10.000,0.000,40,V=3J,Ubath=-U_by_10,N=4,U=1.000,1000.000,40.pdf Graphic file (type pdf)
<use ./figures/r-od-t=1.000,J=10.000,0.000,40,V=3J,Ubath=-U_by_10,N=4,U=1.000,1000.000,40.pdf>
Package pdftex.def Info: ./figures/r-od-t=1.000,J=10.000,0.000,40,V=3J,Ubath=-U_by_10,N=4,U=1.000,1000.000,40.pdf  used on input line 474.
(pdftex.def)             Requested size: 209.1301pt x 191.34761pt.
 [50

 <./figures/r1p-t=1.000,J=10.000,0.000,40,V=3J,Ubath=-U_by_10,N=4,U=1.000,1000.000,40.pdf> <./figures/r-od-t=1.000,J=10.000,0.000,40,V=3J,Ubath=-U_by_10,N=4,U=1.000,1000.000,40.pdf

pdfTeX warning: pdflatex (file ./figures/r-od-t=1.000,J=10.000,0.000,40,V=3J,Ubath=-U_by_10,N=4,U=1.000,1000.000,40.pdf): PDF inclusion: multiple pdfs with page group included in a single page
>]
<./figures/spec_func_Ub_by_J=-0.100.pdf, id=968, 691.43199pt x 537.56418pt>
File: ./figures/spec_func_Ub_by_J=-0.100.pdf Graphic file (type pdf)
<use ./figures/spec_func_Ub_by_J=-0.100.pdf>
Package pdftex.def Info: ./figures/spec_func_Ub_by_J=-0.100.pdf  used on input line 484.
(pdftex.def)             Requested size: 136.57635pt x 106.18211pt.
<./figures/spec_func_Ub_by_J=-0.145.pdf, id=969, 691.43199pt x 537.56418pt>
File: ./figures/spec_func_Ub_by_J=-0.145.pdf Graphic file (type pdf)
<use ./figures/spec_func_Ub_by_J=-0.145.pdf>
Package pdftex.def Info: ./figures/spec_func_Ub_by_J=-0.145.pdf  used on input line 484.
(pdftex.def)             Requested size: 136.57635pt x 106.18211pt.
<./figures/spec_func_Ub_by_J=-0.188.pdf, id=970, 691.43199pt x 537.56418pt>
File: ./figures/spec_func_Ub_by_J=-0.188.pdf Graphic file (type pdf)
<use ./figures/spec_func_Ub_by_J=-0.188.pdf>
Package pdftex.def Info: ./figures/spec_func_Ub_by_J=-0.188.pdf  used on input line 484.
(pdftex.def)             Requested size: 136.57635pt x 106.18211pt.
<./figures/spec_func_Ub_by_J=-0.250.pdf, id=971, 691.43199pt x 537.56418pt>
File: ./figures/spec_func_Ub_by_J=-0.250.pdf Graphic file (type pdf)
<use ./figures/spec_func_Ub_by_J=-0.250.pdf>
Package pdftex.def Info: ./figures/spec_func_Ub_by_J=-0.250.pdf  used on input line 484.
(pdftex.def)             Requested size: 136.57635pt x 106.18211pt.
<./figures/spec_func_Ub_by_J=-0.26.pdf, id=972, 647.48645pt x 537.56418pt>
File: ./figures/spec_func_Ub_by_J=-0.26.pdf Graphic file (type pdf)
<use ./figures/spec_func_Ub_by_J=-0.26.pdf>
Package pdftex.def Info: ./figures/spec_func_Ub_by_J=-0.26.pdf  used on input line 484.
(pdftex.def)             Requested size: 136.57635pt x 113.38396pt.

Overfull \vbox (1.97534pt too high) detected at line 484
 []

[51

 <./figures/spec_func_Ub_by_J=-0.100.pdf> <./figures/spec_func_Ub_by_J=-0.145.pdf

pdfTeX warning: pdflatex (file ./figures/spec_func_Ub_by_J=-0.145.pdf): PDF inclusion: multiple pdfs with page group included in a single page
> <./figures/spec_func_Ub_by_J=-0.188.pdf

pdfTeX warning: pdflatex (file ./figures/spec_func_Ub_by_J=-0.188.pdf): PDF inclusion: multiple pdfs with page group included in a single page
> <./figures/spec_func_Ub_by_J=-0.250.pdf

pdfTeX warning: pdflatex (file ./figures/spec_func_Ub_by_J=-0.250.pdf): PDF inclusion: multiple pdfs with page group included in a single page
> <./figures/spec_func_Ub_by_J=-0.26.pdf

pdfTeX warning: pdflatex (file ./figures/spec_func_Ub_by_J=-0.26.pdf): PDF inclusion: multiple pdfs with page group included in a single page
>]
<./figures/spec_func_d0_Ub_by_J=-0.100.pdf, id=1030, 691.43199pt x 537.56418pt>
File: ./figures/spec_func_d0_Ub_by_J=-0.100.pdf Graphic file (type pdf)
<use ./figures/spec_func_d0_Ub_by_J=-0.100.pdf>
Package pdftex.def Info: ./figures/spec_func_d0_Ub_by_J=-0.100.pdf  used on input line 494.
(pdftex.def)             Requested size: 136.57635pt x 106.18211pt.
<./figures/spec_func_d0_Ub_by_J=-0.145.pdf, id=1031, 691.43199pt x 537.56418pt>
File: ./figures/spec_func_d0_Ub_by_J=-0.145.pdf Graphic file (type pdf)
<use ./figures/spec_func_d0_Ub_by_J=-0.145.pdf>
Package pdftex.def Info: ./figures/spec_func_d0_Ub_by_J=-0.145.pdf  used on input line 494.
(pdftex.def)             Requested size: 136.57635pt x 106.18211pt.
<./figures/spec_func_d0_Ub_by_J=-0.188.pdf, id=1032, 691.43199pt x 537.56418pt>
File: ./figures/spec_func_d0_Ub_by_J=-0.188.pdf Graphic file (type pdf)
<use ./figures/spec_func_d0_Ub_by_J=-0.188.pdf>
Package pdftex.def Info: ./figures/spec_func_d0_Ub_by_J=-0.188.pdf  used on input line 494.
(pdftex.def)             Requested size: 136.57635pt x 106.18211pt.
<./figures/spec_func_d0_Ub_by_J=-0.250.pdf, id=1033, 691.43199pt x 537.56418pt>
File: ./figures/spec_func_d0_Ub_by_J=-0.250.pdf Graphic file (type pdf)
<use ./figures/spec_func_d0_Ub_by_J=-0.250.pdf>
Package pdftex.def Info: ./figures/spec_func_d0_Ub_by_J=-0.250.pdf  used on input line 494.
(pdftex.def)             Requested size: 136.57635pt x 106.18211pt.
<./figures/spec_func_d0_Ub_by_J=-0.26.pdf, id=1034, 696.9424pt x 537.56418pt>
File: ./figures/spec_func_d0_Ub_by_J=-0.26.pdf Graphic file (type pdf)
<use ./figures/spec_func_d0_Ub_by_J=-0.26.pdf>
Package pdftex.def Info: ./figures/spec_func_d0_Ub_by_J=-0.26.pdf  used on input line 494.
(pdftex.def)             Requested size: 136.57635pt x 105.33725pt.
 [52

 <./figures/spec_func_d0_Ub_by_J=-0.100.pdf> <./figures/spec_func_d0_Ub_by_J=-0.145.pdf

pdfTeX warning: pdflatex (file ./figures/spec_func_d0_Ub_by_J=-0.145.pdf): PDF inclusion: multiple pdfs with page group included in a single page
> <./figures/spec_func_d0_Ub_by_J=-0.188.pdf

pdfTeX warning: pdflatex (file ./figures/spec_func_d0_Ub_by_J=-0.188.pdf): PDF inclusion: multiple pdfs with page group included in a single page
> <./figures/spec_func_d0_Ub_by_J=-0.250.pdf

pdfTeX warning: pdflatex (file ./figures/spec_func_d0_Ub_by_J=-0.250.pdf): PDF inclusion: multiple pdfs with page group included in a single page
> <./figures/spec_func_d0_Ub_by_J=-0.26.pdf

pdfTeX warning: pdflatex (file ./figures/spec_func_d0_Ub_by_J=-0.26.pdf): PDF inclusion: multiple pdfs with page group included in a single page
>]
<./figures/spec_func_00_Ub_by_J=-0.000.pdf, id=1091, 730.1798pt x 537.56418pt>
File: ./figures/spec_func_00_Ub_by_J=-0.000.pdf Graphic file (type pdf)
<use ./figures/spec_func_00_Ub_by_J=-0.000.pdf>
Package pdftex.def Info: ./figures/spec_func_00_Ub_by_J=-0.000.pdf  used on input line 510.
(pdftex.def)             Requested size: 140.84192pt x 103.68852pt.
<./figures/spec_func_00_Ub_by_J=-0.125.pdf, id=1092, 730.1798pt x 537.56418pt>
File: ./figures/spec_func_00_Ub_by_J=-0.125.pdf Graphic file (type pdf)
<use ./figures/spec_func_00_Ub_by_J=-0.125.pdf>
Package pdftex.def Info: ./figures/spec_func_00_Ub_by_J=-0.125.pdf  used on input line 510.
(pdftex.def)             Requested size: 140.84192pt x 103.68852pt.
<./figures/spec_func_00_Ub_by_J=-0.250.pdf, id=1093, 730.1798pt x 537.56418pt>
File: ./figures/spec_func_00_Ub_by_J=-0.250.pdf Graphic file (type pdf)
<use ./figures/spec_func_00_Ub_by_J=-0.250.pdf>
Package pdftex.def Info: ./figures/spec_func_00_Ub_by_J=-0.250.pdf  used on input line 510.
(pdftex.def)             Requested size: 140.84192pt x 103.68852pt.
<./figures/spec_func_00_Ub_by_J=-0.26.pdf, id=1094, 647.48645pt x 537.56418pt>
File: ./figures/spec_func_00_Ub_by_J=-0.26.pdf Graphic file (type pdf)
<use ./figures/spec_func_00_Ub_by_J=-0.26.pdf>
Package pdftex.def Info: ./figures/spec_func_00_Ub_by_J=-0.26.pdf  used on input line 510.
(pdftex.def)             Requested size: 123.76662pt x 102.75343pt.
 [53

 <./figures/spec_func_00_Ub_by_J=-0.000.pdf> <./figures/spec_func_00_Ub_by_J=-0.125.pdf

pdfTeX warning: pdflatex (file ./figures/spec_func_00_Ub_by_J=-0.125.pdf): PDF inclusion: multiple pdfs with page group included in a single page
> <./figures/spec_func_00_Ub_by_J=-0.250.pdf

pdfTeX warning: pdflatex (file ./figures/spec_func_00_Ub_by_J=-0.250.pdf): PDF inclusion: multiple pdfs with page group included in a single page
> <./figures/spec_func_00_Ub_by_J=-0.26.pdf

pdfTeX warning: pdflatex (file ./figures/spec_func_00_Ub_by_J=-0.26.pdf): PDF inclusion: multiple pdfs with page group included in a single page
>] [54

] [55

] [56

] [57

] [58

] [59

]
<./figures/dimer_dispersion.pdf, id=1175, 854.80211pt x 251.87839pt>
File: ./figures/dimer_dispersion.pdf Graphic file (type pdf)
<use ./figures/dimer_dispersion.pdf>
Package pdftex.def Info: ./figures/dimer_dispersion.pdf  used on input line 530.
(pdftex.def)             Requested size: 256.63826pt x 75.6232pt.
 [60

 <./figures/dimer_dispersion.pdf>] [61

]
\tf@nav=\write7
\openout7 = `aux_model.nav'.

\tf@toc=\write8
\openout8 = `aux_model.toc'.

\tf@snm=\write9
\openout9 = `aux_model.snm'.

 (./aux_model.aux)

LaTeX Warning: There were undefined references.

Package rerunfilecheck Info: File `aux_model.out' has not changed.
(rerunfilecheck)             Checksum: 241C1ED054E78A682EDFA7254739BE17;1524.
Package logreq Info: Writing requests to 'aux_model.run.xml'.
\openout1 = `aux_model.run.xml'.

 ) 
Here is how much of TeX's memory you used:
 32873 strings out of 478238
 669394 string characters out of 5850457
 1104309 words of memory out of 5000000
 50346 multiletter control sequences out of 15000+600000
 485767 words of font info for 88 fonts, out of 8000000 for 9000
 1141 hyphenation exceptions out of 8191
 101i,15n,111p,1847b,1815s stack positions out of 5000i,500n,10000p,200000b,80000s

pdfTeX warning (dest): name{cite.0@anirbanurg2} has been referenced but does not exist, replaced by a fixed one


pdfTeX warning (dest): name{cite.0@anirbanurg1} has been referenced but does not exist, replaced by a fixed one


pdfTeX warning (dest): name{cite.0@anderson_impurity_1961} has been referenced but does not exist, replaced by a fixed one


pdfTeX warning (dest): name{cite.0@Schrieffer_Wolff} has been referenced but does not exist, replaced by a fixed one

{/usr/share/texmf-dist/fonts/enc/dvips/cm-super/cm-super-ts1.enc}</usr/share/texmf-dist/fonts/type1/public/amsfonts/cm/cmex10.pfb></usr/share/texmf-dist/fonts/type1/public/amsfonts/cm/cmmi10.pfb></usr/share/texmf-dist/fonts/type1/public/amsfonts/cm/cmmi12.pfb></usr/share/texmf-dist/fonts/type1/public/amsfonts/cm/cmmi8.pfb></usr/share/texmf-dist/fonts/type1/public/amsfonts/cm/cmr17.pfb></usr/share/texmf-dist/fonts/type1/public/amsfonts/cm/cmss10.pfb></usr/share/texmf-dist/fonts/type1/public/amsfonts/cm/cmss12.pfb></usr/share/texmf-dist/fonts/type1/public/amsfonts/cm/cmss17.pfb></usr/share/texmf-dist/fonts/type1/public/amsfonts/cm/cmss8.pfb></usr/share/texmf-dist/fonts/type1/public/amsfonts/cm/cmssbx10.pfb></usr/share/texmf-dist/fonts/type1/public/amsfonts/cm/cmssi10.pfb></usr/share/texmf-dist/fonts/type1/public/amsfonts/cm/cmssi12.pfb></usr/share/texmf-dist/fonts/type1/public/amsfonts/cm/cmssi8.pfb></usr/share/texmf-dist/fonts/type1/public/amsfonts/cm/cmsy10.pfb></usr/share/texmf-dist/fonts/type1/public/amsfonts/cm/cmsy6.pfb></usr/share/texmf-dist/fonts/type1/public/amsfonts/cm/cmsy8.pfb></usr/share/texmf-dist/fonts/type1/public/cm-super/sfss1095.pfb>
Output written on aux_model.pdf (61 pages, 813702 bytes).
PDF statistics:
 1287 PDF objects out of 1440 (max. 8388607)
 897 compressed objects within 9 object streams
 142 named destinations out of 1000 (max. 500000)
 360 words of extra memory for PDF output out of 10000 (max. 10000000)

