This is pdfTeX, Version 3.141592653-2.6-1.40.27 (TeX Live 2026/dev/Arch Linux) (preloaded format=pdflatex 2025.3.24)  7 MAY 2025 20:11
entering extended mode
 restricted \write18 enabled.
 file:line:error style messages enabled.
 %&-line parsing enabled.
**kondo_presentation.tex
(./kondo_presentation.tex
LaTeX2e <2024-11-01> patch level 2
L3 programming layer <2025-01-18>
(/usr/share/texmf-dist/tex/latex/beamer/beamer.cls
Document Class: beamer 2025/02/04 v3.72 A class for typesetting presentations
(/usr/share/texmf-dist/tex/latex/beamer/beamerbasemodes.sty (/usr/share/texmf-dist/tex/latex/etoolbox/etoolbox.sty
Package: etoolbox 2025/02/11 v2.5l e-TeX tools for LaTeX (JAW)
\etb@tempcnta=\count196
)
\beamer@tempbox=\box52
\beamer@tempcount=\count197
\c@beamerpauses=\count198
 (/usr/share/texmf-dist/tex/latex/beamer/beamerbasedecode.sty
\beamer@slideinframe=\count199
\beamer@minimum=\count266
\beamer@decode@box=\box53
)
\beamer@commentbox=\box54
\beamer@modecount=\count267
) (/usr/share/texmf-dist/tex/generic/iftex/iftex.sty
Package: iftex 2024/12/12 v1.0g TeX engine tests
)
\headdp=\dimen141
\footheight=\dimen142
\sidebarheight=\dimen143
\beamer@tempdim=\dimen144
\beamer@finalheight=\dimen145
\beamer@animht=\dimen146
\beamer@animdp=\dimen147
\beamer@animwd=\dimen148
\beamer@leftmargin=\dimen149
\beamer@rightmargin=\dimen150
\beamer@leftsidebar=\dimen151
\beamer@rightsidebar=\dimen152
\beamer@boxsize=\dimen153
\beamer@vboxoffset=\dimen154
\beamer@descdefault=\dimen155
\beamer@descriptionwidth=\dimen156
\beamer@lastskip=\skip49
\beamer@areabox=\box55
\beamer@animcurrent=\box56
\beamer@animshowbox=\box57
\beamer@sectionbox=\box58
\beamer@logobox=\box59
\beamer@linebox=\box60
\beamer@sectioncount=\count268
\beamer@subsubsectionmax=\count269
\beamer@subsectionmax=\count270
\beamer@sectionmax=\count271
\beamer@totalheads=\count272
\beamer@headcounter=\count273
\beamer@partstartpage=\count274
\beamer@sectionstartpage=\count275
\beamer@subsectionstartpage=\count276
\beamer@animationtempa=\count277
\beamer@animationtempb=\count278
\beamer@xpos=\count279
\beamer@ypos=\count280
\beamer@ypos@offset=\count281
\beamer@showpartnumber=\count282
\beamer@currentsubsection=\count283
\beamer@coveringdepth=\count284
\beamer@sectionadjust=\count285
\beamer@toclastsection=\count286
\beamer@tocsectionnumber=\count287
 (/usr/share/texmf-dist/tex/latex/beamer/beamerbaseoptions.sty (/usr/share/texmf-dist/tex/latex/graphics/keyval.sty
Package: keyval 2022/05/29 v1.15 key=value parser (DPC)
\KV@toks@=\toks17
))
\beamer@paperwidth=\skip50
\beamer@paperheight=\skip51
 (/usr/share/texmf-dist/tex/latex/geometry/geometry.sty
Package: geometry 2020/01/02 v5.9 Page Geometry
 (/usr/share/texmf-dist/tex/generic/iftex/ifvtex.sty
Package: ifvtex 2019/10/25 v1.7 ifvtex legacy package. Use iftex instead.
)
\Gm@cnth=\count288
\Gm@cntv=\count289
\c@Gm@tempcnt=\count290
\Gm@bindingoffset=\dimen157
\Gm@wd@mp=\dimen158
\Gm@odd@mp=\dimen159
\Gm@even@mp=\dimen160
\Gm@layoutwidth=\dimen161
\Gm@layoutheight=\dimen162
\Gm@layouthoffset=\dimen163
\Gm@layoutvoffset=\dimen164
\Gm@dimlist=\toks18
) (/usr/share/texmf-dist/tex/latex/pgf/math/pgfmath.sty (/usr/share/texmf-dist/tex/latex/pgf/utilities/pgfrcs.sty (/usr/share/texmf-dist/tex/generic/pgf/utilities/pgfutil-common.tex
\pgfutil@everybye=\toks19
\pgfutil@tempdima=\dimen165
\pgfutil@tempdimb=\dimen166
) (/usr/share/texmf-dist/tex/generic/pgf/utilities/pgfutil-latex.def
\pgfutil@abb=\box61
) (/usr/share/texmf-dist/tex/generic/pgf/utilities/pgfrcs.code.tex (/usr/share/texmf-dist/tex/generic/pgf/pgf.revision.tex)
Package: pgfrcs 2023-01-15 v3.1.10 (3.1.10)
)) (/usr/share/texmf-dist/tex/latex/pgf/utilities/pgfkeys.sty (/usr/share/texmf-dist/tex/generic/pgf/utilities/pgfkeys.code.tex
\pgfkeys@pathtoks=\toks20
\pgfkeys@temptoks=\toks21
 (/usr/share/texmf-dist/tex/generic/pgf/utilities/pgfkeyslibraryfiltered.code.tex
\pgfkeys@tmptoks=\toks22
))) (/usr/share/texmf-dist/tex/generic/pgf/math/pgfmath.code.tex (/usr/share/texmf-dist/tex/generic/pgf/math/pgfmathutil.code.tex
\pgf@x=\dimen167
\pgf@xa=\dimen168
\pgf@xb=\dimen169
\pgf@xc=\dimen170
\pgf@y=\dimen171
\pgf@ya=\dimen172
\pgf@yb=\dimen173
\pgf@yc=\dimen174
\c@pgf@counta=\count291
\c@pgf@countb=\count292
\c@pgf@countc=\count293
\c@pgf@countd=\count294
) (/usr/share/texmf-dist/tex/generic/pgf/math/pgfmathparser.code.tex
\pgfmath@dimen=\dimen175
\pgfmath@count=\count295
\pgfmath@box=\box62
\pgfmath@toks=\toks23
\pgfmath@stack@operand=\toks24
\pgfmath@stack@operation=\toks25
) (/usr/share/texmf-dist/tex/generic/pgf/math/pgfmathfunctions.code.tex) (/usr/share/texmf-dist/tex/generic/pgf/math/pgfmathfunctions.basic.code.tex) (/usr/share/texmf-dist/tex/generic/pgf/math/pgfmathfunctions.trigonometric.code.tex) (/usr/share/texmf-dist/tex/generic/pgf/math/pgfmathfunctions.random.code.tex) (/usr/share/texmf-dist/tex/generic/pgf/math/pgfmathfunctions.comparison.code.tex) (/usr/share/texmf-dist/tex/generic/pgf/math/pgfmathfunctions.base.code.tex) (/usr/share/texmf-dist/tex/generic/pgf/math/pgfmathfunctions.round.code.tex) (/usr/share/texmf-dist/tex/generic/pgf/math/pgfmathfunctions.misc.code.tex) (/usr/share/texmf-dist/tex/generic/pgf/math/pgfmathfunctions.integerarithmetics.code.tex)
(/usr/share/texmf-dist/tex/generic/pgf/math/pgfmathcalc.code.tex) (/usr/share/texmf-dist/tex/generic/pgf/math/pgfmathfloat.code.tex
\c@pgfmathroundto@lastzeros=\count296
))) (/usr/share/texmf-dist/tex/latex/base/size11.clo
File: size11.clo 2024/06/29 v1.4n Standard LaTeX file (size option)
) (/usr/share/texmf-dist/tex/latex/pgf/basiclayer/pgfcore.sty (/usr/share/texmf-dist/tex/latex/graphics/graphicx.sty
Package: graphicx 2021/09/16 v1.2d Enhanced LaTeX Graphics (DPC,SPQR)
 (/usr/share/texmf-dist/tex/latex/graphics/graphics.sty
Package: graphics 2024/08/06 v1.4g Standard LaTeX Graphics (DPC,SPQR)
 (/usr/share/texmf-dist/tex/latex/graphics/trig.sty
Package: trig 2023/12/02 v1.11 sin cos tan (DPC)
) (/usr/share/texmf-dist/tex/latex/graphics-cfg/graphics.cfg
File: graphics.cfg 2016/06/04 v1.11 sample graphics configuration
)
Package graphics Info: Driver file: pdftex.def on input line 106.
 (/usr/share/texmf-dist/tex/latex/graphics-def/pdftex.def
File: pdftex.def 2024/04/13 v1.2c Graphics/color driver for pdftex
))
\Gin@req@height=\dimen176
\Gin@req@width=\dimen177
) (/usr/share/texmf-dist/tex/latex/pgf/systemlayer/pgfsys.sty (/usr/share/texmf-dist/tex/generic/pgf/systemlayer/pgfsys.code.tex
Package: pgfsys 2023-01-15 v3.1.10 (3.1.10)
\pgf@x=\dimen178
\pgf@y=\dimen179
\pgf@xa=\dimen180
\pgf@ya=\dimen181
\pgf@xb=\dimen182
\pgf@yb=\dimen183
\pgf@xc=\dimen184
\pgf@yc=\dimen185
\pgf@xd=\dimen186
\pgf@yd=\dimen187
\w@pgf@writea=\write3
\r@pgf@reada=\read2
\c@pgf@counta=\count297
\c@pgf@countb=\count298
\c@pgf@countc=\count299
\c@pgf@countd=\count300
\t@pgf@toka=\toks26
\t@pgf@tokb=\toks27
\t@pgf@tokc=\toks28
\pgf@sys@id@count=\count301
 (/usr/share/texmf-dist/tex/generic/pgf/systemlayer/pgf.cfg
File: pgf.cfg 2023-01-15 v3.1.10 (3.1.10)
)
Driver file for pgf: pgfsys-pdftex.def
 (/usr/share/texmf-dist/tex/generic/pgf/systemlayer/pgfsys-pdftex.def
File: pgfsys-pdftex.def 2023-01-15 v3.1.10 (3.1.10)
 (/usr/share/texmf-dist/tex/generic/pgf/systemlayer/pgfsys-common-pdf.def
File: pgfsys-common-pdf.def 2023-01-15 v3.1.10 (3.1.10)
))) (/usr/share/texmf-dist/tex/generic/pgf/systemlayer/pgfsyssoftpath.code.tex
File: pgfsyssoftpath.code.tex 2023-01-15 v3.1.10 (3.1.10)
\pgfsyssoftpath@smallbuffer@items=\count302
\pgfsyssoftpath@bigbuffer@items=\count303
) (/usr/share/texmf-dist/tex/generic/pgf/systemlayer/pgfsysprotocol.code.tex
File: pgfsysprotocol.code.tex 2023-01-15 v3.1.10 (3.1.10)
)) (/usr/share/texmf-dist/tex/latex/xcolor/xcolor.sty
Package: xcolor 2024/09/29 v3.02 LaTeX color extensions (UK)
 (/usr/share/texmf-dist/tex/latex/graphics-cfg/color.cfg
File: color.cfg 2016/01/02 v1.6 sample color configuration
)
Package xcolor Info: Driver file: pdftex.def on input line 274.
 (/usr/share/texmf-dist/tex/latex/graphics/mathcolor.ltx)
Package xcolor Info: Model `cmy' substituted by `cmy0' on input line 1349.
Package xcolor Info: Model `hsb' substituted by `rgb' on input line 1353.
Package xcolor Info: Model `RGB' extended on input line 1365.
Package xcolor Info: Model `HTML' substituted by `rgb' on input line 1367.
Package xcolor Info: Model `Hsb' substituted by `hsb' on input line 1368.
Package xcolor Info: Model `tHsb' substituted by `hsb' on input line 1369.
Package xcolor Info: Model `HSB' substituted by `hsb' on input line 1370.
Package xcolor Info: Model `Gray' substituted by `gray' on input line 1371.
Package xcolor Info: Model `wave' substituted by `hsb' on input line 1372.
) (/usr/share/texmf-dist/tex/generic/pgf/basiclayer/pgfcore.code.tex
Package: pgfcore 2023-01-15 v3.1.10 (3.1.10)
 (/usr/share/texmf-dist/tex/generic/pgf/math/pgfint.code.tex) (/usr/share/texmf-dist/tex/generic/pgf/basiclayer/pgfcorepoints.code.tex
File: pgfcorepoints.code.tex 2023-01-15 v3.1.10 (3.1.10)
\pgf@picminx=\dimen188
\pgf@picmaxx=\dimen189
\pgf@picminy=\dimen190
\pgf@picmaxy=\dimen191
\pgf@pathminx=\dimen192
\pgf@pathmaxx=\dimen193
\pgf@pathminy=\dimen194
\pgf@pathmaxy=\dimen195
\pgf@xx=\dimen196
\pgf@xy=\dimen197
\pgf@yx=\dimen198
\pgf@yy=\dimen199
\pgf@zx=\dimen256
\pgf@zy=\dimen257
) (/usr/share/texmf-dist/tex/generic/pgf/basiclayer/pgfcorepathconstruct.code.tex
File: pgfcorepathconstruct.code.tex 2023-01-15 v3.1.10 (3.1.10)
\pgf@path@lastx=\dimen258
\pgf@path@lasty=\dimen259
) (/usr/share/texmf-dist/tex/generic/pgf/basiclayer/pgfcorepathusage.code.tex
File: pgfcorepathusage.code.tex 2023-01-15 v3.1.10 (3.1.10)
\pgf@shorten@end@additional=\dimen260
\pgf@shorten@start@additional=\dimen261
) (/usr/share/texmf-dist/tex/generic/pgf/basiclayer/pgfcorescopes.code.tex
File: pgfcorescopes.code.tex 2023-01-15 v3.1.10 (3.1.10)
\pgfpic=\box63
\pgf@hbox=\box64
\pgf@layerbox@main=\box65
\pgf@picture@serial@count=\count304
) (/usr/share/texmf-dist/tex/generic/pgf/basiclayer/pgfcoregraphicstate.code.tex
File: pgfcoregraphicstate.code.tex 2023-01-15 v3.1.10 (3.1.10)
\pgflinewidth=\dimen262
) (/usr/share/texmf-dist/tex/generic/pgf/basiclayer/pgfcoretransformations.code.tex
File: pgfcoretransformations.code.tex 2023-01-15 v3.1.10 (3.1.10)
\pgf@pt@x=\dimen263
\pgf@pt@y=\dimen264
\pgf@pt@temp=\dimen265
) (/usr/share/texmf-dist/tex/generic/pgf/basiclayer/pgfcorequick.code.tex
File: pgfcorequick.code.tex 2023-01-15 v3.1.10 (3.1.10)
) (/usr/share/texmf-dist/tex/generic/pgf/basiclayer/pgfcoreobjects.code.tex
File: pgfcoreobjects.code.tex 2023-01-15 v3.1.10 (3.1.10)
)
(/usr/share/texmf-dist/tex/generic/pgf/basiclayer/pgfcorepathprocessing.code.tex
File: pgfcorepathprocessing.code.tex 2023-01-15 v3.1.10 (3.1.10)
) (/usr/share/texmf-dist/tex/generic/pgf/basiclayer/pgfcorearrows.code.tex
File: pgfcorearrows.code.tex 2023-01-15 v3.1.10 (3.1.10)
\pgfarrowsep=\dimen266
) (/usr/share/texmf-dist/tex/generic/pgf/basiclayer/pgfcoreshade.code.tex
File: pgfcoreshade.code.tex 2023-01-15 v3.1.10 (3.1.10)
\pgf@max=\dimen267
\pgf@sys@shading@range@num=\count305
\pgf@shadingcount=\count306
) (/usr/share/texmf-dist/tex/generic/pgf/basiclayer/pgfcoreimage.code.tex
File: pgfcoreimage.code.tex 2023-01-15 v3.1.10 (3.1.10)
) (/usr/share/texmf-dist/tex/generic/pgf/basiclayer/pgfcoreexternal.code.tex
File: pgfcoreexternal.code.tex 2023-01-15 v3.1.10 (3.1.10)
\pgfexternal@startupbox=\box66
) (/usr/share/texmf-dist/tex/generic/pgf/basiclayer/pgfcorelayers.code.tex
File: pgfcorelayers.code.tex 2023-01-15 v3.1.10 (3.1.10)
) (/usr/share/texmf-dist/tex/generic/pgf/basiclayer/pgfcoretransparency.code.tex
File: pgfcoretransparency.code.tex 2023-01-15 v3.1.10 (3.1.10)
) (/usr/share/texmf-dist/tex/generic/pgf/basiclayer/pgfcorepatterns.code.tex
File: pgfcorepatterns.code.tex 2023-01-15 v3.1.10 (3.1.10)
) (/usr/share/texmf-dist/tex/generic/pgf/basiclayer/pgfcorerdf.code.tex
File: pgfcorerdf.code.tex 2023-01-15 v3.1.10 (3.1.10)
))) (/usr/share/texmf-dist/tex/latex/pgf/utilities/xxcolor.sty
Package: xxcolor 2003/10/24 ver 0.1
\XC@nummixins=\count307
\XC@countmixins=\count308
) (/usr/share/texmf-dist/tex/latex/base/atbegshi-ltx.sty
Package: atbegshi-ltx 2021/01/10 v1.0c Emulation of the original atbegshi
package with kernel methods
) (/usr/share/texmf-dist/tex/latex/hyperref/hyperref.sty
Package: hyperref 2024-11-05 v7.01l Hypertext links for LaTeX
 (/usr/share/texmf-dist/tex/latex/kvsetkeys/kvsetkeys.sty
Package: kvsetkeys 2022-10-05 v1.19 Key value parser (HO)
) (/usr/share/texmf-dist/tex/generic/kvdefinekeys/kvdefinekeys.sty
Package: kvdefinekeys 2019-12-19 v1.6 Define keys (HO)
) (/usr/share/texmf-dist/tex/generic/pdfescape/pdfescape.sty
Package: pdfescape 2019/12/09 v1.15 Implements pdfTeX's escape features (HO)
 (/usr/share/texmf-dist/tex/generic/ltxcmds/ltxcmds.sty
Package: ltxcmds 2023-12-04 v1.26 LaTeX kernel commands for general use (HO)
) (/usr/share/texmf-dist/tex/generic/pdftexcmds/pdftexcmds.sty
Package: pdftexcmds 2020-06-27 v0.33 Utility functions of pdfTeX for LuaTeX (HO)
 (/usr/share/texmf-dist/tex/generic/infwarerr/infwarerr.sty
Package: infwarerr 2019/12/03 v1.5 Providing info/warning/error messages (HO)
)
Package pdftexcmds Info: \pdf@primitive is available.
Package pdftexcmds Info: \pdf@ifprimitive is available.
Package pdftexcmds Info: \pdfdraftmode found.
)) (/usr/share/texmf-dist/tex/latex/hycolor/hycolor.sty
Package: hycolor 2020-01-27 v1.10 Color options for hyperref/bookmark (HO)
) (/usr/share/texmf-dist/tex/latex/hyperref/nameref.sty
Package: nameref 2023-11-26 v2.56 Cross-referencing by name of section
 (/usr/share/texmf-dist/tex/latex/refcount/refcount.sty
Package: refcount 2019/12/15 v3.6 Data extraction from label references (HO)
) (/usr/share/texmf-dist/tex/generic/gettitlestring/gettitlestring.sty
Package: gettitlestring 2019/12/15 v1.6 Cleanup title references (HO)
 (/usr/share/texmf-dist/tex/latex/kvoptions/kvoptions.sty
Package: kvoptions 2022-06-15 v3.15 Key value format for package options (HO)
))
\c@section@level=\count309
) (/usr/share/texmf-dist/tex/generic/stringenc/stringenc.sty
Package: stringenc 2019/11/29 v1.12 Convert strings between diff. encodings (HO)
)
\@linkdim=\dimen268
\Hy@linkcounter=\count310
\Hy@pagecounter=\count311
 (/usr/share/texmf-dist/tex/latex/hyperref/pd1enc.def
File: pd1enc.def 2024-11-05 v7.01l Hyperref: PDFDocEncoding definition (HO)
Now handling font encoding PD1 ...
... no UTF-8 mapping file for font encoding PD1
) (/usr/share/texmf-dist/tex/generic/intcalc/intcalc.sty
Package: intcalc 2019/12/15 v1.3 Expandable calculations with integers (HO)
)
\Hy@SavedSpaceFactor=\count312
 (/usr/share/texmf-dist/tex/latex/hyperref/puenc.def
File: puenc.def 2024-11-05 v7.01l Hyperref: PDF Unicode definition (HO)
Now handling font encoding PU ...
... no UTF-8 mapping file for font encoding PU
)
Package hyperref Info: Option `bookmarks' set `true' on input line 4040.
Package hyperref Info: Option `bookmarksopen' set `true' on input line 4040.
Package hyperref Info: Option `implicit' set `false' on input line 4040.
Package hyperref Info: Hyper figures OFF on input line 4157.
Package hyperref Info: Link nesting OFF on input line 4162.
Package hyperref Info: Hyper index ON on input line 4165.
Package hyperref Info: Plain pages OFF on input line 4172.
Package hyperref Info: Backreferencing OFF on input line 4177.
Package hyperref Info: Implicit mode OFF; no redefinition of LaTeX internals.
Package hyperref Info: Bookmarks ON on input line 4424.
\c@Hy@tempcnt=\count313
 (/usr/share/texmf-dist/tex/latex/url/url.sty
\Urlmuskip=\muskip17
Package: url 2013/09/16  ver 3.4  Verb mode for urls, etc.
)
LaTeX Info: Redefining \url on input line 4763.
\XeTeXLinkMargin=\dimen269
 (/usr/share/texmf-dist/tex/generic/bitset/bitset.sty
Package: bitset 2019/12/09 v1.3 Handle bit-vector datatype (HO)
 (/usr/share/texmf-dist/tex/generic/bigintcalc/bigintcalc.sty
Package: bigintcalc 2019/12/15 v1.5 Expandable calculations on big integers (HO)
))
\Fld@menulength=\count314
\Field@Width=\dimen270
\Fld@charsize=\dimen271
Package hyperref Info: Hyper figures OFF on input line 6042.
Package hyperref Info: Link nesting OFF on input line 6047.
Package hyperref Info: Hyper index ON on input line 6050.
Package hyperref Info: backreferencing OFF on input line 6057.
Package hyperref Info: Link coloring OFF on input line 6062.
Package hyperref Info: Link coloring with OCG OFF on input line 6067.
Package hyperref Info: PDF/A mode OFF on input line 6072.
\Hy@abspage=\count315


Package hyperref Message: Stopped early.

)
Package hyperref Info: Driver (autodetected): hpdftex.
 (/usr/share/texmf-dist/tex/latex/hyperref/hpdftex.def
File: hpdftex.def 2024-11-05 v7.01l Hyperref driver for pdfTeX
 (/usr/share/texmf-dist/tex/latex/base/atveryend-ltx.sty
Package: atveryend-ltx 2020/08/19 v1.0a Emulation of the original atveryend package
with kernel methods
)
\Fld@listcount=\count316
\c@bookmark@seq@number=\count317
 (/usr/share/texmf-dist/tex/latex/rerunfilecheck/rerunfilecheck.sty
Package: rerunfilecheck 2022-07-10 v1.10 Rerun checks for auxiliary files (HO)
 (/usr/share/texmf-dist/tex/generic/uniquecounter/uniquecounter.sty
Package: uniquecounter 2019/12/15 v1.4 Provide unlimited unique counter (HO)
)
Package uniquecounter Info: New unique counter `rerunfilecheck' on input line 285.
)) (/usr/share/texmf-dist/tex/latex/beamer/beamerbaserequires.sty (/usr/share/texmf-dist/tex/latex/beamer/beamerbasecompatibility.sty) (/usr/share/texmf-dist/tex/latex/beamer/beamerbasefont.sty (/usr/share/texmf-dist/tex/latex/amsfonts/amssymb.sty
Package: amssymb 2013/01/14 v3.01 AMS font symbols
 (/usr/share/texmf-dist/tex/latex/amsfonts/amsfonts.sty
Package: amsfonts 2013/01/14 v3.01 Basic AMSFonts support
\@emptytoks=\toks29
\symAMSa=\mathgroup4
\symAMSb=\mathgroup5
LaTeX Font Info:    Redeclaring math symbol \hbar on input line 98.
LaTeX Font Info:    Overwriting math alphabet `\mathfrak' in version `bold'
(Font)                  U/euf/m/n --> U/euf/b/n on input line 106.
)) (/usr/share/texmf-dist/tex/latex/sansmathaccent/sansmathaccent.sty
Package: sansmathaccent 2020/01/31
 (/usr/share/texmf-dist/tex/latex/koma-script/scrlfile.sty
Package: scrlfile 2024/10/24 v3.43 KOMA-Script package (file load hooks)
 (/usr/share/texmf-dist/tex/latex/koma-script/scrlfile-hook.sty
Package: scrlfile-hook 2024/10/24 v3.43 KOMA-Script package (using LaTeX hooks)
 (/usr/share/texmf-dist/tex/latex/koma-script/scrlogo.sty
Package: scrlogo 2024/10/24 v3.43 KOMA-Script package (logo)
))))) (/usr/share/texmf-dist/tex/latex/beamer/beamerbasetranslator.sty (/usr/share/texmf-dist/tex/latex/translator/translator.sty
Package: translator 2021-05-31 v1.12d Easy translation of strings in LaTeX
)) (/usr/share/texmf-dist/tex/latex/beamer/beamerbasemisc.sty) (/usr/share/texmf-dist/tex/latex/beamer/beamerbasetwoscreens.sty) (/usr/share/texmf-dist/tex/latex/beamer/beamerbaseoverlay.sty
\beamer@argscount=\count318
\beamer@lastskipcover=\skip52
\beamer@trivlistdepth=\count319
) (/usr/share/texmf-dist/tex/latex/beamer/beamerbasetitle.sty) (/usr/share/texmf-dist/tex/latex/beamer/beamerbasesection.sty
\c@lecture=\count320
\c@part=\count321
\c@section=\count322
\c@subsection=\count323
\c@subsubsection=\count324
) (/usr/share/texmf-dist/tex/latex/beamer/beamerbaseframe.sty
\beamer@framebox=\box67
\beamer@frametitlebox=\box68
\beamer@zoombox=\box69
\beamer@zoomcount=\count325
\beamer@zoomframecount=\count326
\beamer@frametextheight=\dimen272
\c@subsectionslide=\count327
\beamer@frametopskip=\skip53
\beamer@framebottomskip=\skip54
\beamer@frametopskipautobreak=\skip55
\beamer@framebottomskipautobreak=\skip56
\beamer@envbody=\toks30
\framewidth=\dimen273
\c@framenumber=\count328
) (/usr/share/texmf-dist/tex/latex/beamer/beamerbaseverbatim.sty
\beamer@verbatimfileout=\write4
) (/usr/share/texmf-dist/tex/latex/beamer/beamerbaseframesize.sty
\beamer@splitbox=\box70
\beamer@autobreakcount=\count329
\beamer@autobreaklastheight=\dimen274
\beamer@frametitletoks=\toks31
\beamer@framesubtitletoks=\toks32
) (/usr/share/texmf-dist/tex/latex/beamer/beamerbaseframecomponents.sty
\beamer@footins=\box71
) (/usr/share/texmf-dist/tex/latex/beamer/beamerbasecolor.sty) (/usr/share/texmf-dist/tex/latex/beamer/beamerbasenotes.sty
\beamer@frameboxcopy=\box72
) (/usr/share/texmf-dist/tex/latex/beamer/beamerbasetoc.sty) (/usr/share/texmf-dist/tex/latex/beamer/beamerbasetemplates.sty
\beamer@sbttoks=\toks33
 (/usr/share/texmf-dist/tex/latex/beamer/beamerbaseauxtemplates.sty (/usr/share/texmf-dist/tex/latex/beamer/beamerbaseboxes.sty
\bmb@box=\box73
\bmb@colorbox=\box74
\bmb@boxwidth=\dimen275
\bmb@boxheight=\dimen276
\bmb@prevheight=\dimen277
\bmb@temp=\dimen278
\bmb@dima=\dimen279
\bmb@dimb=\dimen280
\bmb@prevheight=\dimen281
)
\beamer@blockheadheight=\dimen282
)) (/usr/share/texmf-dist/tex/latex/beamer/beamerbaselocalstructure.sty (/usr/share/texmf-dist/tex/latex/tools/enumerate.sty
Package: enumerate 2023/07/04 v3.00 enumerate extensions (DPC)
\@enLab=\toks34
)
\beamer@bibiconwidth=\skip57
\c@figure=\count330
\c@table=\count331
\abovecaptionskip=\skip58
\belowcaptionskip=\skip59
) (/usr/share/texmf-dist/tex/latex/beamer/beamerbasenavigation.sty (/usr/share/texmf-dist/tex/latex/beamer/beamerbasenavigationsymbols.tex)
\beamer@section@min@dim=\dimen283
) (/usr/share/texmf-dist/tex/latex/beamer/beamerbasetheorems.sty (/usr/share/texmf-dist/tex/latex/amsmath/amsmath.sty
Package: amsmath 2024/11/05 v2.17t AMS math features
\@mathmargin=\skip60

For additional information on amsmath, use the `?' option.
(/usr/share/texmf-dist/tex/latex/amsmath/amstext.sty
Package: amstext 2021/08/26 v2.01 AMS text
 (/usr/share/texmf-dist/tex/latex/amsmath/amsgen.sty
File: amsgen.sty 1999/11/30 v2.0 generic functions
\@emptytoks=\toks35
\ex@=\dimen284
)) (/usr/share/texmf-dist/tex/latex/amsmath/amsbsy.sty
Package: amsbsy 1999/11/29 v1.2d Bold Symbols
\pmbraise@=\dimen285
) (/usr/share/texmf-dist/tex/latex/amsmath/amsopn.sty
Package: amsopn 2022/04/08 v2.04 operator names
)
\inf@bad=\count332
LaTeX Info: Redefining \frac on input line 233.
\uproot@=\count333
\leftroot@=\count334
LaTeX Info: Redefining \overline on input line 398.
LaTeX Info: Redefining \colon on input line 409.
\classnum@=\count335
\DOTSCASE@=\count336
LaTeX Info: Redefining \ldots on input line 495.
LaTeX Info: Redefining \dots on input line 498.
LaTeX Info: Redefining \cdots on input line 619.
\Mathstrutbox@=\box75
\strutbox@=\box76
LaTeX Info: Redefining \big on input line 721.
LaTeX Info: Redefining \Big on input line 722.
LaTeX Info: Redefining \bigg on input line 723.
LaTeX Info: Redefining \Bigg on input line 724.
\big@size=\dimen286
LaTeX Font Info:    Redeclaring font encoding OML on input line 742.
LaTeX Font Info:    Redeclaring font encoding OMS on input line 743.
\macc@depth=\count337
LaTeX Info: Redefining \bmod on input line 904.
LaTeX Info: Redefining \pmod on input line 909.
LaTeX Info: Redefining \smash on input line 939.
LaTeX Info: Redefining \relbar on input line 969.
LaTeX Info: Redefining \Relbar on input line 970.
\c@MaxMatrixCols=\count338
\dotsspace@=\muskip18
\c@parentequation=\count339
\dspbrk@lvl=\count340
\tag@help=\toks36
\row@=\count341
\column@=\count342
\maxfields@=\count343
\andhelp@=\toks37
\eqnshift@=\dimen287
\alignsep@=\dimen288
\tagshift@=\dimen289
\tagwidth@=\dimen290
\totwidth@=\dimen291
\lineht@=\dimen292
\@envbody=\toks38
\multlinegap=\skip61
\multlinetaggap=\skip62
\mathdisplay@stack=\toks39
LaTeX Info: Redefining \[ on input line 2953.
LaTeX Info: Redefining \] on input line 2954.
) (/usr/share/texmf-dist/tex/latex/amscls/amsthm.sty
Package: amsthm 2020/05/29 v2.20.6
\thm@style=\toks40
\thm@bodyfont=\toks41
\thm@headfont=\toks42
\thm@notefont=\toks43
\thm@headpunct=\toks44
\thm@preskip=\skip63
\thm@postskip=\skip64
\thm@headsep=\skip65
\dth@everypar=\toks45
)
\c@theorem=\count344
) (/usr/share/texmf-dist/tex/latex/beamer/beamerbasethemes.sty)) (/usr/share/texmf-dist/tex/latex/beamer/beamerthemedefault.sty (/usr/share/texmf-dist/tex/latex/beamer/beamerfontthemedefault.sty) (/usr/share/texmf-dist/tex/latex/beamer/beamercolorthemedefault.sty) (/usr/share/texmf-dist/tex/latex/beamer/beamerinnerthemedefault.sty
\beamer@dima=\dimen293
\beamer@dimb=\dimen294
) (/usr/share/texmf-dist/tex/latex/beamer/beamerouterthemedefault.sty))) (/usr/share/texmf-dist/tex/latex/lm/lmodern.sty
Package: lmodern 2015/05/01 v1.6.1 Latin Modern Fonts
LaTeX Font Info:    Overwriting symbol font `operators' in version `normal'
(Font)                  OT1/cmr/m/n --> OT1/lmr/m/n on input line 22.
LaTeX Font Info:    Overwriting symbol font `letters' in version `normal'
(Font)                  OML/cmm/m/it --> OML/lmm/m/it on input line 23.
LaTeX Font Info:    Overwriting symbol font `symbols' in version `normal'
(Font)                  OMS/cmsy/m/n --> OMS/lmsy/m/n on input line 24.
LaTeX Font Info:    Overwriting symbol font `largesymbols' in version `normal'
(Font)                  OMX/cmex/m/n --> OMX/lmex/m/n on input line 25.
LaTeX Font Info:    Overwriting symbol font `operators' in version `bold'
(Font)                  OT1/cmr/bx/n --> OT1/lmr/bx/n on input line 26.
LaTeX Font Info:    Overwriting symbol font `letters' in version `bold'
(Font)                  OML/cmm/b/it --> OML/lmm/b/it on input line 27.
LaTeX Font Info:    Overwriting symbol font `symbols' in version `bold'
(Font)                  OMS/cmsy/b/n --> OMS/lmsy/b/n on input line 28.
LaTeX Font Info:    Overwriting symbol font `largesymbols' in version `bold'
(Font)                  OMX/cmex/m/n --> OMX/lmex/m/n on input line 29.
LaTeX Font Info:    Overwriting math alphabet `\mathbf' in version `normal'
(Font)                  OT1/cmr/bx/n --> OT1/lmr/bx/n on input line 31.
LaTeX Font Info:    Overwriting math alphabet `\mathsf' in version `normal'
(Font)                  OT1/cmss/m/n --> OT1/lmss/m/n on input line 32.
LaTeX Font Info:    Overwriting math alphabet `\mathit' in version `normal'
(Font)                  OT1/cmr/m/it --> OT1/lmr/m/it on input line 33.
LaTeX Font Info:    Overwriting math alphabet `\mathtt' in version `normal'
(Font)                  OT1/cmtt/m/n --> OT1/lmtt/m/n on input line 34.
LaTeX Font Info:    Overwriting math alphabet `\mathbf' in version `bold'
(Font)                  OT1/cmr/bx/n --> OT1/lmr/bx/n on input line 35.
LaTeX Font Info:    Overwriting math alphabet `\mathsf' in version `bold'
(Font)                  OT1/cmss/bx/n --> OT1/lmss/bx/n on input line 36.
LaTeX Font Info:    Overwriting math alphabet `\mathit' in version `bold'
(Font)                  OT1/cmr/bx/it --> OT1/lmr/bx/it on input line 37.
LaTeX Font Info:    Overwriting math alphabet `\mathtt' in version `bold'
(Font)                  OT1/cmtt/m/n --> OT1/lmtt/m/n on input line 38.
) (/usr/share/texmf-dist/tex/latex/braket/braket.sty) (/usr/share/texmf-dist/tex/latex/textpos/textpos.sty
Package: textpos 2022/07/23 v1.10.1
Package textpos Info: choosing support for LaTeX3 on input line 60.
\TP@textbox=\box77
\TP@holdbox=\box78
\TPHorizModule=\dimen295
\TPVertModule=\dimen296
\TP@margin=\dimen297
\TP@absmargin=\dimen298

Grid set 16 x 16 = 28.45274pt x 16.00467pt
\TPboxrulesize=\dimen299
\TP@ox=\dimen300
\TP@oy=\dimen301
\TP@tbargs=\toks46
TextBlockOrigin set to 0pt x 0pt
) (/usr/share/texmf-dist/tex/latex/beamertheme-focus/beamerthemefocus.sty
Package: beamerthemefocus 2024/02/07 v3.4.0 Focus Beamer theme
 (/usr/share/texmf-dist/tex/latex/base/fontenc.sty
Package: fontenc 2021/04/29 v2.0v Standard LaTeX package
LaTeX Font Info:    Trying to load font information for T1+lmss on input line 116.
 (/usr/share/texmf-dist/tex/latex/lm/t1lmss.fd
File: t1lmss.fd 2015/05/01 v1.6.1 Font defs for Latin Modern
)) (/usr/share/texmf-dist/tex/latex/fira/FiraSans.sty
Package: FiraSans 2022/09/17 (Bob Tennent and autoinst) Style file for Fira Sans fonts.
 (/usr/share/texmf-dist/tex/generic/iftex/ifxetex.sty
Package: ifxetex 2019/10/25 v0.7 ifxetex legacy package. Use iftex instead.
) (/usr/share/texmf-dist/tex/generic/iftex/ifluatex.sty
Package: ifluatex 2019/10/25 v1.5 ifluatex legacy package. Use iftex instead.
) (/usr/share/texmf-dist/tex/latex/xkeyval/xkeyval.sty
Package: xkeyval 2022/06/16 v2.9 package option processing (HA)
 (/usr/share/texmf-dist/tex/generic/xkeyval/xkeyval.tex (/usr/share/texmf-dist/tex/generic/xkeyval/xkvutils.tex
\XKV@toks=\toks47
\XKV@tempa@toks=\toks48
)
\XKV@depth=\count345
File: xkeyval.tex 2014/12/03 v2.7a key=value parser (HA)
)) (/usr/share/texmf-dist/tex/latex/base/textcomp.sty
Package: textcomp 2024/04/24 v2.1b Standard LaTeX package
) (/usr/share/texmf-dist/tex/latex/fontaxes/fontaxes.sty
Package: fontaxes 2020/07/21 v1.0e Font selection axes
LaTeX Info: Redefining \upshape on input line 29.
LaTeX Info: Redefining \itshape on input line 31.
LaTeX Info: Redefining \slshape on input line 33.
LaTeX Info: Redefining \swshape on input line 35.
LaTeX Info: Redefining \scshape on input line 37.
LaTeX Info: Redefining \sscshape on input line 39.
LaTeX Info: Redefining \ulcshape on input line 41.
LaTeX Info: Redefining \textsw on input line 47.
LaTeX Info: Redefining \textssc on input line 48.
LaTeX Info: Redefining \textulc on input line 49.
)) (/usr/share/texmf-dist/tex/latex/fira/FiraMono.sty
Package: FiraMono 2022/09/17 (Bob Tennent and autoinst) Style file for Fira Mono fonts.
 (/usr/share/texmf-dist/tex/latex/base/fontenc.sty
Package: fontenc 2021/04/29 v2.0v Standard LaTeX package
LaTeX Font Info:    Trying to load font information for T1+FiraSans-OsF on input line 116.
 (/usr/share/texmf-dist/tex/latex/fira/T1FiraSans-OsF.fd
File: T1FiraSans-OsF.fd 2019/10/10 (autoinst) Font definitions for T1/FiraSans-OsF.
)
LaTeX Font Info:    Font shape `T1/FiraSans-OsF/m/n' in size <10.95> not available
(Font)              Font shape `T1/FiraSans-OsF/regular/n' tried instead on input line 116.
LaTeX Font Info:    Font shape `T1/FiraSans-OsF/regular/n' will be
(Font)              scaled to size 10.95pt on input line 116.
)) (/usr/share/texmf-dist/tex/latex/firamath-otf/firamath-otf.sty
Package: firamath-otf 2023/09/08 v. 0.03b (Herbert Voss) Supports fira math fonts for all luatex/xetex .
 (/usr/share/texmf-dist/tex/latex/unicode-math/unicode-math.sty (/usr/share/texmf-dist/tex/latex/l3kernel/expl3.sty
Package: expl3 2025-01-18 L3 programming layer (loader) 
 (/usr/share/texmf-dist/tex/latex/l3backend/l3backend-pdftex.def
File: l3backend-pdftex.def 2024-05-08 L3 backend support: PDF output (pdfTeX)
\l__color_backend_stack_int=\count346
\l__pdf_internal_box=\box79
))
Package: unicode-math 2023/08/13 v0.8r Unicode maths in XeLaTeX and LuaLaTeX


/usr/share/texmf-dist/tex/latex/unicode-math/unicode-math.sty:40: Package unicode-math Error: Cannot be run with pdftex!
(unicode-math)                Use XeLaTeX or LuaLaTeX instead.

Type <return> to continue.
 ...                                              
                                                  
l.40 ...ror:nn {unicode-math} {unsupported-engine}
                                                  

LaTeX does not know anything more about this error, sorry.

Try typing <return> to proceed.
If that doesn't work, type X <return> to quit.


)
/usr/share/texmf-dist/tex/latex/firamath-otf/firamath-otf.sty:65: Undefined control sequence.
l.65 \defaultfontfeatures
                         {\firamath@defaultfeatures}
The control sequence at the end of the top line
of your error message was never \def'ed. If you have
misspelled it (e.g., `\hobx'), type `I' and the correct
spelling (e.g., `I\hbox'). Otherwise just continue,
and I'll forget about whatever was undefined.

/usr/share/texmf-dist/tex/latex/firamath-otf/firamath-otf.sty:76: Undefined control sequence.
l.76   \setmathfont
                   {Fira Math Regular}[
The control sequence at the end of the top line
of your error message was never \def'ed. If you have
misspelled it (e.g., `\hobx'), type `I' and the correct
spelling (e.g., `I\hbox'). Otherwise just continue,
and I'll forget about whatever was undefined.


/usr/share/texmf-dist/tex/latex/firamath-otf/firamath-otf.sty:76: LaTeX Error: Missing \begin{document}.

See the LaTeX manual or LaTeX Companion for explanation.
Type  H <return>  for immediate help.
 ...                                              
                                                  
l.76   \setmathfont{F
                     ira Math Regular}[
You're in trouble here.  Try typing  <return>  to proceed.
If that doesn't work, type  X <return>  to quit.

/usr/share/texmf-dist/tex/latex/firamath-otf/firamath-otf.sty:81: Undefined control sequence.
l.81   \setmathfont
                   [version=pnum,Numbers=Proportional,Scale=\firamath@scale]...
The control sequence at the end of the top line
of your error message was never \def'ed. If you have
misspelled it (e.g., `\hobx'), type `I' and the correct
spelling (e.g., `I\hbox'). Otherwise just continue,
and I'll forget about whatever was undefined.

)
/usr/share/texmf-dist/tex/latex/beamertheme-focus/beamerthemefocus.sty:53: Undefined control sequence.
<recently read> \unimathsetup 
                              
l.53     \unimathsetup
                      {
The control sequence at the end of the top line
of your error message was never \def'ed. If you have
misspelled it (e.g., `\hobx'), type `I' and the correct
spelling (e.g., `I\hbox'). Otherwise just continue,
and I'll forget about whatever was undefined.


/usr/share/texmf-dist/tex/latex/beamertheme-focus/beamerthemefocus.sty:54: LaTeX Error: Missing \begin{document}.

See the LaTeX manual or LaTeX Companion for explanation.
Type  H <return>  for immediate help.
 ...                                              
                                                  
l.54         m
              ath-style = ISO,
You're in trouble here.  Try typing  <return>  to proceed.
If that doesn't work, type  X <return>  to quit.

(/usr/share/texmf-dist/tex/latex/beamertheme-focus/beamercolorthemefocus.sty) (/usr/share/texmf-dist/tex/latex/beamertheme-focus/beamerfontthemefocus.sty) (/usr/share/texmf-dist/tex/latex/beamertheme-focus/beamerinnerthemefocus.sty (/usr/share/texmf-dist/tex/latex/pgf/frontendlayer/tikz.sty (/usr/share/texmf-dist/tex/latex/pgf/basiclayer/pgf.sty
Package: pgf 2023-01-15 v3.1.10 (3.1.10)
 (/usr/share/texmf-dist/tex/generic/pgf/modules/pgfmoduleshapes.code.tex
File: pgfmoduleshapes.code.tex 2023-01-15 v3.1.10 (3.1.10)
\pgfnodeparttextbox=\box80
) (/usr/share/texmf-dist/tex/generic/pgf/modules/pgfmoduleplot.code.tex
File: pgfmoduleplot.code.tex 2023-01-15 v3.1.10 (3.1.10)
) (/usr/share/texmf-dist/tex/latex/pgf/compatibility/pgfcomp-version-0-65.sty
Package: pgfcomp-version-0-65 2023-01-15 v3.1.10 (3.1.10)
\pgf@nodesepstart=\dimen302
\pgf@nodesepend=\dimen303
) (/usr/share/texmf-dist/tex/latex/pgf/compatibility/pgfcomp-version-1-18.sty
Package: pgfcomp-version-1-18 2023-01-15 v3.1.10 (3.1.10)
)) (/usr/share/texmf-dist/tex/latex/pgf/utilities/pgffor.sty (/usr/share/texmf-dist/tex/generic/pgf/utilities/pgffor.code.tex
Package: pgffor 2023-01-15 v3.1.10 (3.1.10)
\pgffor@iter=\dimen304
\pgffor@skip=\dimen305
\pgffor@stack=\toks49
\pgffor@toks=\toks50
)) (/usr/share/texmf-dist/tex/generic/pgf/frontendlayer/tikz/tikz.code.tex
Package: tikz 2023-01-15 v3.1.10 (3.1.10)
 (/usr/share/texmf-dist/tex/generic/pgf/libraries/pgflibraryplothandlers.code.tex
File: pgflibraryplothandlers.code.tex 2023-01-15 v3.1.10 (3.1.10)
\pgf@plot@mark@count=\count347
\pgfplotmarksize=\dimen306
)
\tikz@lastx=\dimen307
\tikz@lasty=\dimen308
\tikz@lastxsaved=\dimen309
\tikz@lastysaved=\dimen310
\tikz@lastmovetox=\dimen311
\tikz@lastmovetoy=\dimen312
\tikzleveldistance=\dimen313
\tikzsiblingdistance=\dimen314
\tikz@figbox=\box81
\tikz@figbox@bg=\box82
\tikz@tempbox=\box83
\tikz@tempbox@bg=\box84
\tikztreelevel=\count348
\tikznumberofchildren=\count349
\tikznumberofcurrentchild=\count350
\tikz@fig@count=\count351
 (/usr/share/texmf-dist/tex/generic/pgf/modules/pgfmodulematrix.code.tex
File: pgfmodulematrix.code.tex 2023-01-15 v3.1.10 (3.1.10)
\pgfmatrixcurrentrow=\count352
\pgfmatrixcurrentcolumn=\count353
\pgf@matrix@numberofcolumns=\count354
)
\tikz@expandcount=\count355
 (/usr/share/texmf-dist/tex/generic/pgf/frontendlayer/tikz/libraries/tikzlibrarytopaths.code.tex
File: tikzlibrarytopaths.code.tex 2023-01-15 v3.1.10 (3.1.10)
)))) (/usr/share/texmf-dist/tex/latex/beamertheme-focus/beamerouterthemefocus.sty (/usr/share/texmf-dist/tex/latex/appendixnumberbeamer/appendixnumberbeamer.sty) (/usr/share/texmf-dist/tex/latex/bookmark/bookmark.sty
Package: bookmark 2023-12-10 v1.31 PDF bookmarks (HO)
 (/usr/share/texmf-dist/tex/latex/bookmark/bkm-pdftex.def
File: bkm-pdftex.def 2023-12-10 v1.31 bookmark driver for pdfTeX and luaTeX (HO)
\BKM@id=\count356
))
\c@realframenumber=\count357
\focus@pbar@height=\skip66
\focus@pbar@leftoffset=\skip67
\focus@pbar@rightoffset=\skip68
)) (/usr/share/texmf-dist/tex/latex/biblatex/biblatex.sty
Package: biblatex 2024/03/21 v3.20 programmable bibliographies (PK/MW)
 (/usr/share/texmf-dist/tex/latex/logreq/logreq.sty
Package: logreq 2010/08/04 v1.0 xml request logger
\lrq@indent=\count358
 (/usr/share/texmf-dist/tex/latex/logreq/logreq.def
File: logreq.def 2010/08/04 v1.0 logreq spec v1.0
)) (/usr/share/texmf-dist/tex/latex/base/ifthen.sty
Package: ifthen 2024/03/16 v1.1e Standard LaTeX ifthen package (DPC)
)
\c@tabx@nest=\count359
\c@listtotal=\count360
\c@listcount=\count361
\c@liststart=\count362
\c@liststop=\count363
\c@citecount=\count364
\c@citetotal=\count365
\c@multicitecount=\count366
\c@multicitetotal=\count367
\c@instcount=\count368
\c@maxnames=\count369
\c@minnames=\count370
\c@maxitems=\count371
\c@minitems=\count372
\c@citecounter=\count373
\c@maxcitecounter=\count374
\c@savedcitecounter=\count375
\c@uniquelist=\count376
\c@uniquename=\count377
\c@refsection=\count378
\c@refsegment=\count379
\c@maxextratitle=\count380
\c@maxextratitleyear=\count381
\c@maxextraname=\count382
\c@maxextradate=\count383
\c@maxextraalpha=\count384
\c@abbrvpenalty=\count385
\c@highnamepenalty=\count386
\c@lownamepenalty=\count387
\c@maxparens=\count388
\c@parenlevel=\count389
\blx@tempcnta=\count390
\blx@tempcntb=\count391
\blx@tempcntc=\count392
\c@blx@maxsection=\count393
\blx@maxsegment@0=\count394
\blx@notetype=\count395
\blx@parenlevel@text=\count396
\blx@parenlevel@foot=\count397
\blx@sectionciteorder@0=\count398
\blx@sectionciteorderinternal@0=\count399
\blx@entrysetcounter=\count400
\blx@biblioinstance=\count401
\labelnumberwidth=\skip69
\labelalphawidth=\skip70
\biblabelsep=\skip71
\bibitemsep=\skip72
\bibnamesep=\skip73
\bibinitsep=\skip74
\bibparsep=\skip75
\bibhang=\skip76
\blx@bcfin=\read3
\blx@bcfout=\write5
\blx@langwohyphens=\language3
\c@mincomprange=\count402
\c@maxcomprange=\count403
\c@mincompwidth=\count404
Package biblatex Info: Trying to load biblatex default data model...
Package biblatex Info: ... file 'blx-dm.def' found.
 (/usr/share/texmf-dist/tex/latex/biblatex/blx-dm.def
File: blx-dm.def 2024/03/21 v3.20 biblatex datamodel (PK/MW)
)
Package biblatex Info: Trying to load biblatex style data model...
Package biblatex Info: ... file 'authoryear.dbx' not found.
Package biblatex Info: Trying to load biblatex custom data model...
Package biblatex Info: ... file 'biblatex-dm.cfg' not found.
\c@afterword=\count405
\c@savedafterword=\count406
\c@annotator=\count407
\c@savedannotator=\count408
\c@author=\count409
\c@savedauthor=\count410
\c@bookauthor=\count411
\c@savedbookauthor=\count412
\c@commentator=\count413
\c@savedcommentator=\count414
\c@editor=\count415
\c@savededitor=\count416
\c@editora=\count417
\c@savededitora=\count418
\c@editorb=\count419
\c@savededitorb=\count420
\c@editorc=\count421
\c@savededitorc=\count422
\c@foreword=\count423
\c@savedforeword=\count424
\c@holder=\count425
\c@savedholder=\count426
\c@introduction=\count427
\c@savedintroduction=\count428
\c@namea=\count429
\c@savednamea=\count430
\c@nameb=\count431
\c@savednameb=\count432
\c@namec=\count433
\c@savednamec=\count434
\c@translator=\count435
\c@savedtranslator=\count436
\c@shortauthor=\count437
\c@savedshortauthor=\count438
\c@shorteditor=\count439
\c@savedshorteditor=\count440
\c@labelname=\count441
\c@savedlabelname=\count442
\c@institution=\count443
\c@savedinstitution=\count444
\c@lista=\count445
\c@savedlista=\count446
\c@listb=\count447
\c@savedlistb=\count448
\c@listc=\count449
\c@savedlistc=\count450
\c@listd=\count451
\c@savedlistd=\count452
\c@liste=\count453
\c@savedliste=\count454
\c@listf=\count455
\c@savedlistf=\count456
\c@location=\count457
\c@savedlocation=\count458
\c@organization=\count459
\c@savedorganization=\count460
\c@origlocation=\count461
\c@savedoriglocation=\count462
\c@origpublisher=\count463
\c@savedorigpublisher=\count464
\c@publisher=\count465
\c@savedpublisher=\count466
\c@language=\count467
\c@savedlanguage=\count468
\c@origlanguage=\count469
\c@savedoriglanguage=\count470
\c@pageref=\count471
\c@savedpageref=\count472
\shorthandwidth=\skip77
\shortjournalwidth=\skip78
\shortserieswidth=\skip79
\shorttitlewidth=\skip80
\shortauthorwidth=\skip81
\shorteditorwidth=\skip82
\locallabelnumberwidth=\skip83
\locallabelalphawidth=\skip84
\localshorthandwidth=\skip85
\localshortjournalwidth=\skip86
\localshortserieswidth=\skip87
\localshorttitlewidth=\skip88
\localshortauthorwidth=\skip89
\localshorteditorwidth=\skip90
Package biblatex Info: Trying to load compatibility code...
Package biblatex Info: ... file 'blx-compat.def' found.
 (/usr/share/texmf-dist/tex/latex/biblatex/blx-compat.def
File: blx-compat.def 2024/03/21 v3.20 biblatex compatibility (PK/MW)
)
Package biblatex Info: Trying to load BibTeX backend compatibility...
Package biblatex Info: ... file 'blx-bibtex.def' found.
 (/usr/share/texmf-dist/tex/latex/biblatex/blx-bibtex.def
File: blx-bibtex.def 2024/03/21 v3.20 biblatex compatibility (PK/MW)


Package biblatex Warning: Using fall-back bibtex backend:
(biblatex)                functionality may be reduced/unavailable.

)
Package biblatex Info: Trying to load generic definitions...
Package biblatex Info: ... file 'biblatex.def' found.
 (/usr/share/texmf-dist/tex/latex/biblatex/biblatex.def
File: biblatex.def 2024/03/21 v3.20 biblatex compatibility (PK/MW)
\c@textcitecount=\count473
\c@textcitetotal=\count474
\c@textcitemaxnames=\count475
\c@biburlbigbreakpenalty=\count476
\c@biburlbreakpenalty=\count477
\c@biburlnumpenalty=\count478
\c@biburlucpenalty=\count479
\c@biburllcpenalty=\count480
\biburlbigskip=\muskip19
\biburlnumskip=\muskip20
\biburlucskip=\muskip21
\biburllcskip=\muskip22
\c@smartand=\count481
)
Package biblatex Info: Trying to load bibliography style 'authoryear'...
Package biblatex Info: ... file 'authoryear.bbx' found.
 (/usr/share/texmf-dist/tex/latex/biblatex/bbx/authoryear.bbx
File: authoryear.bbx 2024/03/21 v3.20 biblatex bibliography style (PK/MW)
Package biblatex Info: Trying to load bibliography style 'standard'...
Package biblatex Info: ... file 'standard.bbx' found.
 (/usr/share/texmf-dist/tex/latex/biblatex/bbx/standard.bbx
File: standard.bbx 2024/03/21 v3.20 biblatex bibliography style (PK/MW)
\c@bbx:relatedcount=\count482
\c@bbx:relatedtotal=\count483
))
Package biblatex Info: Trying to load citation style 'authoryear'...
Package biblatex Info: ... file 'authoryear.cbx' found.
 (/usr/share/texmf-dist/tex/latex/biblatex/cbx/authoryear.cbx
File: authoryear.cbx 2024/03/21 v3.20 biblatex citation style (PK/MW)
Package biblatex Info: Redefining '\cite'.
Package biblatex Info: Redefining '\parencite'.
Package biblatex Info: Redefining '\footcite'.
Package biblatex Info: Redefining '\footcitetext'.
Package biblatex Info: Redefining '\smartcite'.
Package biblatex Info: Redefining '\textcite'.
Package biblatex Info: Redefining '\textcites'.
)
Package biblatex Info: Trying to load configuration file...
Package biblatex Info: ... file 'biblatex.cfg' found.
 (/usr/share/texmf-dist/tex/latex/biblatex/biblatex.cfg
File: biblatex.cfg 
)
Package biblatex Info: Input encoding 'utf8' detected.
Package biblatex Info: Document encoding is UTF8 ....
Package biblatex Info: ... and expl3
(biblatex)             2025-01-18 L3 programming layer (loader) 
(biblatex)             is new enough (at least 2020/04/06),
(biblatex)             setting 'casechanger=expl3'.
 (/usr/share/texmf-dist/tex/latex/biblatex/blx-case-expl3.sty (/usr/share/texmf-dist/tex/latex/l3packages/xparse/xparse.sty
Package: xparse 2024-08-16 L3 Experimental document command parser
)
Package: blx-case-expl3 2024/03/21 v3.20 expl3 case changing code for biblatex
))

Package hyperref Warning: Token not allowed in a PDF string (Unicode):
(hyperref)                removing `\\' on input line 47.


Package hyperref Warning: Token not allowed in a PDF string (Unicode):
(hyperref)                removing `\color' on input line 53.

\@quotelevel=\count484
\@quotereset=\count485
(./kondo_presentation.aux)
\openout1 = `kondo_presentation.aux'.

LaTeX Font Info:    Checking defaults for OML/cmm/m/it on input line 53.
LaTeX Font Info:    ... okay on input line 53.
LaTeX Font Info:    Checking defaults for OMS/cmsy/m/n on input line 53.
LaTeX Font Info:    ... okay on input line 53.
LaTeX Font Info:    Checking defaults for OT1/cmr/m/n on input line 53.
LaTeX Font Info:    ... okay on input line 53.
LaTeX Font Info:    Checking defaults for T1/cmr/m/n on input line 53.
LaTeX Font Info:    ... okay on input line 53.
LaTeX Font Info:    Checking defaults for TS1/cmr/m/n on input line 53.
LaTeX Font Info:    ... okay on input line 53.
LaTeX Font Info:    Checking defaults for OMX/cmex/m/n on input line 53.
LaTeX Font Info:    ... okay on input line 53.
LaTeX Font Info:    Checking defaults for U/cmr/m/n on input line 53.
LaTeX Font Info:    ... okay on input line 53.
LaTeX Font Info:    Checking defaults for PD1/pdf/m/n on input line 53.
LaTeX Font Info:    ... okay on input line 53.
LaTeX Font Info:    Checking defaults for PU/pdf/m/n on input line 53.
LaTeX Font Info:    ... okay on input line 53.

*geometry* driver: auto-detecting
*geometry* detected driver: pdftex
*geometry* verbose mode - [ preamble ] result:
* driver: pdftex
* paper: custom
* layout: <same size as paper>
* layoutoffset:(h,v)=(0.0pt,0.0pt)
* modes: includehead includefoot 
* h-part:(L,W,R)=(21.33955pt, 412.56497pt, 21.33955pt)
* v-part:(T,H,B)=(0.0pt, 256.0748pt, 0.0pt)
* \paperwidth=455.24408pt
* \paperheight=256.0748pt
* \textwidth=412.56497pt
* \textheight=227.62207pt
* \oddsidemargin=-50.93044pt
* \evensidemargin=-50.93044pt
* \topmargin=-72.26999pt
* \headheight=14.22636pt
* \headsep=0.0pt
* \topskip=11.0pt
* \footskip=14.22636pt
* \marginparwidth=4.0pt
* \marginparsep=10.0pt
* \columnsep=10.0pt
* \skip\footins=10.0pt plus 4.0pt minus 2.0pt
* \hoffset=0.0pt
* \voffset=0.0pt
* \mag=1000
* \@twocolumnfalse
* \@twosidefalse
* \@mparswitchfalse
* \@reversemarginfalse
* (1in=72.27pt=25.4mm, 1cm=28.453pt)

(/usr/share/texmf-dist/tex/context/base/mkii/supp-pdf.mkii
[Loading MPS to PDF converter (version 2006.09.02).]
\scratchcounter=\count486
\scratchdimen=\dimen315
\scratchbox=\box85
\nofMPsegments=\count487
\nofMParguments=\count488
\everyMPshowfont=\toks51
\MPscratchCnt=\count489
\MPscratchDim=\dimen316
\MPnumerator=\count490
\makeMPintoPDFobject=\count491
\everyMPtoPDFconversion=\toks52
) (/usr/share/texmf-dist/tex/latex/epstopdf-pkg/epstopdf-base.sty
Package: epstopdf-base 2020-01-24 v2.11 Base part for package epstopdf
Package epstopdf-base Info: Redefining graphics rule for `.eps' on input line 485.
 (/usr/share/texmf-dist/tex/latex/latexconfig/epstopdf-sys.cfg
File: epstopdf-sys.cfg 2010/07/13 v1.3 Configuration of (r)epstopdf for TeX Live
))
Package hyperref Info: Link coloring OFF on input line 53.
 (/usr/share/texmf-dist/tex/latex/translator/translator-basic-dictionary-English.dict
Dictionary: translator-basic-dictionary, Language: English 
) (/usr/share/texmf-dist/tex/latex/translator/translator-bibliography-dictionary-English.dict
Dictionary: translator-bibliography-dictionary, Language: English 
) (/usr/share/texmf-dist/tex/latex/translator/translator-environment-dictionary-English.dict
Dictionary: translator-environment-dictionary, Language: English 
) (/usr/share/texmf-dist/tex/latex/translator/translator-months-dictionary-English.dict
Dictionary: translator-months-dictionary, Language: English 
) (/usr/share/texmf-dist/tex/latex/translator/translator-numbers-dictionary-English.dict
Dictionary: translator-numbers-dictionary, Language: English 
) (/usr/share/texmf-dist/tex/latex/translator/translator-theorem-dictionary-English.dict
Dictionary: translator-theorem-dictionary, Language: English 
)
\c@mv@tabular=\count492
\c@mv@boldtabular=\count493
Package biblatex Info: Trying to load language 'english'...
Package biblatex Info: ... file 'english.lbx' found.
 (/usr/share/texmf-dist/tex/latex/biblatex/lbx/english.lbx
File: english.lbx 2024/03/21 v3.20 biblatex localization (PK/MW)
)
Package biblatex Info: Input encoding 'utf8' detected.
Package biblatex Info: Automatic encoding selection.
(biblatex)             Assuming data encoding 'utf8'.
Package biblatex Info: Input encoding 'utf8' detected.
Package biblatex Info: Data encoding 'utf8' specified.
(biblatex)             No need to reencode data.
\openout5 = `kondo_presentation-blx.bib'.

Package biblatex Info: Trying to load bibliographic data...


Package biblatex Warning: File 'kondo_presentation.bbl' is wrong format version - expected 3.3.

Package biblatex Info: ... file 'kondo_presentation.bbl' found.
(./kondo_presentation.bbl

Package biblatex Warning: BibTeX reported the following issues
(biblatex)                with 'anderson1970':
(biblatex)                - Invalid format of field 'month'.


Package biblatex Warning: BibTeX reported the following issues
(biblatex)                with 'andreiKondoreview':
(biblatex)                - Invalid format of field 'month'.


Package biblatex Warning: BibTeX reported the following issues
(biblatex)                with 'andrei_kondo':
(biblatex)                - Invalid format of field 'month'.


Package biblatex Warning: BibTeX reported the following issues
(biblatex)                with 'Goldhaber-Gordon1998':
(biblatex)                - Invalid format of field 'month'.


Package biblatex Warning: BibTeX reported the following issues
(biblatex)                with 'hrk_wilson_1980':
(biblatex)                - Invalid format of field 'month'.


Package biblatex Warning: BibTeX reported the following issues
(biblatex)                with 'siddharthacpi':
(biblatex)                - Invalid format of field 'month'.


Package biblatex Warning: BibTeX reported the following issues
(biblatex)                with 'Schrieffer_Wolff':
(biblatex)                - Invalid format of field 'month'.


Package biblatex Warning: BibTeX reported the following issues
(biblatex)                with 'sorensen_erik_affleck_1996':
(biblatex)                - Invalid format of field 'month'.


Package biblatex Warning: BibTeX reported the following issues
(biblatex)                with 'wiegmann_kondoexact_1981':
(biblatex)                - Invalid format of field 'month'.


Package biblatex Warning: BibTeX reported the following issues
(biblatex)                with 'wilson1975':
(biblatex)                - Invalid format of field 'month'.

)
Package biblatex Info: Reference section=0 on input line 53.
Package biblatex Info: Reference segment=0 on input line 53.
 (./kondo_presentation.nav)
LaTeX Font Info:    Font shape `T1/FiraSans-OsF/m/n' in size <6> not available
(Font)              Font shape `T1/FiraSans-OsF/regular/n' tried instead on input line 53.
LaTeX Font Info:    Font shape `T1/FiraSans-OsF/regular/n' will be
(Font)              scaled to size 6.0pt on input line 53.
LaTeX Font Info:    Font shape `T1/FiraSans-OsF/m/n' in size <8> not available
(Font)              Font shape `T1/FiraSans-OsF/regular/n' tried instead on input line 53.
LaTeX Font Info:    Font shape `T1/FiraSans-OsF/regular/n' will be
(Font)              scaled to size 8.0pt on input line 53.
LaTeX Font Info:    Font shape `T1/FiraSans-OsF/m/n' in size <20.74> not available
(Font)              Font shape `T1/FiraSans-OsF/regular/n' tried instead on input line 71.
LaTeX Font Info:    Font shape `T1/FiraSans-OsF/regular/n' will be
(Font)              scaled to size 20.74pt on input line 71.
LaTeX Font Info:    Font shape `T1/FiraSans-OsF/m/sc' in size <20.74> not available
(Font)              Font shape `T1/FiraSans-OsF/regular/sc' tried instead on input line 71.
LaTeX Font Info:    Font shape `T1/FiraSans-OsF/regular/sc' will be
(Font)              scaled to size 20.74pt on input line 71.
LaTeX Font Info:    Font shape `T1/FiraSans-OsF/b/sc' in size <20.74> not available
(Font)              Font shape `T1/FiraSans-OsF/bold/sc' tried instead on input line 71.
LaTeX Font Info:    Font shape `T1/FiraSans-OsF/bold/sc' will be
(Font)              scaled to size 20.74pt on input line 71.
LaTeX Font Info:    Font shape `T1/FiraSans-OsF/b/sc' in size <17.28> not available
(Font)              Font shape `T1/FiraSans-OsF/bold/sc' tried instead on input line 71.
LaTeX Font Info:    Font shape `T1/FiraSans-OsF/bold/sc' will be
(Font)              scaled to size 17.28pt on input line 71.
LaTeX Font Info:    Font shape `T1/FiraSans-OsF/m/n' in size <14.4> not available
(Font)              Font shape `T1/FiraSans-OsF/regular/n' tried instead on input line 71.
LaTeX Font Info:    Font shape `T1/FiraSans-OsF/regular/n' will be
(Font)              scaled to size 14.4pt on input line 71.
LaTeX Font Info:    Font shape `T1/FiraSans-OsF/m/sc' in size <14.4> not available
(Font)              Font shape `T1/FiraSans-OsF/regular/sc' tried instead on input line 71.
LaTeX Font Info:    Font shape `T1/FiraSans-OsF/regular/sc' will be
(Font)              scaled to size 14.4pt on input line 71.
LaTeX Font Info:    Font shape `T1/FiraSans-OsF/b/n' in size <14.4> not available
(Font)              Font shape `T1/FiraSans-OsF/bold/n' tried instead on input line 71.
LaTeX Font Info:    Font shape `T1/FiraSans-OsF/bold/n' will be
(Font)              scaled to size 14.4pt on input line 71.
LaTeX Font Info:    Font shape `T1/FiraSans-OsF/b/n' in size <12> not available
(Font)              Font shape `T1/FiraSans-OsF/bold/n' tried instead on input line 71.
LaTeX Font Info:    Font shape `T1/FiraSans-OsF/bold/n' will be
(Font)              scaled to size 12.0pt on input line 71.
LaTeX Font Info:    Font shape `T1/FiraSans-OsF/m/sc' in size <12> not available
(Font)              Font shape `T1/FiraSans-OsF/regular/sc' tried instead on input line 71.
LaTeX Font Info:    Font shape `T1/FiraSans-OsF/regular/sc' will be
(Font)              scaled to size 12.0pt on input line 71.
LaTeX Font Info:    Trying to load font information for OT1+lmr on input line 71.
 (/usr/share/texmf-dist/tex/latex/lm/ot1lmr.fd
File: ot1lmr.fd 2015/05/01 v1.6.1 Font defs for Latin Modern
)
LaTeX Font Info:    Trying to load font information for OML+lmm on input line 71.
 (/usr/share/texmf-dist/tex/latex/lm/omllmm.fd
File: omllmm.fd 2015/05/01 v1.6.1 Font defs for Latin Modern
)
LaTeX Font Info:    Trying to load font information for OMS+lmsy on input line 71.
 (/usr/share/texmf-dist/tex/latex/lm/omslmsy.fd
File: omslmsy.fd 2015/05/01 v1.6.1 Font defs for Latin Modern
)
LaTeX Font Info:    Trying to load font information for OMX+lmex on input line 71.
 (/usr/share/texmf-dist/tex/latex/lm/omxlmex.fd
File: omxlmex.fd 2015/05/01 v1.6.1 Font defs for Latin Modern
)
LaTeX Font Info:    External font `lmex10' loaded for size
(Font)              <12> on input line 71.
LaTeX Font Info:    External font `lmex10' loaded for size
(Font)              <8> on input line 71.
LaTeX Font Info:    External font `lmex10' loaded for size
(Font)              <6> on input line 71.
LaTeX Font Info:    Trying to load font information for U+msa on input line 71.
 (/usr/share/texmf-dist/tex/latex/amsfonts/umsa.fd
File: umsa.fd 2013/01/14 v3.01 AMS symbols A
)
LaTeX Font Info:    Trying to load font information for U+msb on input line 71.
 (/usr/share/texmf-dist/tex/latex/amsfonts/umsb.fd
File: umsb.fd 2013/01/14 v3.01 AMS symbols B
)
LaTeX Font Info:    Font shape `T1/FiraSans-OsF/m/sc' in size <8> not available
(Font)              Font shape `T1/FiraSans-OsF/regular/sc' tried instead on input line 71.
LaTeX Font Info:    Font shape `T1/FiraSans-OsF/regular/sc' will be
(Font)              scaled to size 8.0pt on input line 71.
LaTeX Font Info:    Font shape `T1/FiraSans-OsF/m/n' in size <12> not available
(Font)              Font shape `T1/FiraSans-OsF/regular/n' tried instead on input line 71.
LaTeX Font Info:    Font shape `T1/FiraSans-OsF/regular/n' will be
(Font)              scaled to size 12.0pt on input line 71.
LaTeX Font Info:    Font shape `T1/FiraSans-OsF/m/sc' in size <10> not available
(Font)              Font shape `T1/FiraSans-OsF/regular/sc' tried instead on input line 71.
LaTeX Font Info:    Font shape `T1/FiraSans-OsF/regular/sc' will be
(Font)              scaled to size 10.0pt on input line 71.
LaTeX Font Info:    External font `lmex10' loaded for size
(Font)              <10> on input line 71.
LaTeX Font Info:    External font `lmex10' loaded for size
(Font)              <7> on input line 71.
LaTeX Font Info:    External font `lmex10' loaded for size
(Font)              <5> on input line 71.
LaTeX Font Info:    Font shape `T1/FiraSans-OsF/m/sc' in size <7> not available
(Font)              Font shape `T1/FiraSans-OsF/regular/sc' tried instead on input line 71.
LaTeX Font Info:    Font shape `T1/FiraSans-OsF/regular/sc' will be
(Font)              scaled to size 7.0pt on input line 71.
<figures/kondo_zeromode_banner.pdf, id=14, 323.76709pt x 134.16536pt>
File: figures/kondo_zeromode_banner.pdf Graphic file (type pdf)
<use figures/kondo_zeromode_banner.pdf>
Package pdftex.def Info: figures/kondo_zeromode_banner.pdf  used on input line 71.
(pdftex.def)             Requested size: 185.65297pt x 76.93156pt.
<figures/epqm_logo_mod.jpeg, id=15, 165.61874pt x 165.61874pt>
File: figures/epqm_logo_mod.jpeg Graphic file (type jpg)
<use figures/epqm_logo_mod.jpeg>
Package pdftex.def Info: figures/epqm_logo_mod.jpeg  used on input line 71.
(pdftex.def)             Requested size: 43.31737pt x 43.31761pt.
<figures/dps_logo.jpeg, id=17, 401.5pt x 401.5pt>
File: figures/dps_logo.jpeg Graphic file (type jpg)
<use figures/dps_logo.jpeg>
Package pdftex.def Info: figures/dps_logo.jpeg  used on input line 71.
(pdftex.def)             Requested size: 43.31737pt x 43.31355pt.
<figures/jncasr_logo.pdf, id=18, 64.25908pt x 85.58089pt>
File: figures/jncasr_logo.pdf Graphic file (type pdf)
<use figures/jncasr_logo.pdf>
Package pdftex.def Info: figures/jncasr_logo.pdf  used on input line 71.
(pdftex.def)             Requested size: 43.31737pt x 57.69145pt.
<figures/kgp_logo.pdf, id=19, 433.61996pt x 485.29306pt>
File: figures/kgp_logo.pdf Graphic file (type pdf)
<use figures/kgp_logo.pdf>
Package pdftex.def Info: figures/kgp_logo.pdf  used on input line 71.
(pdftex.def)             Requested size: 43.31737pt x 48.4729pt.

Overfull \vbox (596.80026pt too high) has occurred while \output is active []



LaTeX Font Info:    Font shape `T1/FiraSans-OsF/m/n' in size <4> not available
(Font)              Font shape `T1/FiraSans-OsF/regular/n' tried instead on input line 71.
LaTeX Font Info:    Font shape `T1/FiraSans-OsF/regular/n' will be
(Font)              scaled to size 4.0pt on input line 71.
[1

{/var/lib/texmf/fonts/map/pdftex/updmap/pdftex.map}{/usr/share/texmf-dist/fonts/enc/dvips/fira/fir_iln36p.enc}{/usr/share/texmf-dist/fonts/enc/dvips/fira/fir_2mfh3o.enc} <./figures/kondo_zeromode_banner.pdf> <./figures/epqm_logo_mod.jpeg> <./figures/dps_logo.jpeg> <./figures/jncasr_logo.pdf

pdfTeX warning: pdflatex (file ./figures/jncasr_logo.pdf): PDF inclusion: multiple pdfs with page group included in a single page
> <./figures/kgp_logo.pdf

pdfTeX warning: pdflatex (file ./figures/kgp_logo.pdf): PDF inclusion: multiple pdfs with page group included in a single page
>]

[2

]
LaTeX Font Info:    External font `lmex10' loaded for size
(Font)              <10.95> on input line 115.
LaTeX Font Info:    Font shape `T1/FiraSans-OsF/b/n' in size <10.95> not available
(Font)              Font shape `T1/FiraSans-OsF/bold/n' tried instead on input line 115.
LaTeX Font Info:    Font shape `T1/FiraSans-OsF/bold/n' will be
(Font)              scaled to size 10.95pt on input line 115.
<figures/2dKondoTN.pdf, id=91, 368.00587pt x 296.93436pt>
File: figures/2dKondoTN.pdf Graphic file (type pdf)
<use figures/2dKondoTN.pdf>
Package pdftex.def Info: figures/2dKondoTN.pdf  used on input line 115.
(pdftex.def)             Requested size: 123.77074pt x 99.86441pt.
<figures/kondoSetup.pdf, id=92, 300.10294pt x 222.87552pt>
File: figures/kondoSetup.pdf Graphic file (type pdf)
<use figures/kondoSetup.pdf>
Package pdftex.def Info: figures/kondoSetup.pdf  used on input line 115.
(pdftex.def)             Requested size: 123.77074pt x 91.91687pt.
<figures/kondo.jpeg, id=93, 195.73125pt x 259.97125pt>
File: figures/kondo.jpeg Graphic file (type jpg)
<use figures/kondo.jpeg>
Package pdftex.def Info: figures/kondo.jpeg  used on input line 115.
(pdftex.def)             Requested size: 30.11403pt x 40.0pt.
LaTeX Font Info:    Font shape `T1/FiraSans-OsF/m/n' in size <9> not available
(Font)              Font shape `T1/FiraSans-OsF/regular/n' tried instead on input line 115.
LaTeX Font Info:    Font shape `T1/FiraSans-OsF/regular/n' will be
(Font)              scaled to size 9.0pt on input line 115.
LaTeX Font Info:    Font shape `T1/FiraSans-OsF/m/n' in size <10> not available
(Font)              Font shape `T1/FiraSans-OsF/regular/n' tried instead on input line 115.
LaTeX Font Info:    Font shape `T1/FiraSans-OsF/regular/n' will be
(Font)              scaled to size 10.0pt on input line 115.
LaTeX Font Info:    Font shape `T1/FiraSans-OsF/m/n' in size <7> not available
(Font)              Font shape `T1/FiraSans-OsF/regular/n' tried instead on input line 115.
LaTeX Font Info:    Font shape `T1/FiraSans-OsF/regular/n' will be
(Font)              scaled to size 7.0pt on input line 115.


[3

{/usr/share/texmf-dist/fonts/enc/dvips/lm/lm-mathit.enc}{/usr/share/texmf-dist/fonts/enc/dvips/lm/lm-rm.enc}{/usr/share/texmf-dist/fonts/enc/dvips/lm/lm-mathex.enc}{/usr/share/texmf-dist/fonts/enc/dvips/lm/lm-mathsy.enc} <./figures/2dKondoTN.pdf> <./figures/kondoSetup.pdf> <./figures/kondo.jpeg>]
<figures/kondo_res_schematic.pdf, id=121, 369.11258pt x 283.77898pt>
File: figures/kondo_res_schematic.pdf Graphic file (type pdf)
<use figures/kondo_res_schematic.pdf>
Package pdftex.def Info: figures/kondo_res_schematic.pdf  used on input line 115.
(pdftex.def)             Requested size: 123.77074pt x 95.15422pt.

Underfull \hbox (badness 10000) in paragraph at lines 115--115

 []

<figures/pwanderson.jpg, id=122, 1084.05pt x 821.31844pt>
File: figures/pwanderson.jpg Graphic file (type jpg)
<use figures/pwanderson.jpg>
Package pdftex.def Info: figures/pwanderson.jpg  used on input line 115.
(pdftex.def)             Requested size: 39.5832pt x 30.0pt.
<figures/kgwilson.jpg, id=123, 91.91261pt x 137.86893pt>
File: figures/kgwilson.jpg Graphic file (type jpg)
<use figures/kgwilson.jpg>
Package pdftex.def Info: figures/kgwilson.jpg  used on input line 115.
(pdftex.def)             Requested size: 19.99924pt x 30.0pt.
<figures/nozieres.jpg, id=124, 338.76563pt x 451.6875pt>
File: figures/nozieres.jpg Graphic file (type jpg)
<use figures/nozieres.jpg>
Package pdftex.def Info: figures/nozieres.jpg  used on input line 115.
(pdftex.def)             Requested size: 22.4961pt x 30.0pt.
LaTeX Font Info:    Trying to load font information for TS1+FiraSans-OsF on input line 115.
(/usr/share/texmf-dist/tex/latex/fira/TS1FiraSans-OsF.fd
File: TS1FiraSans-OsF.fd 2019/10/10 (autoinst) Font definitions for TS1/FiraSans-OsF.
)
LaTeX Font Info:    Font shape `TS1/FiraSans-OsF/m/n' in size <10> not available
(Font)              Font shape `TS1/FiraSans-OsF/regular/n' tried instead on input line 115.
LaTeX Font Info:    Font shape `TS1/FiraSans-OsF/regular/n' will be
(Font)              scaled to size 10.0pt on input line 115.

Overfull \vbox (21.32562pt too high) detected at line 115
 []



[4

{/usr/share/texmf-dist/fonts/enc/dvips/fira/fir_d67aat.enc} <./figures/kondo_res_schematic.pdf> <./figures/pwanderson.jpg> <./figures/kgwilson.jpg> <./figures/nozieres.jpg>]
<figures/cloud_lFL.pdf, id=158, 488.62355pt x 192.57526pt>
File: figures/cloud_lFL.pdf Graphic file (type pdf)
<use figures/cloud_lFL.pdf>
Package pdftex.def Info: figures/cloud_lFL.pdf  used on input line 115.
(pdftex.def)             Requested size: 123.77074pt x 48.7784pt.

Underfull \hbox (badness 10000) in paragraph at lines 115--115

 []

File: figures/pwanderson.jpg Graphic file (type jpg)
<use figures/pwanderson.jpg>
Package pdftex.def Info: figures/pwanderson.jpg  used on input line 115.
(pdftex.def)             Requested size: 39.5832pt x 30.0pt.
File: figures/kgwilson.jpg Graphic file (type jpg)
<use figures/kgwilson.jpg>
Package pdftex.def Info: figures/kgwilson.jpg  used on input line 115.
(pdftex.def)             Requested size: 19.99924pt x 30.0pt.
File: figures/nozieres.jpg Graphic file (type jpg)
<use figures/nozieres.jpg>
Package pdftex.def Info: figures/nozieres.jpg  used on input line 115.
(pdftex.def)             Requested size: 22.4961pt x 30.0pt.

Overfull \vbox (21.32562pt too high) detected at line 115
 []



[5

 <./figures/cloud_lFL.pdf>]
File: figures/cloud_lFL.pdf Graphic file (type pdf)
<use figures/cloud_lFL.pdf>
Package pdftex.def Info: figures/cloud_lFL.pdf  used on input line 115.
(pdftex.def)             Requested size: 123.77074pt x 48.7784pt.

Underfull \hbox (badness 10000) in paragraph at lines 115--115

 []

File: figures/pwanderson.jpg Graphic file (type jpg)
<use figures/pwanderson.jpg>
Package pdftex.def Info: figures/pwanderson.jpg  used on input line 115.
(pdftex.def)             Requested size: 39.5832pt x 30.0pt.
File: figures/kgwilson.jpg Graphic file (type jpg)
<use figures/kgwilson.jpg>
Package pdftex.def Info: figures/kgwilson.jpg  used on input line 115.
(pdftex.def)             Requested size: 19.99924pt x 30.0pt.
File: figures/nozieres.jpg Graphic file (type jpg)
<use figures/nozieres.jpg>
Package pdftex.def Info: figures/nozieres.jpg  used on input line 115.
(pdftex.def)             Requested size: 22.4961pt x 30.0pt.

Overfull \vbox (21.32562pt too high) detected at line 115
 []



[6

]
<figures/chi_schematic.pdf, id=208, 429.01779pt x 273.51544pt>
File: figures/chi_schematic.pdf Graphic file (type pdf)
<use figures/chi_schematic.pdf>
Package pdftex.def Info: figures/chi_schematic.pdf  used on input line 115.
(pdftex.def)             Requested size: 123.77074pt x 78.90843pt.
File: figures/pwanderson.jpg Graphic file (type jpg)
<use figures/pwanderson.jpg>
Package pdftex.def Info: figures/pwanderson.jpg  used on input line 115.
(pdftex.def)             Requested size: 39.5832pt x 30.0pt.
File: figures/kgwilson.jpg Graphic file (type jpg)
<use figures/kgwilson.jpg>
Package pdftex.def Info: figures/kgwilson.jpg  used on input line 115.
(pdftex.def)             Requested size: 19.99924pt x 30.0pt.
File: figures/nozieres.jpg Graphic file (type jpg)
<use figures/nozieres.jpg>
Package pdftex.def Info: figures/nozieres.jpg  used on input line 115.
(pdftex.def)             Requested size: 22.4961pt x 30.0pt.

Overfull \vbox (21.32562pt too high) detected at line 115
 []



[7

 <./figures/chi_schematic.pdf>]
File: figures/chi_schematic.pdf Graphic file (type pdf)
<use figures/chi_schematic.pdf>
Package pdftex.def Info: figures/chi_schematic.pdf  used on input line 115.
(pdftex.def)             Requested size: 123.77074pt x 78.90843pt.
File: figures/pwanderson.jpg Graphic file (type jpg)
<use figures/pwanderson.jpg>
Package pdftex.def Info: figures/pwanderson.jpg  used on input line 115.
(pdftex.def)             Requested size: 39.5832pt x 30.0pt.
File: figures/kgwilson.jpg Graphic file (type jpg)
<use figures/kgwilson.jpg>
Package pdftex.def Info: figures/kgwilson.jpg  used on input line 115.
(pdftex.def)             Requested size: 19.99924pt x 30.0pt.
File: figures/nozieres.jpg Graphic file (type jpg)
<use figures/nozieres.jpg>
Package pdftex.def Info: figures/nozieres.jpg  used on input line 115.
(pdftex.def)             Requested size: 22.4961pt x 30.0pt.

Overfull \vbox (21.32562pt too high) detected at line 115
 []



[8

]

[9

]

[10

]

[11

]

[12

]

[13

]

[14

]
<figures/urg_schematic.pdf, id=299, 124.438pt x 262.98471pt>
File: figures/urg_schematic.pdf Graphic file (type pdf)
<use figures/urg_schematic.pdf>
Package pdftex.def Info: figures/urg_schematic.pdf  used on input line 257.
(pdftex.def)             Requested size: 43.31735pt x 91.54442pt.


[15

 <./figures/urg_schematic.pdf>]
File: figures/urg_schematic.pdf Graphic file (type pdf)
<use figures/urg_schematic.pdf>
Package pdftex.def Info: figures/urg_schematic.pdf  used on input line 257.
(pdftex.def)             Requested size: 43.31735pt x 91.54442pt.


[16

]
File: figures/urg_schematic.pdf Graphic file (type pdf)
<use figures/urg_schematic.pdf>
Package pdftex.def Info: figures/urg_schematic.pdf  used on input line 257.
(pdftex.def)             Requested size: 43.31735pt x 91.54442pt.


[17

]
<figures/uv_ir_scheme.pdf, id=334, 686.48897pt x 686.48897pt>
File: figures/uv_ir_scheme.pdf Graphic file (type pdf)
<use figures/uv_ir_scheme.pdf>
Package pdftex.def Info: figures/uv_ir_scheme.pdf  used on input line 257.
(pdftex.def)             Requested size: 148.52011pt x 148.51404pt.


[18

 <./figures/uv_ir_scheme.pdf>]
LaTeX Font Info:    External font `lmex10' loaded for size
(Font)              <14.4> on input line 257.

Overfull \hbox (12.47813pt too wide) detected at line 257
\OML/lmm/m/it/10.95 H[] \OT1/lmr/m/n/10.95 = \OML/lmm/m/it/10.95 H[][] \OT1/lmr/m/n/10.95 + \OML/lmm/m/it/10.95 H[] [] \OT1/lmr/m/n/10.95 + \OML/lmm/m/it/10.95 c[]T \OT1/lmr/m/n/10.95 + \OML/lmm/m/it/10.95 T[]c[]
 []


Overfull \hbox (53.07515pt too wide) detected at line 257
[] [][]\OMS/lmsy/m/n/10.95 ! []
 []

<figures/urg_ham.pdf, id=348, 638.09737pt x 473.68864pt>
File: figures/urg_ham.pdf Graphic file (type pdf)
<use figures/urg_ham.pdf>
Package pdftex.def Info: figures/urg_ham.pdf  used on input line 257.
(pdftex.def)             Requested size: 185.65297pt x 137.81432pt.


[19

 <./figures/urg_ham.pdf>]
Overfull \hbox (25.06882pt too wide) detected at line 257
\OML/lmm/m/it/10.95 U[] \OT1/lmr/m/n/10.95 = [] [] \OML/lmm/m/it/10.95 ;   [] \OT1/lmr/m/n/10.95 = 1
 []


Package amsmath Warning: Foreign command \atop;
(amsmath)                \frac or \genfrac should be used instead
(amsmath)                 on input line 257.


Overfull \hbox (9.31268pt too wide) detected at line 257
\OML/lmm/m/it/10.95 ^^Q[] \OT1/lmr/m/n/10.95 = []\OML/lmm/m/it/10.95 c[]T[] \OMS/lmsy/m/n/10.95 ! []
 []

<figures/urg_rot.pdf, id=363, 746.58543pt x 746.58537pt>
File: figures/urg_rot.pdf Graphic file (type pdf)
<use figures/urg_rot.pdf>
Package pdftex.def Info: figures/urg_rot.pdf  used on input line 257.
(pdftex.def)             Requested size: 165.02661pt x 165.02394pt.


[20

 <./figures/urg_rot.pdf>]
<figures/urg_next.pdf, id=376, 718.92056pt x 703.8643pt>
File: figures/urg_next.pdf Graphic file (type pdf)
<use figures/urg_next.pdf>
Package pdftex.def Info: figures/urg_next.pdf  used on input line 257.
(pdftex.def)             Requested size: 185.65297pt x 181.76529pt.

Overfull \vbox (8.28389pt too high) detected at line 257
 []



[21

 <./figures/urg_next.pdf>]
<figures/urg_ham_full.pdf, id=389, 664.46204pt x 664.46204pt>
File: figures/urg_ham_full.pdf Graphic file (type pdf)
<use figures/urg_ham_full.pdf>
Package pdftex.def Info: figures/urg_ham_full.pdf  used on input line 257.
(pdftex.def)             Requested size: 155.53601pt x 155.53012pt.


[22

 <./figures/urg_ham_full.pdf>]

[23

]

[24

]

[25

]

[26

]

[27

]
Overfull \hbox (1.36574pt too wide) detected at line 352
\OT1/lmr/m/n/10.95 ^^A\OML/lmm/m/it/10.95 J[] \OT1/lmr/m/n/10.95 = []
 []

<figures/kondo_fp_1D.pdf, id=429, 853.11949pt x 237.22192pt>
File: figures/kondo_fp_1D.pdf Graphic file (type pdf)
<use figures/kondo_fp_1D.pdf>
Package pdftex.def Info: figures/kondo_fp_1D.pdf  used on input line 352.
(pdftex.def)             Requested size: 247.54149pt x 68.8324pt.


[28

 <./figures/kondo_fp_1D.pdf>]
Overfull \hbox (1.36574pt too wide) detected at line 352
\OT1/lmr/m/n/10.95 ^^A\OML/lmm/m/it/10.95 J[] \OT1/lmr/m/n/10.95 = []
 []

<figures/RG_flow.pdf, id=446, 1301.93163pt x 766.17921pt>
File: figures/RG_flow.pdf Graphic file (type pdf)
<use figures/RG_flow.pdf>
Package pdftex.def Info: figures/RG_flow.pdf  used on input line 352.
(pdftex.def)             Requested size: 247.54149pt x 145.66908pt.


[29

 <./figures/RG_flow.pdf>]
Overfull \hbox (1.36574pt too wide) detected at line 352
\OT1/lmr/m/n/10.95 ^^A\OML/lmm/m/it/10.95 J[] \OT1/lmr/m/n/10.95 = []
 []

<figures/kondo_phase.pdf, id=473, 484.35658pt x 97.13278pt>
File: figures/kondo_phase.pdf Graphic file (type pdf)
<use figures/kondo_phase.pdf>
Package pdftex.def Info: figures/kondo_phase.pdf  used on input line 352.
(pdftex.def)             Requested size: 222.78583pt x 44.67717pt.


[30

 <./figures/kondo_phase.pdf>]
Overfull \hbox (1.36574pt too wide) detected at line 352
\OT1/lmr/m/n/10.95 ^^A\OML/lmm/m/it/10.95 J[] \OT1/lmr/m/n/10.95 = []
 []


Overfull \hbox (34.18927pt too wide) detected at line 352
| \OML/lmm/m/it/10.95 T[] \OT1/lmr/m/n/10.95 = [] [] [] \OML/lmm/m/it/10.95 ;   ^^X[] \OT1/lmr/m/n/10.95 = []
 []

<figures/Jstar_Xik.pdf, id=481, 1111.30368pt x 765.73271pt>
File: figures/Jstar_Xik.pdf Graphic file (type pdf)
<use figures/Jstar_Xik.pdf>
Package pdftex.def Info: figures/Jstar_Xik.pdf  used on input line 352.
(pdftex.def)             Requested size: 198.03394pt x 136.4472pt.


[31

 <./figures/Jstar_Xik.pdf>]
Overfull \hbox (1.36574pt too wide) detected at line 352
\OT1/lmr/m/n/10.95 ^^A\OML/lmm/m/it/10.95 J[] \OT1/lmr/m/n/10.95 = []
 []

<figures/TK.pdf, id=503, 1032.00461pt x 765.73271pt>
File: figures/TK.pdf Graphic file (type pdf)
<use figures/TK.pdf>
Package pdftex.def Info: figures/TK.pdf  used on input line 352.
(pdftex.def)             Requested size: 198.03394pt x 146.92787pt.


[32

 <./figures/TK.pdf>]
Overfull \hbox (1.36574pt too wide) detected at line 352
\OT1/lmr/m/n/10.95 ^^A\OML/lmm/m/it/10.95 J[] \OT1/lmr/m/n/10.95 = []
 []


Overfull \hbox (0.9825pt too wide) detected at line 352
\OML/lmm/m/it/10.95 H[] \OT1/lmr/m/n/10.95 = []  +  []
 []



[33

]
Overfull \hbox (1.36574pt too wide) detected at line 352
\OT1/lmr/m/n/10.95 ^^A\OML/lmm/m/it/10.95 J[] \OT1/lmr/m/n/10.95 = []
 []

<figures/KondoCouplingVst.pdf, id=541, 1017.96405pt x 760.26723pt>
File: figures/KondoCouplingVst.pdf Graphic file (type pdf)
<use figures/KondoCouplingVst.pdf>
Package pdftex.def Info: figures/KondoCouplingVst.pdf  used on input line 352.
(pdftex.def)             Requested size: 198.03394pt x 147.89769pt.


[34

 <./figures/KondoCouplingVst.pdf>]

[35

]

[36

]
<figures/kondo_zeromode.pdf, id=574, 356.64822pt x 151.8097pt>
File: figures/kondo_zeromode.pdf Graphic file (type pdf)
<use figures/kondo_zeromode.pdf>
Package pdftex.def Info: figures/kondo_zeromode.pdf  used on input line 421.
(pdftex.def)             Requested size: 165.02347pt x 70.2433pt.


[37

 <./figures/kondo_zeromode.pdf>]
<figures/chi_times_T_parts.pdf, id=592, 1144.02309pt x 765.8196pt>
File: figures/chi_times_T_parts.pdf Graphic file (type pdf)
<use figures/chi_times_T_parts.pdf>
Package pdftex.def Info: figures/chi_times_T_parts.pdf  used on input line 421.
(pdftex.def)             Requested size: 223.40608pt x 149.5504pt.
<figures/andrei.jpg, id=593, 150.5625pt x 175.65625pt>
File: figures/andrei.jpg Graphic file (type jpg)
<use figures/andrei.jpg>
Package pdftex.def Info: figures/andrei.jpg  used on input line 421.
(pdftex.def)             Requested size: 34.28633pt x 40.0pt.


[38

 <./figures/chi_times_T_parts.pdf> <./figures/andrei.jpg>]
<figures/WilsonNumber.pdf, id=620, 1068.69405pt x 760.26723pt>
File: figures/WilsonNumber.pdf Graphic file (type pdf)
<use figures/WilsonNumber.pdf>
Package pdftex.def Info: figures/WilsonNumber.pdf  used on input line 421.
(pdftex.def)             Requested size: 199.89172pt x 142.20172pt.


[39

 <./figures/WilsonNumber.pdf>]
<figures/chi_parts.pdf, id=642, 1125.67842pt x 765.8196pt>
File: figures/chi_parts.pdf Graphic file (type pdf)
<use figures/chi_parts.pdf>
Package pdftex.def Info: figures/chi_parts.pdf  used on input line 421.
(pdftex.def)             Requested size: 246.92401pt x 167.97835pt.

Overfull \hbox (11.75896pt too wide) in paragraph at lines 421--421
 [] 
 []



[40

 <./figures/chi_parts.pdf>]

[41

]

[42

]
LaTeX Font Info:    Font shape `T1/FiraSans-OsF/m/it' in size <10> not available
(Font)              Font shape `T1/FiraSans-OsF/regular/it' tried instead on input line 508.
LaTeX Font Info:    Font shape `T1/FiraSans-OsF/regular/it' will be
(Font)              scaled to size 10.0pt on input line 508.
<figures/hewson.jpg, id=679, 250.9375pt x 309.155pt>
File: figures/hewson.jpg Graphic file (type jpg)
<use figures/hewson.jpg>
Package pdftex.def Info: figures/hewson.jpg  used on input line 508.
(pdftex.def)             Requested size: 32.46602pt x 40.0pt.


[43

 <./figures/hewson.jpg>]
File: figures/hewson.jpg Graphic file (type jpg)
<use figures/hewson.jpg>
Package pdftex.def Info: figures/hewson.jpg  used on input line 508.
(pdftex.def)             Requested size: 32.46602pt x 40.0pt.


[44

]

[45

]
<figures/FL_self_energy.pdf, id=700, 920.86374pt x 642.24997pt>
File: figures/FL_self_energy.pdf Graphic file (type pdf)
<use figures/FL_self_energy.pdf>
Package pdftex.def Info: figures/FL_self_energy.pdf  used on input line 508.
(pdftex.def)             Requested size: 198.02942pt x 138.11044pt.


[46

 <./figures/FL_self_energy.pdf>]
Overfull \hbox (16.55544pt too wide) detected at line 508
\OML/lmm/m/it/10.95 C[] \OT1/lmr/m/n/10.95 = [] [] []
 []

<figures/gamma_imp.pdf, id=725, 1006.63664pt x 637.80232pt>
File: figures/gamma_imp.pdf Graphic file (type pdf)
<use figures/gamma_imp.pdf>
Package pdftex.def Info: figures/gamma_imp.pdf  used on input line 508.
(pdftex.def)             Requested size: 198.02942pt x 125.4658pt.


[47

 <./figures/gamma_imp.pdf>]
<figures/wilsonratio.pdf, id=749, 1011.07852pt x 637.80232pt>
File: figures/wilsonratio.pdf Graphic file (type pdf)
<use figures/wilsonratio.pdf>
Package pdftex.def Info: figures/wilsonratio.pdf  used on input line 508.
(pdftex.def)             Requested size: 222.78583pt x 140.53105pt.


[48

 <./figures/wilsonratio.pdf>]

[49

]
<figures/flowChart_new.pdf, id=781, 108.18732pt x 41.25394pt>
File: figures/flowChart_new.pdf Graphic file (type pdf)
<use figures/flowChart_new.pdf>
Package pdftex.def Info: figures/flowChart_new.pdf  used on input line 597.
(pdftex.def)             Requested size: 247.54149pt x 94.40549pt.


[50

 <./figures/flowChart_new.pdf>]
<figures/KC.pdf, id=796, 110.96698pt x 60.40994pt>
File: figures/KC.pdf Graphic file (type pdf)
<use figures/KC.pdf>
Package pdftex.def Info: figures/KC.pdf  used on input line 597.
(pdftex.def)             Requested size: 123.77074pt x 67.38303pt.


[51

 <./figures/KC.pdf>]
File: figures/KC.pdf Graphic file (type pdf)
<use figures/KC.pdf>
Package pdftex.def Info: figures/KC.pdf  used on input line 597.
(pdftex.def)             Requested size: 123.77074pt x 67.38303pt.
<figures/KC_2.pdf, id=809, 111.52927pt x 65.35077pt>
File: figures/KC_2.pdf Graphic file (type pdf)
<use figures/KC_2.pdf>
Package pdftex.def Info: figures/KC_2.pdf  used on input line 597.
(pdftex.def)             Requested size: 123.77074pt x 72.52724pt.


[52

 <./figures/KC_2.pdf>]
<figures/MIkondo.pdf, id=817, 1009.14276pt x 751.3777pt>
File: figures/MIkondo.pdf Graphic file (type pdf)
<use figures/MIkondo.pdf>
Package pdftex.def Info: figures/MIkondo.pdf  used on input line 597.
(pdftex.def)             Requested size: 222.7823pt x 165.87686pt.


[53

 <./figures/MIkondo.pdf>]
<figures/corrKondo.pdf, id=839, 1144.02309pt x 760.26723pt>
File: figures/corrKondo.pdf Graphic file (type pdf)
<use figures/corrKondo.pdf>
Package pdftex.def Info: figures/corrKondo.pdf  used on input line 597.
(pdftex.def)             Requested size: 222.7823pt x 148.0485pt.


[54

 <./figures/corrKondo.pdf>]

[55

]

[56

]

[57

]

[58

]

[59

]
<figures/am.png, id=890, 712.6625pt x 857.2025pt>
File: figures/am.png Graphic file (type png)
<use figures/am.png>
Package pdftex.def Info: figures/am.png  used on input line 631.
(pdftex.def)             Requested size: 49.88058pt x 60.0pt.
<figures/dp.jpg, id=891, 581.17125pt x 434.62375pt>
File: figures/dp.jpg Graphic file (type jpg)
<use figures/dp.jpg>
Package pdftex.def Info: figures/dp.jpg  used on input line 631.
(pdftex.def)             Requested size: 80.22832pt x 60.0pt.
<figures/ns.jpeg, id=892, 263.48438pt x 263.48438pt>
File: figures/ns.jpeg Graphic file (type jpg)
<use figures/ns.jpeg>
Package pdftex.def Info: figures/ns.jpeg  used on input line 631.
(pdftex.def)             Requested size: 59.99706pt x 60.0pt.
<figures/arghyat.png, id=893, 87.32625pt x 111.41624pt>
File: figures/arghyat.png Graphic file (type png)
<use figures/arghyat.png>
Package pdftex.def Info: figures/arghyat.png  used on input line 631.
(pdftex.def)             Requested size: 47.02754pt x 60.0pt.
<figures/slal.jpg, id=894, 700.6175pt x 876.27374pt>
File: figures/slal.jpg Graphic file (type jpg)
<use figures/slal.jpg>
Package pdftex.def Info: figures/slal.jpg  used on input line 631.
(pdftex.def)             Requested size: 47.96849pt x 60.0pt.


[60

 <./figures/am.png> <./figures/dp.jpg> <./figures/ns.jpeg> <./figures/arghyat.png> <./figures/slal.jpg>]

LaTeX Warning: Empty bibliography on input line 635.



[61

]

[62

]
<figures/kondo_spec_func.pdf, id=915, 1208.47261pt x 687.82085pt>
File: figures/kondo_spec_func.pdf Graphic file (type pdf)
<use figures/kondo_spec_func.pdf>
Package pdftex.def Info: figures/kondo_spec_func.pdf  used on input line 645.
(pdftex.def)             Requested size: 185.65297pt x 105.66655pt.
<figures/Kondo_length.pdf, id=916, 719.20593pt x 212.50893pt>
File: figures/Kondo_length.pdf Graphic file (type pdf)
<use figures/Kondo_length.pdf>
Package pdftex.def Info: figures/Kondo_length.pdf  used on input line 645.
(pdftex.def)             Requested size: 185.65297pt x 54.85541pt.


[63

 <./figures/kondo_spec_func.pdf> <./figures/Kondo_length.pdf>]
File: figures/chi_times_T_parts.pdf Graphic file (type pdf)
<use figures/chi_times_T_parts.pdf>
Package pdftex.def Info: figures/chi_times_T_parts.pdf  used on input line 650.
(pdftex.def)             Requested size: 185.65297pt x 124.27477pt.
<figures/entropy_therm.pdf, id=947, 1021.0177pt x 656.69186pt>
File: figures/entropy_therm.pdf Graphic file (type pdf)
<use figures/entropy_therm.pdf>
Package pdftex.def Info: figures/entropy_therm.pdf  used on input line 650.
(pdftex.def)             Requested size: 185.65297pt x 119.40187pt.


[64

 <./figures/entropy_therm.pdf>]
<figures/mut_I_ee.pdf, id=963, 739.75438pt x 515.34323pt>
File: figures/mut_I_ee.pdf Graphic file (type pdf)
<use figures/mut_I_ee.pdf>
Package pdftex.def Info: figures/mut_I_ee.pdf  used on input line 655.
(pdftex.def)             Requested size: 185.65297pt x 129.33089pt.
<figures/mut_I_ie.pdf, id=964, 753.51292pt x 515.34323pt>
File: figures/mut_I_ie.pdf Graphic file (type pdf)
<use figures/mut_I_ie.pdf>
Package pdftex.def Info: figures/mut_I_ie.pdf  used on input line 655.
(pdftex.def)             Requested size: 185.65297pt x 126.97183pt.


[65

 <./figures/mut_I_ee.pdf> <./figures/mut_I_ie.pdf

pdfTeX warning: pdflatex (file ./figures/mut_I_ie.pdf): PDF inclusion: multiple pdfs with page group included in a single page
>]
<figures/corr_opp.pdf, id=999, 670.15236pt x 515.34323pt>
File: figures/corr_opp.pdf Graphic file (type pdf)
<use figures/corr_opp.pdf>
Package pdftex.def Info: figures/corr_opp.pdf  used on input line 660.
(pdftex.def)             Requested size: 185.65297pt x 142.76173pt.
<figures/corr_od.pdf, id=1000, 680.38284pt x 515.34323pt>
File: figures/corr_od.pdf Graphic file (type pdf)
<use figures/corr_od.pdf>
Package pdftex.def Info: figures/corr_od.pdf  used on input line 660.
(pdftex.def)             Requested size: 185.65297pt x 140.615pt.


[66

 <./figures/corr_opp.pdf> <./figures/corr_od.pdf

pdfTeX warning: pdflatex (file ./figures/corr_od.pdf): PDF inclusion: multiple pdfs with page group included in a single page
>]
<figures/gen_siam_spec_func.pdf, id=1042, 1113.04492pt x 627.8023pt>
File: figures/gen_siam_spec_func.pdf Graphic file (type pdf)
<use figures/gen_siam_spec_func.pdf>
Package pdftex.def Info: figures/gen_siam_spec_func.pdf  used on input line 665.
(pdftex.def)             Requested size: 391.93546pt x 221.06564pt.

Overfull \vbox (2.10925pt too high) detected at line 665
 []



[67

 <./figures/gen_siam_spec_func.pdf>]
<figures/noz_1D.pdf, id=1059, 573.44052pt x 217.60785pt>
File: figures/noz_1D.pdf Graphic file (type pdf)
<use figures/noz_1D.pdf>
Package pdftex.def Info: figures/noz_1D.pdf  used on input line 698.
(pdftex.def)             Requested size: 148.52011pt x 56.35754pt.


[68

 <./figures/noz_1D.pdf>]
<figures/noz_1D_approx.pdf, id=1067, 369.28223pt x 137.4862pt>
File: figures/noz_1D_approx.pdf Graphic file (type pdf)
<use figures/noz_1D_approx.pdf>
Package pdftex.def Info: figures/noz_1D_approx.pdf  used on input line 698.
(pdftex.def)             Requested size: 148.52011pt x 55.29349pt.


[69

 <./figures/noz_1D_approx.pdf>]
<figures/lattice_eff.pdf, id=1075, 289.01169pt x 138.32745pt>
File: figures/lattice_eff.pdf Graphic file (type pdf)
<use figures/lattice_eff.pdf>
Package pdftex.def Info: figures/lattice_eff.pdf  used on input line 698.
(pdftex.def)             Requested size: 148.52011pt x 71.0864pt.


[70

 <./figures/lattice_eff.pdf>]
Overfull \hbox (3.05301pt too wide) detected at line 698
\OML/lmm/m/it/10.95 H[] \OT1/lmr/m/n/10.95 = \OMS/lmsy/m/n/10.95 jC[]jP[] ^^@ \OML/lmm/m/it/10.95 t [] []
 []

<figures/lattice_eff_full.pdf, id=1087, 469.9901pt x 138.32745pt>
File: figures/lattice_eff_full.pdf Graphic file (type pdf)
<use figures/lattice_eff_full.pdf>
Package pdftex.def Info: figures/lattice_eff_full.pdf  used on input line 698.
(pdftex.def)             Requested size: 148.52011pt x 43.71268pt.


[71

 <./figures/lattice_eff_full.pdf>]
\tf@nav=\write6
\openout6 = `kondo_presentation.nav'.

\tf@toc=\write7
\openout7 = `kondo_presentation.toc'.

\tf@snm=\write8
\openout8 = `kondo_presentation.snm'.

 (./kondo_presentation.aux)
 ***********
LaTeX2e <2024-11-01> patch level 2
L3 programming layer <2025-01-18>
 ***********


LaTeX Warning: There were undefined references.


LaTeX Warning: Label(s) may have changed. Rerun to get cross-references right.


Package biblatex Warning: Please (re)run BibTeX on the file(s):
(biblatex)                kondo_presentation
(biblatex)                and rerun LaTeX afterwards.

Package logreq Info: Writing requests to 'kondo_presentation.run.xml'.
\openout1 = `kondo_presentation.run.xml'.

 ) 
Here is how much of TeX's memory you used:
 34874 strings out of 475171
 695937 string characters out of 5767095
 1429825 words of memory out of 5000000
 57037 multiletter control sequences out of 15000+600000
 934259 words of font info for 120 fonts, out of 8000000 for 9000
 14 hyphenation exceptions out of 8191
 128i,16n,123p,1897b,2008s stack positions out of 10000i,1000n,20000p,200000b,200000s

pdfTeX warning (dest): name{cite.0@1dhubjhep} has been referenced but does not exist, replaced by a fixed one


pdfTeX warning (dest): name{cite.0@siddharthacpi} has been referenced but does not exist, replaced by a fixed one


pdfTeX warning (dest): name{cite.0@hewson1993} has been referenced but does not exist, replaced by a fixed one


pdfTeX warning (dest): name{cite.0@Goldhaber-Gordon1998} has been referenced but does not exist, replaced by a fixed one


pdfTeX warning (dest): name{cite.0@martin2019} has been referenced but does not exist, replaced by a fixed one


pdfTeX warning (dest): name{cite.0@haldane1978scaling} has been referenced but does not exist, replaced by a fixed one


pdfTeX warning (dest): name{cite.0@hrk_wilson_1980} has been referenced but does not exist, replaced by a fixed one


pdfTeX warning (dest): name{cite.0@sorensen_erik_affleck_1996} has been referenced but does not exist, replaced by a fixed one


pdfTeX warning (dest): name{cite.0@anirbanurg2} has been referenced but does not exist, replaced by a fixed one


pdfTeX warning (dest): name{cite.0@anirbanurg1} has been referenced but does not exist, replaced by a fixed one


pdfTeX warning (dest): name{cite.0@nozieres1974fermi} has been referenced but does not exist, replaced by a fixed one


pdfTeX warning (dest): name{cite.0@wiegmann_kondoexact_1981} has been referenced but does not exist, replaced by a fixed one


pdfTeX warning (dest): name{cite.0@andrei_kondo} has been referenced but does not exist, replaced by a fixed one


pdfTeX warning (dest): name{cite.0@andreiKondoreview} has been referenced but does not exist, replaced by a fixed one


pdfTeX warning (dest): name{cite.0@wilson1975} has been referenced but does not exist, replaced by a fixed one


pdfTeX warning (dest): name{cite.0@anderson1970} has been referenced but does not exist, replaced by a fixed one


pdfTeX warning (dest): name{cite.0@anderson1969exact} has been referenced but does not exist, replaced by a fixed one


pdfTeX warning (dest): name{cite.0@Schrieffer_Wolff} has been referenced but does not exist, replaced by a fixed one


pdfTeX warning (dest): name{cite.0@kondo1964resistance} has been referenced but does not exist, replaced by a fixed one

</usr/share/texmf-dist/fonts/type1/public/fira/FiraSans-Bold.pfb></usr/share/texmf-dist/fonts/type1/public/fira/FiraSans-Italic.pfb></usr/share/texmf-dist/fonts/type1/public/fira/FiraSans-Regular.pfb></usr/share/texmf-dist/fonts/type1/public/amsfonts/cm/cmmi12.pfb></usr/share/texmf-dist/fonts/type1/public/amsfonts/cm/cmr12.pfb></usr/share/texmf-dist/fonts/type1/public/amsfonts/cm/cmr17.pfb></usr/share/texmf-dist/fonts/type1/public/amsfonts/cm/cmss17.pfb></usr/share/texmf-dist/fonts/type1/public/amsfonts/cm/cmsy10.pfb></usr/share/texmf-dist/fonts/type1/public/lm/lmex10.pfb></usr/share/texmf-dist/fonts/type1/public/lm/lmmi10.pfb></usr/share/texmf-dist/fonts/type1/public/lm/lmmi12.pfb></usr/share/texmf-dist/fonts/type1/public/lm/lmmi6.pfb></usr/share/texmf-dist/fonts/type1/public/lm/lmmi8.pfb></usr/share/texmf-dist/fonts/type1/public/lm/lmr10.pfb></usr/share/texmf-dist/fonts/type1/public/lm/lmr6.pfb></usr/share/texmf-dist/fonts/type1/public/lm/lmr8.pfb></usr/share/texmf-dist/fonts/type1/public/lm/lmsy10.pfb></usr/share/texmf-dist/fonts/type1/public/lm/lmsy6.pfb></usr/share/texmf-dist/fonts/type1/public/lm/lmsy8.pfb></usr/share/texmf-dist/fonts/type1/public/amsfonts/symbols/msbm10.pfb>
Output written on kondo_presentation.pdf (71 pages, 3684906 bytes).
PDF statistics:
 1248 PDF objects out of 1440 (max. 8388607)
 1037 compressed objects within 11 object streams
 171 named destinations out of 1000 (max. 500000)
 400 words of extra memory for PDF output out of 10000 (max. 10000000)

